The system is: Darwin - 20.6.0 - x86_64
Compiling the C compiler identification source file "CMakeCCompilerId.c" succeeded.
Compiler: /usr/bin/clang 
Build flags: 
Id flags:  

The output was:
0


Compilation of the C compiler identification source "CMakeCCompilerId.c" produced "a.out"

The C compiler identification is AppleClang, found in "/Users/Chris/Desktop/Desktop/Study2022/Earino_2022/C++/Assignment_3/_helloWorld_fltk_gui_chapter12-2/build/CMakeFiles/3.22.3/CompilerIdC/a.out"

Compiling the CXX compiler identification source file "CMakeCXXCompilerId.cpp" succeeded.
Compiler: /usr/bin/clang++ 
Build flags: 
Id flags:  

The output was:
0


Compilation of the CXX compiler identification source "CMakeCXXCompilerId.cpp" produced "a.out"

The CXX compiler identification is AppleClang, found in "/Users/Chris/Desktop/Desktop/Study2022/Earino_2022/C++/Assignment_3/_helloWorld_fltk_gui_chapter12-2/build/CMakeFiles/3.22.3/CompilerIdCXX/a.out"

Detecting C compiler ABI info compiled with the following output:
Change Dir: /Users/Chris/Desktop/Desktop/Study2022/Earino_2022/C++/Assignment_3/_helloWorld_fltk_gui_chapter12-2/build/CMakeFiles/CMakeTmp

Run Build Command(s):/usr/bin/make -f Makefile cmTC_e3a7c/fast && /Library/Developer/CommandLineTools/usr/bin/make  -f CMakeFiles/cmTC_e3a7c.dir/build.make CMakeFiles/cmTC_e3a7c.dir/build
Building C object CMakeFiles/cmTC_e3a7c.dir/CMakeCCompilerABI.c.o
/usr/bin/clang   -isysroot /Library/Developer/CommandLineTools/SDKs/MacOSX11.3.sdk   -v -Wl,-v -MD -MT CMakeFiles/cmTC_e3a7c.dir/CMakeCCompilerABI.c.o -MF CMakeFiles/cmTC_e3a7c.dir/CMakeCCompilerABI.c.o.d -o CMakeFiles/cmTC_e3a7c.dir/CMakeCCompilerABI.c.o -c /usr/local/Cellar/cmake/3.22.3/share/cmake/Modules/CMakeCCompilerABI.c
Apple clang version 13.0.0 (clang-1300.0.29.3)
Target: x86_64-apple-darwin20.6.0
Thread model: posix
InstalledDir: /Library/Developer/CommandLineTools/usr/bin
clang: warning: -Wl,-v: 'linker' input unused [-Wunused-command-line-argument]
 "/Library/Developer/CommandLineTools/usr/bin/clang" -cc1 -triple x86_64-apple-macosx11.0.0 -Wundef-prefix=TARGET_OS_ -Wdeprecated-objc-isa-usage -Werror=deprecated-objc-isa-usage -Werror=implicit-function-declaration -emit-obj -mrelax-all --mrelax-relocations -disable-free -disable-llvm-verifier -discard-value-names -main-file-name CMakeCCompilerABI.c -mrelocation-model pic -pic-level 2 -mframe-pointer=all -fno-strict-return -fno-rounding-math -munwind-tables -target-sdk-version=11.3 -fvisibility-inlines-hidden-static-local-var -target-cpu penryn -tune-cpu generic -debugger-tuning=lldb -target-linker-version 711 -v -resource-dir /Library/Developer/CommandLineTools/usr/lib/clang/13.0.0 -dependency-file CMakeFiles/cmTC_e3a7c.dir/CMakeCCompilerABI.c.o.d -skip-unused-modulemap-deps -MT CMakeFiles/cmTC_e3a7c.dir/CMakeCCompilerABI.c.o -sys-header-deps -isysroot /Library/Developer/CommandLineTools/SDKs/MacOSX11.3.sdk -internal-isystem /Library/Developer/CommandLineTools/SDKs/MacOSX11.3.sdk/usr/local/include -internal-isystem /Library/Developer/CommandLineTools/usr/lib/clang/13.0.0/include -internal-externc-isystem /Library/Developer/CommandLineTools/SDKs/MacOSX11.3.sdk/usr/include -internal-externc-isystem /Library/Developer/CommandLineTools/usr/include -Wno-reorder-init-list -Wno-implicit-int-float-conversion -Wno-c99-designator -Wno-final-dtor-non-final-class -Wno-extra-semi-stmt -Wno-misleading-indentation -Wno-quoted-include-in-framework-header -Wno-implicit-fallthrough -Wno-enum-enum-conversion -Wno-enum-float-conversion -Wno-elaborated-enum-base -fdebug-compilation-dir /Users/Chris/Desktop/Desktop/Study2022/Earino_2022/C++/Assignment_3/_helloWorld_fltk_gui_chapter12-2/build/CMakeFiles/CMakeTmp -ferror-limit 19 -stack-protector 1 -fstack-check -mdarwin-stkchk-strong-link -fblocks -fencode-extended-block-signature -fregister-global-dtors-with-atexit -fgnuc-version=4.2.1 -fmax-type-align=16 -fcommon -clang-vendor-feature=+nullptrToBoolConversion -clang-vendor-feature=+messageToSelfInClassMethodIdReturnType -clang-vendor-feature=+disableInferNewAvailabilityFromInit -clang-vendor-feature=+disableNeonImmediateRangeCheck -clang-vendor-feature=+disableNonDependentMemberExprInCurrentInstantiation -fno-odr-hash-protocols -clang-vendor-feature=+revert09abecef7bbf -mllvm -disable-aligned-alloc-awareness=1 -mllvm -enable-dse-memoryssa=0 -o CMakeFiles/cmTC_e3a7c.dir/CMakeCCompilerABI.c.o -x c /usr/local/Cellar/cmake/3.22.3/share/cmake/Modules/CMakeCCompilerABI.c
clang -cc1 version 13.0.0 (clang-1300.0.29.3) default target x86_64-apple-darwin20.6.0
ignoring nonexistent directory "/Library/Developer/CommandLineTools/SDKs/MacOSX11.3.sdk/usr/local/include"
ignoring nonexistent directory "/Library/Developer/CommandLineTools/SDKs/MacOSX11.3.sdk/Library/Frameworks"
#include "..." search starts here:
#include <...> search starts here:
 /Library/Developer/CommandLineTools/usr/lib/clang/13.0.0/include
 /Library/Developer/CommandLineTools/SDKs/MacOSX11.3.sdk/usr/include
 /Library/Developer/CommandLineTools/usr/include
 /Library/Developer/CommandLineTools/SDKs/MacOSX11.3.sdk/System/Library/Frameworks (framework directory)
End of search list.
Linking C executable cmTC_e3a7c
/usr/local/Cellar/cmake/3.22.3/bin/cmake -E cmake_link_script CMakeFiles/cmTC_e3a7c.dir/link.txt --verbose=1
/usr/bin/clang  -isysroot /Library/Developer/CommandLineTools/SDKs/MacOSX11.3.sdk -Wl,-search_paths_first -Wl,-headerpad_max_install_names  -v -Wl,-v CMakeFiles/cmTC_e3a7c.dir/CMakeCCompilerABI.c.o -o cmTC_e3a7c 
Apple clang version 13.0.0 (clang-1300.0.29.3)
Target: x86_64-apple-darwin20.6.0
Thread model: posix
InstalledDir: /Library/Developer/CommandLineTools/usr/bin
 "/Library/Developer/CommandLineTools/usr/bin/ld" -demangle -lto_library /Library/Developer/CommandLineTools/usr/lib/libLTO.dylib -dynamic -arch x86_64 -platform_version macos 11.0.0 11.3 -syslibroot /Library/Developer/CommandLineTools/SDKs/MacOSX11.3.sdk -o cmTC_e3a7c -search_paths_first -headerpad_max_install_names -v CMakeFiles/cmTC_e3a7c.dir/CMakeCCompilerABI.c.o -lSystem /Library/Developer/CommandLineTools/usr/lib/clang/13.0.0/lib/darwin/libclang_rt.osx.a
@(#)PROGRAM:ld  PROJECT:ld64-711
BUILD 14:59:24 Aug 21 2021
configured to support archs: armv6 armv7 armv7s arm64 arm64e arm64_32 i386 x86_64 x86_64h armv6m armv7k armv7m armv7em
Library search paths:
	/Library/Developer/CommandLineTools/SDKs/MacOSX11.3.sdk/usr/lib
Framework search paths:
	/Library/Developer/CommandLineTools/SDKs/MacOSX11.3.sdk/System/Library/Frameworks/



Parsed C implicit include dir info from above output: rv=done
  found start of include info
  found start of implicit include info
    add: [/Library/Developer/CommandLineTools/usr/lib/clang/13.0.0/include]
    add: [/Library/Developer/CommandLineTools/SDKs/MacOSX11.3.sdk/usr/include]
    add: [/Library/Developer/CommandLineTools/usr/include]
  end of search list found
  collapse include dir [/Library/Developer/CommandLineTools/usr/lib/clang/13.0.0/include] ==> [/Library/Developer/CommandLineTools/usr/lib/clang/13.0.0/include]
  collapse include dir [/Library/Developer/CommandLineTools/SDKs/MacOSX11.3.sdk/usr/include] ==> [/Library/Developer/CommandLineTools/SDKs/MacOSX11.3.sdk/usr/include]
  collapse include dir [/Library/Developer/CommandLineTools/usr/include] ==> [/Library/Developer/CommandLineTools/usr/include]
  implicit include dirs: [/Library/Developer/CommandLineTools/usr/lib/clang/13.0.0/include;/Library/Developer/CommandLineTools/SDKs/MacOSX11.3.sdk/usr/include;/Library/Developer/CommandLineTools/usr/include]


Parsed C implicit link information from above output:
  link line regex: [^( *|.*[/\])(ld|CMAKE_LINK_STARTFILE-NOTFOUND|([^/\]+-)?ld|collect2)[^/\]*( |$)]
  ignore line: [Change Dir: /Users/Chris/Desktop/Desktop/Study2022/Earino_2022/C++/Assignment_3/_helloWorld_fltk_gui_chapter12-2/build/CMakeFiles/CMakeTmp]
  ignore line: []
  ignore line: [Run Build Command(s):/usr/bin/make -f Makefile cmTC_e3a7c/fast && /Library/Developer/CommandLineTools/usr/bin/make  -f CMakeFiles/cmTC_e3a7c.dir/build.make CMakeFiles/cmTC_e3a7c.dir/build]
  ignore line: [Building C object CMakeFiles/cmTC_e3a7c.dir/CMakeCCompilerABI.c.o]
  ignore line: [/usr/bin/clang   -isysroot /Library/Developer/CommandLineTools/SDKs/MacOSX11.3.sdk   -v -Wl -v -MD -MT CMakeFiles/cmTC_e3a7c.dir/CMakeCCompilerABI.c.o -MF CMakeFiles/cmTC_e3a7c.dir/CMakeCCompilerABI.c.o.d -o CMakeFiles/cmTC_e3a7c.dir/CMakeCCompilerABI.c.o -c /usr/local/Cellar/cmake/3.22.3/share/cmake/Modules/CMakeCCompilerABI.c]
  ignore line: [Apple clang version 13.0.0 (clang-1300.0.29.3)]
  ignore line: [Target: x86_64-apple-darwin20.6.0]
  ignore line: [Thread model: posix]
  ignore line: [InstalledDir: /Library/Developer/CommandLineTools/usr/bin]
  ignore line: [clang: warning: -Wl -v: 'linker' input unused [-Wunused-command-line-argument]]
  ignore line: [ "/Library/Developer/CommandLineTools/usr/bin/clang" -cc1 -triple x86_64-apple-macosx11.0.0 -Wundef-prefix=TARGET_OS_ -Wdeprecated-objc-isa-usage -Werror=deprecated-objc-isa-usage -Werror=implicit-function-declaration -emit-obj -mrelax-all --mrelax-relocations -disable-free -disable-llvm-verifier -discard-value-names -main-file-name CMakeCCompilerABI.c -mrelocation-model pic -pic-level 2 -mframe-pointer=all -fno-strict-return -fno-rounding-math -munwind-tables -target-sdk-version=11.3 -fvisibility-inlines-hidden-static-local-var -target-cpu penryn -tune-cpu generic -debugger-tuning=lldb -target-linker-version 711 -v -resource-dir /Library/Developer/CommandLineTools/usr/lib/clang/13.0.0 -dependency-file CMakeFiles/cmTC_e3a7c.dir/CMakeCCompilerABI.c.o.d -skip-unused-modulemap-deps -MT CMakeFiles/cmTC_e3a7c.dir/CMakeCCompilerABI.c.o -sys-header-deps -isysroot /Library/Developer/CommandLineTools/SDKs/MacOSX11.3.sdk -internal-isystem /Library/Developer/CommandLineTools/SDKs/MacOSX11.3.sdk/usr/local/include -internal-isystem /Library/Developer/CommandLineTools/usr/lib/clang/13.0.0/include -internal-externc-isystem /Library/Developer/CommandLineTools/SDKs/MacOSX11.3.sdk/usr/include -internal-externc-isystem /Library/Developer/CommandLineTools/usr/include -Wno-reorder-init-list -Wno-implicit-int-float-conversion -Wno-c99-designator -Wno-final-dtor-non-final-class -Wno-extra-semi-stmt -Wno-misleading-indentation -Wno-quoted-include-in-framework-header -Wno-implicit-fallthrough -Wno-enum-enum-conversion -Wno-enum-float-conversion -Wno-elaborated-enum-base -fdebug-compilation-dir /Users/Chris/Desktop/Desktop/Study2022/Earino_2022/C++/Assignment_3/_helloWorld_fltk_gui_chapter12-2/build/CMakeFiles/CMakeTmp -ferror-limit 19 -stack-protector 1 -fstack-check -mdarwin-stkchk-strong-link -fblocks -fencode-extended-block-signature -fregister-global-dtors-with-atexit -fgnuc-version=4.2.1 -fmax-type-align=16 -fcommon -clang-vendor-feature=+nullptrToBoolConversion -clang-vendor-feature=+messageToSelfInClassMethodIdReturnType -clang-vendor-feature=+disableInferNewAvailabilityFromInit -clang-vendor-feature=+disableNeonImmediateRangeCheck -clang-vendor-feature=+disableNonDependentMemberExprInCurrentInstantiation -fno-odr-hash-protocols -clang-vendor-feature=+revert09abecef7bbf -mllvm -disable-aligned-alloc-awareness=1 -mllvm -enable-dse-memoryssa=0 -o CMakeFiles/cmTC_e3a7c.dir/CMakeCCompilerABI.c.o -x c /usr/local/Cellar/cmake/3.22.3/share/cmake/Modules/CMakeCCompilerABI.c]
  ignore line: [clang -cc1 version 13.0.0 (clang-1300.0.29.3) default target x86_64-apple-darwin20.6.0]
  ignore line: [ignoring nonexistent directory "/Library/Developer/CommandLineTools/SDKs/MacOSX11.3.sdk/usr/local/include"]
  ignore line: [ignoring nonexistent directory "/Library/Developer/CommandLineTools/SDKs/MacOSX11.3.sdk/Library/Frameworks"]
  ignore line: [#include "..." search starts here:]
  ignore line: [#include <...> search starts here:]
  ignore line: [ /Library/Developer/CommandLineTools/usr/lib/clang/13.0.0/include]
  ignore line: [ /Library/Developer/CommandLineTools/SDKs/MacOSX11.3.sdk/usr/include]
  ignore line: [ /Library/Developer/CommandLineTools/usr/include]
  ignore line: [ /Library/Developer/CommandLineTools/SDKs/MacOSX11.3.sdk/System/Library/Frameworks (framework directory)]
  ignore line: [End of search list.]
  ignore line: [Linking C executable cmTC_e3a7c]
  ignore line: [/usr/local/Cellar/cmake/3.22.3/bin/cmake -E cmake_link_script CMakeFiles/cmTC_e3a7c.dir/link.txt --verbose=1]
  ignore line: [/usr/bin/clang  -isysroot /Library/Developer/CommandLineTools/SDKs/MacOSX11.3.sdk -Wl -search_paths_first -Wl -headerpad_max_install_names  -v -Wl -v CMakeFiles/cmTC_e3a7c.dir/CMakeCCompilerABI.c.o -o cmTC_e3a7c ]
  ignore line: [Apple clang version 13.0.0 (clang-1300.0.29.3)]
  ignore line: [Target: x86_64-apple-darwin20.6.0]
  ignore line: [Thread model: posix]
  ignore line: [InstalledDir: /Library/Developer/CommandLineTools/usr/bin]
  link line: [ "/Library/Developer/CommandLineTools/usr/bin/ld" -demangle -lto_library /Library/Developer/CommandLineTools/usr/lib/libLTO.dylib -dynamic -arch x86_64 -platform_version macos 11.0.0 11.3 -syslibroot /Library/Developer/CommandLineTools/SDKs/MacOSX11.3.sdk -o cmTC_e3a7c -search_paths_first -headerpad_max_install_names -v CMakeFiles/cmTC_e3a7c.dir/CMakeCCompilerABI.c.o -lSystem /Library/Developer/CommandLineTools/usr/lib/clang/13.0.0/lib/darwin/libclang_rt.osx.a]
    arg [/Library/Developer/CommandLineTools/usr/bin/ld] ==> ignore
    arg [-demangle] ==> ignore
    arg [-lto_library] ==> ignore, skip following value
    arg [/Library/Developer/CommandLineTools/usr/lib/libLTO.dylib] ==> skip value of -lto_library
    arg [-dynamic] ==> ignore
    arg [-arch] ==> ignore
    arg [x86_64] ==> ignore
    arg [-platform_version] ==> ignore
    arg [macos] ==> ignore
    arg [11.0.0] ==> ignore
    arg [11.3] ==> ignore
    arg [-syslibroot] ==> ignore
    arg [/Library/Developer/CommandLineTools/SDKs/MacOSX11.3.sdk] ==> ignore
    arg [-o] ==> ignore
    arg [cmTC_e3a7c] ==> ignore
    arg [-search_paths_first] ==> ignore
    arg [-headerpad_max_install_names] ==> ignore
    arg [-v] ==> ignore
    arg [CMakeFiles/cmTC_e3a7c.dir/CMakeCCompilerABI.c.o] ==> ignore
    arg [-lSystem] ==> lib [System]
    arg [/Library/Developer/CommandLineTools/usr/lib/clang/13.0.0/lib/darwin/libclang_rt.osx.a] ==> lib [/Library/Developer/CommandLineTools/usr/lib/clang/13.0.0/lib/darwin/libclang_rt.osx.a]
  Library search paths: [;/Library/Developer/CommandLineTools/SDKs/MacOSX11.3.sdk/usr/lib]
  Framework search paths: [;/Library/Developer/CommandLineTools/SDKs/MacOSX11.3.sdk/System/Library/Frameworks/]
  remove lib [System]
  remove lib [/Library/Developer/CommandLineTools/usr/lib/clang/13.0.0/lib/darwin/libclang_rt.osx.a]
  collapse library dir [/Library/Developer/CommandLineTools/SDKs/MacOSX11.3.sdk/usr/lib] ==> [/Library/Developer/CommandLineTools/SDKs/MacOSX11.3.sdk/usr/lib]
  collapse framework dir [/Library/Developer/CommandLineTools/SDKs/MacOSX11.3.sdk/System/Library/Frameworks/] ==> [/Library/Developer/CommandLineTools/SDKs/MacOSX11.3.sdk/System/Library/Frameworks]
  implicit libs: []
  implicit objs: []
  implicit dirs: [/Library/Developer/CommandLineTools/SDKs/MacOSX11.3.sdk/usr/lib]
  implicit fwks: [/Library/Developer/CommandLineTools/SDKs/MacOSX11.3.sdk/System/Library/Frameworks]


Detecting CXX compiler ABI info compiled with the following output:
Change Dir: /Users/Chris/Desktop/Desktop/Study2022/Earino_2022/C++/Assignment_3/_helloWorld_fltk_gui_chapter12-2/build/CMakeFiles/CMakeTmp

Run Build Command(s):/usr/bin/make -f Makefile cmTC_f06fb/fast && /Library/Developer/CommandLineTools/usr/bin/make  -f CMakeFiles/cmTC_f06fb.dir/build.make CMakeFiles/cmTC_f06fb.dir/build
Building CXX object CMakeFiles/cmTC_f06fb.dir/CMakeCXXCompilerABI.cpp.o
/usr/bin/clang++   -isysroot /Library/Developer/CommandLineTools/SDKs/MacOSX11.3.sdk   -v -Wl,-v -MD -MT CMakeFiles/cmTC_f06fb.dir/CMakeCXXCompilerABI.cpp.o -MF CMakeFiles/cmTC_f06fb.dir/CMakeCXXCompilerABI.cpp.o.d -o CMakeFiles/cmTC_f06fb.dir/CMakeCXXCompilerABI.cpp.o -c /usr/local/Cellar/cmake/3.22.3/share/cmake/Modules/CMakeCXXCompilerABI.cpp
Apple clang version 13.0.0 (clang-1300.0.29.3)
Target: x86_64-apple-darwin20.6.0
Thread model: posix
InstalledDir: /Library/Developer/CommandLineTools/usr/bin
clang: warning: -Wl,-v: 'linker' input unused [-Wunused-command-line-argument]
 "/Library/Developer/CommandLineTools/usr/bin/clang" -cc1 -triple x86_64-apple-macosx11.0.0 -Wundef-prefix=TARGET_OS_ -Wdeprecated-objc-isa-usage -Werror=deprecated-objc-isa-usage -Werror=implicit-function-declaration -emit-obj -mrelax-all --mrelax-relocations -disable-free -disable-llvm-verifier -discard-value-names -main-file-name CMakeCXXCompilerABI.cpp -mrelocation-model pic -pic-level 2 -mframe-pointer=all -fno-strict-return -fno-rounding-math -munwind-tables -target-sdk-version=11.3 -fvisibility-inlines-hidden-static-local-var -target-cpu penryn -tune-cpu generic -debugger-tuning=lldb -target-linker-version 711 -v -resource-dir /Library/Developer/CommandLineTools/usr/lib/clang/13.0.0 -dependency-file CMakeFiles/cmTC_f06fb.dir/CMakeCXXCompilerABI.cpp.o.d -skip-unused-modulemap-deps -MT CMakeFiles/cmTC_f06fb.dir/CMakeCXXCompilerABI.cpp.o -sys-header-deps -isysroot /Library/Developer/CommandLineTools/SDKs/MacOSX11.3.sdk -stdlib=libc++ -internal-isystem /Library/Developer/CommandLineTools/SDKs/MacOSX11.3.sdk/usr/include/c++/v1 -internal-isystem /Library/Developer/CommandLineTools/SDKs/MacOSX11.3.sdk/usr/local/include -internal-isystem /Library/Developer/CommandLineTools/usr/lib/clang/13.0.0/include -internal-externc-isystem /Library/Developer/CommandLineTools/SDKs/MacOSX11.3.sdk/usr/include -internal-externc-isystem /Library/Developer/CommandLineTools/usr/include -Wno-reorder-init-list -Wno-implicit-int-float-conversion -Wno-c99-designator -Wno-final-dtor-non-final-class -Wno-extra-semi-stmt -Wno-misleading-indentation -Wno-quoted-include-in-framework-header -Wno-implicit-fallthrough -Wno-enum-enum-conversion -Wno-enum-float-conversion -Wno-elaborated-enum-base -fdeprecated-macro -fdebug-compilation-dir /Users/Chris/Desktop/Desktop/Study2022/Earino_2022/C++/Assignment_3/_helloWorld_fltk_gui_chapter12-2/build/CMakeFiles/CMakeTmp -ferror-limit 19 -stack-protector 1 -fstack-check -mdarwin-stkchk-strong-link -fblocks -fencode-extended-block-signature -fregister-global-dtors-with-atexit -fgnuc-version=4.2.1 -fno-cxx-modules -fcxx-exceptions -fexceptions -fmax-type-align=16 -fcommon -clang-vendor-feature=+nullptrToBoolConversion -clang-vendor-feature=+messageToSelfInClassMethodIdReturnType -clang-vendor-feature=+disableInferNewAvailabilityFromInit -clang-vendor-feature=+disableNeonImmediateRangeCheck -clang-vendor-feature=+disableNonDependentMemberExprInCurrentInstantiation -fno-odr-hash-protocols -clang-vendor-feature=+revert09abecef7bbf -mllvm -disable-aligned-alloc-awareness=1 -mllvm -enable-dse-memoryssa=0 -o CMakeFiles/cmTC_f06fb.dir/CMakeCXXCompilerABI.cpp.o -x c++ /usr/local/Cellar/cmake/3.22.3/share/cmake/Modules/CMakeCXXCompilerABI.cpp
clang -cc1 version 13.0.0 (clang-1300.0.29.3) default target x86_64-apple-darwin20.6.0
ignoring nonexistent directory "/Library/Developer/CommandLineTools/SDKs/MacOSX11.3.sdk/usr/local/include"
ignoring nonexistent directory "/Library/Developer/CommandLineTools/SDKs/MacOSX11.3.sdk/Library/Frameworks"
#include "..." search starts here:
#include <...> search starts here:
 /Library/Developer/CommandLineTools/SDKs/MacOSX11.3.sdk/usr/include/c++/v1
 /Library/Developer/CommandLineTools/usr/lib/clang/13.0.0/include
 /Library/Developer/CommandLineTools/SDKs/MacOSX11.3.sdk/usr/include
 /Library/Developer/CommandLineTools/usr/include
 /Library/Developer/CommandLineTools/SDKs/MacOSX11.3.sdk/System/Library/Frameworks (framework directory)
End of search list.
Linking CXX executable cmTC_f06fb
/usr/local/Cellar/cmake/3.22.3/bin/cmake -E cmake_link_script CMakeFiles/cmTC_f06fb.dir/link.txt --verbose=1
/usr/bin/clang++  -isysroot /Library/Developer/CommandLineTools/SDKs/MacOSX11.3.sdk -Wl,-search_paths_first -Wl,-headerpad_max_install_names  -v -Wl,-v CMakeFiles/cmTC_f06fb.dir/CMakeCXXCompilerABI.cpp.o -o cmTC_f06fb 
Apple clang version 13.0.0 (clang-1300.0.29.3)
Target: x86_64-apple-darwin20.6.0
Thread model: posix
InstalledDir: /Library/Developer/CommandLineTools/usr/bin
 "/Library/Developer/CommandLineTools/usr/bin/ld" -demangle -lto_library /Library/Developer/CommandLineTools/usr/lib/libLTO.dylib -dynamic -arch x86_64 -platform_version macos 11.0.0 11.3 -syslibroot /Library/Developer/CommandLineTools/SDKs/MacOSX11.3.sdk -o cmTC_f06fb -search_paths_first -headerpad_max_install_names -v CMakeFiles/cmTC_f06fb.dir/CMakeCXXCompilerABI.cpp.o -lc++ -lSystem /Library/Developer/CommandLineTools/usr/lib/clang/13.0.0/lib/darwin/libclang_rt.osx.a
@(#)PROGRAM:ld  PROJECT:ld64-711
BUILD 14:59:24 Aug 21 2021
configured to support archs: armv6 armv7 armv7s arm64 arm64e arm64_32 i386 x86_64 x86_64h armv6m armv7k armv7m armv7em
Library search paths:
	/Library/Developer/CommandLineTools/SDKs/MacOSX11.3.sdk/usr/lib
Framework search paths:
	/Library/Developer/CommandLineTools/SDKs/MacOSX11.3.sdk/System/Library/Frameworks/



Parsed CXX implicit include dir info from above output: rv=done
  found start of include info
  found start of implicit include info
    add: [/Library/Developer/CommandLineTools/SDKs/MacOSX11.3.sdk/usr/include/c++/v1]
    add: [/Library/Developer/CommandLineTools/usr/lib/clang/13.0.0/include]
    add: [/Library/Developer/CommandLineTools/SDKs/MacOSX11.3.sdk/usr/include]
    add: [/Library/Developer/CommandLineTools/usr/include]
  end of search list found
  collapse include dir [/Library/Developer/CommandLineTools/SDKs/MacOSX11.3.sdk/usr/include/c++/v1] ==> [/Library/Developer/CommandLineTools/SDKs/MacOSX11.3.sdk/usr/include/c++/v1]
  collapse include dir [/Library/Developer/CommandLineTools/usr/lib/clang/13.0.0/include] ==> [/Library/Developer/CommandLineTools/usr/lib/clang/13.0.0/include]
  collapse include dir [/Library/Developer/CommandLineTools/SDKs/MacOSX11.3.sdk/usr/include] ==> [/Library/Developer/CommandLineTools/SDKs/MacOSX11.3.sdk/usr/include]
  collapse include dir [/Library/Developer/CommandLineTools/usr/include] ==> [/Library/Developer/CommandLineTools/usr/include]
  implicit include dirs: [/Library/Developer/CommandLineTools/SDKs/MacOSX11.3.sdk/usr/include/c++/v1;/Library/Developer/CommandLineTools/usr/lib/clang/13.0.0/include;/Library/Developer/CommandLineTools/SDKs/MacOSX11.3.sdk/usr/include;/Library/Developer/CommandLineTools/usr/include]


Parsed CXX implicit link information from above output:
  link line regex: [^( *|.*[/\])(ld|CMAKE_LINK_STARTFILE-NOTFOUND|([^/\]+-)?ld|collect2)[^/\]*( |$)]
  ignore line: [Change Dir: /Users/Chris/Desktop/Desktop/Study2022/Earino_2022/C++/Assignment_3/_helloWorld_fltk_gui_chapter12-2/build/CMakeFiles/CMakeTmp]
  ignore line: []
  ignore line: [Run Build Command(s):/usr/bin/make -f Makefile cmTC_f06fb/fast && /Library/Developer/CommandLineTools/usr/bin/make  -f CMakeFiles/cmTC_f06fb.dir/build.make CMakeFiles/cmTC_f06fb.dir/build]
  ignore line: [Building CXX object CMakeFiles/cmTC_f06fb.dir/CMakeCXXCompilerABI.cpp.o]
  ignore line: [/usr/bin/clang++   -isysroot /Library/Developer/CommandLineTools/SDKs/MacOSX11.3.sdk   -v -Wl -v -MD -MT CMakeFiles/cmTC_f06fb.dir/CMakeCXXCompilerABI.cpp.o -MF CMakeFiles/cmTC_f06fb.dir/CMakeCXXCompilerABI.cpp.o.d -o CMakeFiles/cmTC_f06fb.dir/CMakeCXXCompilerABI.cpp.o -c /usr/local/Cellar/cmake/3.22.3/share/cmake/Modules/CMakeCXXCompilerABI.cpp]
  ignore line: [Apple clang version 13.0.0 (clang-1300.0.29.3)]
  ignore line: [Target: x86_64-apple-darwin20.6.0]
  ignore line: [Thread model: posix]
  ignore line: [InstalledDir: /Library/Developer/CommandLineTools/usr/bin]
  ignore line: [clang: warning: -Wl -v: 'linker' input unused [-Wunused-command-line-argument]]
  ignore line: [ "/Library/Developer/CommandLineTools/usr/bin/clang" -cc1 -triple x86_64-apple-macosx11.0.0 -Wundef-prefix=TARGET_OS_ -Wdeprecated-objc-isa-usage -Werror=deprecated-objc-isa-usage -Werror=implicit-function-declaration -emit-obj -mrelax-all --mrelax-relocations -disable-free -disable-llvm-verifier -discard-value-names -main-file-name CMakeCXXCompilerABI.cpp -mrelocation-model pic -pic-level 2 -mframe-pointer=all -fno-strict-return -fno-rounding-math -munwind-tables -target-sdk-version=11.3 -fvisibility-inlines-hidden-static-local-var -target-cpu penryn -tune-cpu generic -debugger-tuning=lldb -target-linker-version 711 -v -resource-dir /Library/Developer/CommandLineTools/usr/lib/clang/13.0.0 -dependency-file CMakeFiles/cmTC_f06fb.dir/CMakeCXXCompilerABI.cpp.o.d -skip-unused-modulemap-deps -MT CMakeFiles/cmTC_f06fb.dir/CMakeCXXCompilerABI.cpp.o -sys-header-deps -isysroot /Library/Developer/CommandLineTools/SDKs/MacOSX11.3.sdk -stdlib=libc++ -internal-isystem /Library/Developer/CommandLineTools/SDKs/MacOSX11.3.sdk/usr/include/c++/v1 -internal-isystem /Library/Developer/CommandLineTools/SDKs/MacOSX11.3.sdk/usr/local/include -internal-isystem /Library/Developer/CommandLineTools/usr/lib/clang/13.0.0/include -internal-externc-isystem /Library/Developer/CommandLineTools/SDKs/MacOSX11.3.sdk/usr/include -internal-externc-isystem /Library/Developer/CommandLineTools/usr/include -Wno-reorder-init-list -Wno-implicit-int-float-conversion -Wno-c99-designator -Wno-final-dtor-non-final-class -Wno-extra-semi-stmt -Wno-misleading-indentation -Wno-quoted-include-in-framework-header -Wno-implicit-fallthrough -Wno-enum-enum-conversion -Wno-enum-float-conversion -Wno-elaborated-enum-base -fdeprecated-macro -fdebug-compilation-dir /Users/Chris/Desktop/Desktop/Study2022/Earino_2022/C++/Assignment_3/_helloWorld_fltk_gui_chapter12-2/build/CMakeFiles/CMakeTmp -ferror-limit 19 -stack-protector 1 -fstack-check -mdarwin-stkchk-strong-link -fblocks -fencode-extended-block-signature -fregister-global-dtors-with-atexit -fgnuc-version=4.2.1 -fno-cxx-modules -fcxx-exceptions -fexceptions -fmax-type-align=16 -fcommon -clang-vendor-feature=+nullptrToBoolConversion -clang-vendor-feature=+messageToSelfInClassMethodIdReturnType -clang-vendor-feature=+disableInferNewAvailabilityFromInit -clang-vendor-feature=+disableNeonImmediateRangeCheck -clang-vendor-feature=+disableNonDependentMemberExprInCurrentInstantiation -fno-odr-hash-protocols -clang-vendor-feature=+revert09abecef7bbf -mllvm -disable-aligned-alloc-awareness=1 -mllvm -enable-dse-memoryssa=0 -o CMakeFiles/cmTC_f06fb.dir/CMakeCXXCompilerABI.cpp.o -x c++ /usr/local/Cellar/cmake/3.22.3/share/cmake/Modules/CMakeCXXCompilerABI.cpp]
  ignore line: [clang -cc1 version 13.0.0 (clang-1300.0.29.3) default target x86_64-apple-darwin20.6.0]
  ignore line: [ignoring nonexistent directory "/Library/Developer/CommandLineTools/SDKs/MacOSX11.3.sdk/usr/local/include"]
  ignore line: [ignoring nonexistent directory "/Library/Developer/CommandLineTools/SDKs/MacOSX11.3.sdk/Library/Frameworks"]
  ignore line: [#include "..." search starts here:]
  ignore line: [#include <...> search starts here:]
  ignore line: [ /Library/Developer/CommandLineTools/SDKs/MacOSX11.3.sdk/usr/include/c++/v1]
  ignore line: [ /Library/Developer/CommandLineTools/usr/lib/clang/13.0.0/include]
  ignore line: [ /Library/Developer/CommandLineTools/SDKs/MacOSX11.3.sdk/usr/include]
  ignore line: [ /Library/Developer/CommandLineTools/usr/include]
  ignore line: [ /Library/Developer/CommandLineTools/SDKs/MacOSX11.3.sdk/System/Library/Frameworks (framework directory)]
  ignore line: [End of search list.]
  ignore line: [Linking CXX executable cmTC_f06fb]
  ignore line: [/usr/local/Cellar/cmake/3.22.3/bin/cmake -E cmake_link_script CMakeFiles/cmTC_f06fb.dir/link.txt --verbose=1]
  ignore line: [/usr/bin/clang++  -isysroot /Library/Developer/CommandLineTools/SDKs/MacOSX11.3.sdk -Wl -search_paths_first -Wl -headerpad_max_install_names  -v -Wl -v CMakeFiles/cmTC_f06fb.dir/CMakeCXXCompilerABI.cpp.o -o cmTC_f06fb ]
  ignore line: [Apple clang version 13.0.0 (clang-1300.0.29.3)]
  ignore line: [Target: x86_64-apple-darwin20.6.0]
  ignore line: [Thread model: posix]
  ignore line: [InstalledDir: /Library/Developer/CommandLineTools/usr/bin]
  link line: [ "/Library/Developer/CommandLineTools/usr/bin/ld" -demangle -lto_library /Library/Developer/CommandLineTools/usr/lib/libLTO.dylib -dynamic -arch x86_64 -platform_version macos 11.0.0 11.3 -syslibroot /Library/Developer/CommandLineTools/SDKs/MacOSX11.3.sdk -o cmTC_f06fb -search_paths_first -headerpad_max_install_names -v CMakeFiles/cmTC_f06fb.dir/CMakeCXXCompilerABI.cpp.o -lc++ -lSystem /Library/Developer/CommandLineTools/usr/lib/clang/13.0.0/lib/darwin/libclang_rt.osx.a]
    arg [/Library/Developer/CommandLineTools/usr/bin/ld] ==> ignore
    arg [-demangle] ==> ignore
    arg [-lto_library] ==> ignore, skip following value
    arg [/Library/Developer/CommandLineTools/usr/lib/libLTO.dylib] ==> skip value of -lto_library
    arg [-dynamic] ==> ignore
    arg [-arch] ==> ignore
    arg [x86_64] ==> ignore
    arg [-platform_version] ==> ignore
    arg [macos] ==> ignore
    arg [11.0.0] ==> ignore
    arg [11.3] ==> ignore
    arg [-syslibroot] ==> ignore
    arg [/Library/Developer/CommandLineTools/SDKs/MacOSX11.3.sdk] ==> ignore
    arg [-o] ==> ignore
    arg [cmTC_f06fb] ==> ignore
    arg [-search_paths_first] ==> ignore
    arg [-headerpad_max_install_names] ==> ignore
    arg [-v] ==> ignore
    arg [CMakeFiles/cmTC_f06fb.dir/CMakeCXXCompilerABI.cpp.o] ==> ignore
    arg [-lc++] ==> lib [c++]
    arg [-lSystem] ==> lib [System]
    arg [/Library/Developer/CommandLineTools/usr/lib/clang/13.0.0/lib/darwin/libclang_rt.osx.a] ==> lib [/Library/Developer/CommandLineTools/usr/lib/clang/13.0.0/lib/darwin/libclang_rt.osx.a]
  Library search paths: [;/Library/Developer/CommandLineTools/SDKs/MacOSX11.3.sdk/usr/lib]
  Framework search paths: [;/Library/Developer/CommandLineTools/SDKs/MacOSX11.3.sdk/System/Library/Frameworks/]
  remove lib [System]
  remove lib [/Library/Developer/CommandLineTools/usr/lib/clang/13.0.0/lib/darwin/libclang_rt.osx.a]
  collapse library dir [/Library/Developer/CommandLineTools/SDKs/MacOSX11.3.sdk/usr/lib] ==> [/Library/Developer/CommandLineTools/SDKs/MacOSX11.3.sdk/usr/lib]
  collapse framework dir [/Library/Developer/CommandLineTools/SDKs/MacOSX11.3.sdk/System/Library/Frameworks/] ==> [/Library/Developer/CommandLineTools/SDKs/MacOSX11.3.sdk/System/Library/Frameworks]
  implicit libs: [c++]
  implicit objs: []
  implicit dirs: [/Library/Developer/CommandLineTools/SDKs/MacOSX11.3.sdk/usr/lib]
  implicit fwks: [/Library/Developer/CommandLineTools/SDKs/MacOSX11.3.sdk/System/Library/Frameworks]


Determining if the include file sys/types.h exists passed with the following output:
Change Dir: /Users/Chris/Desktop/Desktop/Study2022/Earino_2022/C++/Assignment_3/_helloWorld_fltk_gui_chapter12-2/build/CMakeFiles/CMakeTmp

Run Build Command(s):/usr/bin/make -f Makefile cmTC_97fad/fast && /Library/Developer/CommandLineTools/usr/bin/make  -f CMakeFiles/cmTC_97fad.dir/build.make CMakeFiles/cmTC_97fad.dir/build
Building C object CMakeFiles/cmTC_97fad.dir/CheckIncludeFile.c.o
/usr/bin/clang   -isysroot /Library/Developer/CommandLineTools/SDKs/MacOSX11.3.sdk -MD -MT CMakeFiles/cmTC_97fad.dir/CheckIncludeFile.c.o -MF CMakeFiles/cmTC_97fad.dir/CheckIncludeFile.c.o.d -o CMakeFiles/cmTC_97fad.dir/CheckIncludeFile.c.o -c /Users/Chris/Desktop/Desktop/Study2022/Earino_2022/C++/Assignment_3/_helloWorld_fltk_gui_chapter12-2/build/CMakeFiles/CMakeTmp/CheckIncludeFile.c
Linking C executable cmTC_97fad
/usr/local/Cellar/cmake/3.22.3/bin/cmake -E cmake_link_script CMakeFiles/cmTC_97fad.dir/link.txt --verbose=1
/usr/bin/clang  -isysroot /Library/Developer/CommandLineTools/SDKs/MacOSX11.3.sdk -Wl,-search_paths_first -Wl,-headerpad_max_install_names CMakeFiles/cmTC_97fad.dir/CheckIncludeFile.c.o -o cmTC_97fad 



Determining if the include file stdint.h exists passed with the following output:
Change Dir: /Users/Chris/Desktop/Desktop/Study2022/Earino_2022/C++/Assignment_3/_helloWorld_fltk_gui_chapter12-2/build/CMakeFiles/CMakeTmp

Run Build Command(s):/usr/bin/make -f Makefile cmTC_a9a4e/fast && /Library/Developer/CommandLineTools/usr/bin/make  -f CMakeFiles/cmTC_a9a4e.dir/build.make CMakeFiles/cmTC_a9a4e.dir/build
Building C object CMakeFiles/cmTC_a9a4e.dir/CheckIncludeFile.c.o
/usr/bin/clang   -isysroot /Library/Developer/CommandLineTools/SDKs/MacOSX11.3.sdk -MD -MT CMakeFiles/cmTC_a9a4e.dir/CheckIncludeFile.c.o -MF CMakeFiles/cmTC_a9a4e.dir/CheckIncludeFile.c.o.d -o CMakeFiles/cmTC_a9a4e.dir/CheckIncludeFile.c.o -c /Users/Chris/Desktop/Desktop/Study2022/Earino_2022/C++/Assignment_3/_helloWorld_fltk_gui_chapter12-2/build/CMakeFiles/CMakeTmp/CheckIncludeFile.c
Linking C executable cmTC_a9a4e
/usr/local/Cellar/cmake/3.22.3/bin/cmake -E cmake_link_script CMakeFiles/cmTC_a9a4e.dir/link.txt --verbose=1
/usr/bin/clang  -isysroot /Library/Developer/CommandLineTools/SDKs/MacOSX11.3.sdk -Wl,-search_paths_first -Wl,-headerpad_max_install_names CMakeFiles/cmTC_a9a4e.dir/CheckIncludeFile.c.o -o cmTC_a9a4e 



Determining if the include file stddef.h exists passed with the following output:
Change Dir: /Users/Chris/Desktop/Desktop/Study2022/Earino_2022/C++/Assignment_3/_helloWorld_fltk_gui_chapter12-2/build/CMakeFiles/CMakeTmp

Run Build Command(s):/usr/bin/make -f Makefile cmTC_642ec/fast && /Library/Developer/CommandLineTools/usr/bin/make  -f CMakeFiles/cmTC_642ec.dir/build.make CMakeFiles/cmTC_642ec.dir/build
Building C object CMakeFiles/cmTC_642ec.dir/CheckIncludeFile.c.o
/usr/bin/clang   -isysroot /Library/Developer/CommandLineTools/SDKs/MacOSX11.3.sdk -MD -MT CMakeFiles/cmTC_642ec.dir/CheckIncludeFile.c.o -MF CMakeFiles/cmTC_642ec.dir/CheckIncludeFile.c.o.d -o CMakeFiles/cmTC_642ec.dir/CheckIncludeFile.c.o -c /Users/Chris/Desktop/Desktop/Study2022/Earino_2022/C++/Assignment_3/_helloWorld_fltk_gui_chapter12-2/build/CMakeFiles/CMakeTmp/CheckIncludeFile.c
Linking C executable cmTC_642ec
/usr/local/Cellar/cmake/3.22.3/bin/cmake -E cmake_link_script CMakeFiles/cmTC_642ec.dir/link.txt --verbose=1
/usr/bin/clang  -isysroot /Library/Developer/CommandLineTools/SDKs/MacOSX11.3.sdk -Wl,-search_paths_first -Wl,-headerpad_max_install_names CMakeFiles/cmTC_642ec.dir/CheckIncludeFile.c.o -o cmTC_642ec 



Determining size of short passed with the following output:
Change Dir: /Users/Chris/Desktop/Desktop/Study2022/Earino_2022/C++/Assignment_3/_helloWorld_fltk_gui_chapter12-2/build/CMakeFiles/CMakeTmp

Run Build Command(s):/usr/bin/make -f Makefile cmTC_3aa17/fast && /Library/Developer/CommandLineTools/usr/bin/make  -f CMakeFiles/cmTC_3aa17.dir/build.make CMakeFiles/cmTC_3aa17.dir/build
Building C object CMakeFiles/cmTC_3aa17.dir/SIZEOF_SHORT.c.o
/usr/bin/clang   -isysroot /Library/Developer/CommandLineTools/SDKs/MacOSX11.3.sdk -MD -MT CMakeFiles/cmTC_3aa17.dir/SIZEOF_SHORT.c.o -MF CMakeFiles/cmTC_3aa17.dir/SIZEOF_SHORT.c.o.d -o CMakeFiles/cmTC_3aa17.dir/SIZEOF_SHORT.c.o -c /Users/Chris/Desktop/Desktop/Study2022/Earino_2022/C++/Assignment_3/_helloWorld_fltk_gui_chapter12-2/build/CMakeFiles/CheckTypeSize/SIZEOF_SHORT.c
Linking C executable cmTC_3aa17
/usr/local/Cellar/cmake/3.22.3/bin/cmake -E cmake_link_script CMakeFiles/cmTC_3aa17.dir/link.txt --verbose=1
/usr/bin/clang  -isysroot /Library/Developer/CommandLineTools/SDKs/MacOSX11.3.sdk -Wl,-search_paths_first -Wl,-headerpad_max_install_names CMakeFiles/cmTC_3aa17.dir/SIZEOF_SHORT.c.o -o cmTC_3aa17 



Determining size of int passed with the following output:
Change Dir: /Users/Chris/Desktop/Desktop/Study2022/Earino_2022/C++/Assignment_3/_helloWorld_fltk_gui_chapter12-2/build/CMakeFiles/CMakeTmp

Run Build Command(s):/usr/bin/make -f Makefile cmTC_5c44f/fast && /Library/Developer/CommandLineTools/usr/bin/make  -f CMakeFiles/cmTC_5c44f.dir/build.make CMakeFiles/cmTC_5c44f.dir/build
Building C object CMakeFiles/cmTC_5c44f.dir/SIZEOF_INT.c.o
/usr/bin/clang   -isysroot /Library/Developer/CommandLineTools/SDKs/MacOSX11.3.sdk -MD -MT CMakeFiles/cmTC_5c44f.dir/SIZEOF_INT.c.o -MF CMakeFiles/cmTC_5c44f.dir/SIZEOF_INT.c.o.d -o CMakeFiles/cmTC_5c44f.dir/SIZEOF_INT.c.o -c /Users/Chris/Desktop/Desktop/Study2022/Earino_2022/C++/Assignment_3/_helloWorld_fltk_gui_chapter12-2/build/CMakeFiles/CheckTypeSize/SIZEOF_INT.c
Linking C executable cmTC_5c44f
/usr/local/Cellar/cmake/3.22.3/bin/cmake -E cmake_link_script CMakeFiles/cmTC_5c44f.dir/link.txt --verbose=1
/usr/bin/clang  -isysroot /Library/Developer/CommandLineTools/SDKs/MacOSX11.3.sdk -Wl,-search_paths_first -Wl,-headerpad_max_install_names CMakeFiles/cmTC_5c44f.dir/SIZEOF_INT.c.o -o cmTC_5c44f 



Determining size of long passed with the following output:
Change Dir: /Users/Chris/Desktop/Desktop/Study2022/Earino_2022/C++/Assignment_3/_helloWorld_fltk_gui_chapter12-2/build/CMakeFiles/CMakeTmp

Run Build Command(s):/usr/bin/make -f Makefile cmTC_569e6/fast && /Library/Developer/CommandLineTools/usr/bin/make  -f CMakeFiles/cmTC_569e6.dir/build.make CMakeFiles/cmTC_569e6.dir/build
Building C object CMakeFiles/cmTC_569e6.dir/SIZEOF_LONG.c.o
/usr/bin/clang   -isysroot /Library/Developer/CommandLineTools/SDKs/MacOSX11.3.sdk -MD -MT CMakeFiles/cmTC_569e6.dir/SIZEOF_LONG.c.o -MF CMakeFiles/cmTC_569e6.dir/SIZEOF_LONG.c.o.d -o CMakeFiles/cmTC_569e6.dir/SIZEOF_LONG.c.o -c /Users/Chris/Desktop/Desktop/Study2022/Earino_2022/C++/Assignment_3/_helloWorld_fltk_gui_chapter12-2/build/CMakeFiles/CheckTypeSize/SIZEOF_LONG.c
Linking C executable cmTC_569e6
/usr/local/Cellar/cmake/3.22.3/bin/cmake -E cmake_link_script CMakeFiles/cmTC_569e6.dir/link.txt --verbose=1
/usr/bin/clang  -isysroot /Library/Developer/CommandLineTools/SDKs/MacOSX11.3.sdk -Wl,-search_paths_first -Wl,-headerpad_max_install_names CMakeFiles/cmTC_569e6.dir/SIZEOF_LONG.c.o -o cmTC_569e6 



Determining size of long long passed with the following output:
Change Dir: /Users/Chris/Desktop/Desktop/Study2022/Earino_2022/C++/Assignment_3/_helloWorld_fltk_gui_chapter12-2/build/CMakeFiles/CMakeTmp

Run Build Command(s):/usr/bin/make -f Makefile cmTC_e544c/fast && /Library/Developer/CommandLineTools/usr/bin/make  -f CMakeFiles/cmTC_e544c.dir/build.make CMakeFiles/cmTC_e544c.dir/build
Building C object CMakeFiles/cmTC_e544c.dir/HAVE_LONG_LONG.c.o
/usr/bin/clang   -isysroot /Library/Developer/CommandLineTools/SDKs/MacOSX11.3.sdk -MD -MT CMakeFiles/cmTC_e544c.dir/HAVE_LONG_LONG.c.o -MF CMakeFiles/cmTC_e544c.dir/HAVE_LONG_LONG.c.o.d -o CMakeFiles/cmTC_e544c.dir/HAVE_LONG_LONG.c.o -c /Users/Chris/Desktop/Desktop/Study2022/Earino_2022/C++/Assignment_3/_helloWorld_fltk_gui_chapter12-2/build/CMakeFiles/CheckTypeSize/HAVE_LONG_LONG.c
Linking C executable cmTC_e544c
/usr/local/Cellar/cmake/3.22.3/bin/cmake -E cmake_link_script CMakeFiles/cmTC_e544c.dir/link.txt --verbose=1
/usr/bin/clang  -isysroot /Library/Developer/CommandLineTools/SDKs/MacOSX11.3.sdk -Wl,-search_paths_first -Wl,-headerpad_max_install_names CMakeFiles/cmTC_e544c.dir/HAVE_LONG_LONG.c.o -o cmTC_e544c 



Determining if the function dlsym exists passed with the following output:
Change Dir: /Users/Chris/Desktop/Desktop/Study2022/Earino_2022/C++/Assignment_3/_helloWorld_fltk_gui_chapter12-2/build/CMakeFiles/CMakeTmp

Run Build Command(s):/usr/bin/make -f Makefile cmTC_97cdb/fast && /Library/Developer/CommandLineTools/usr/bin/make  -f CMakeFiles/cmTC_97cdb.dir/build.make CMakeFiles/cmTC_97cdb.dir/build
Building C object CMakeFiles/cmTC_97cdb.dir/CheckFunctionExists.c.o
/usr/bin/clang   -DCHECK_FUNCTION_EXISTS=dlsym -isysroot /Library/Developer/CommandLineTools/SDKs/MacOSX11.3.sdk -MD -MT CMakeFiles/cmTC_97cdb.dir/CheckFunctionExists.c.o -MF CMakeFiles/cmTC_97cdb.dir/CheckFunctionExists.c.o.d -o CMakeFiles/cmTC_97cdb.dir/CheckFunctionExists.c.o -c /usr/local/Cellar/cmake/3.22.3/share/cmake/Modules/CheckFunctionExists.c
Linking C executable cmTC_97cdb
/usr/local/Cellar/cmake/3.22.3/bin/cmake -E cmake_link_script CMakeFiles/cmTC_97cdb.dir/link.txt --verbose=1
/usr/bin/clang  -DCHECK_FUNCTION_EXISTS=dlsym -isysroot /Library/Developer/CommandLineTools/SDKs/MacOSX11.3.sdk -Wl,-search_paths_first -Wl,-headerpad_max_install_names CMakeFiles/cmTC_97cdb.dir/CheckFunctionExists.c.o -o cmTC_97cdb 



Determining if the function localeconv exists passed with the following output:
Change Dir: /Users/Chris/Desktop/Desktop/Study2022/Earino_2022/C++/Assignment_3/_helloWorld_fltk_gui_chapter12-2/build/CMakeFiles/CMakeTmp

Run Build Command(s):/usr/bin/make -f Makefile cmTC_6aa74/fast && /Library/Developer/CommandLineTools/usr/bin/make  -f CMakeFiles/cmTC_6aa74.dir/build.make CMakeFiles/cmTC_6aa74.dir/build
Building C object CMakeFiles/cmTC_6aa74.dir/CheckFunctionExists.c.o
/usr/bin/clang   -DCHECK_FUNCTION_EXISTS=localeconv -isysroot /Library/Developer/CommandLineTools/SDKs/MacOSX11.3.sdk -MD -MT CMakeFiles/cmTC_6aa74.dir/CheckFunctionExists.c.o -MF CMakeFiles/cmTC_6aa74.dir/CheckFunctionExists.c.o.d -o CMakeFiles/cmTC_6aa74.dir/CheckFunctionExists.c.o -c /usr/local/Cellar/cmake/3.22.3/share/cmake/Modules/CheckFunctionExists.c
Linking C executable cmTC_6aa74
/usr/local/Cellar/cmake/3.22.3/bin/cmake -E cmake_link_script CMakeFiles/cmTC_6aa74.dir/link.txt --verbose=1
/usr/bin/clang  -DCHECK_FUNCTION_EXISTS=localeconv -isysroot /Library/Developer/CommandLineTools/SDKs/MacOSX11.3.sdk -Wl,-search_paths_first -Wl,-headerpad_max_install_names CMakeFiles/cmTC_6aa74.dir/CheckFunctionExists.c.o -o cmTC_6aa74 



Determining if the function png_get_valid exists passed with the following output:
Change Dir: /Users/Chris/Desktop/Desktop/Study2022/Earino_2022/C++/Assignment_3/_helloWorld_fltk_gui_chapter12-2/build/CMakeFiles/CMakeTmp

Run Build Command(s):/usr/bin/make -f Makefile cmTC_0db83/fast && /Library/Developer/CommandLineTools/usr/bin/make  -f CMakeFiles/cmTC_0db83.dir/build.make CMakeFiles/cmTC_0db83.dir/build
Building C object CMakeFiles/cmTC_0db83.dir/CheckFunctionExists.c.o
/usr/bin/clang   -DCHECK_FUNCTION_EXISTS=png_get_valid -isysroot /Library/Developer/CommandLineTools/SDKs/MacOSX11.3.sdk -MD -MT CMakeFiles/cmTC_0db83.dir/CheckFunctionExists.c.o -MF CMakeFiles/cmTC_0db83.dir/CheckFunctionExists.c.o.d -o CMakeFiles/cmTC_0db83.dir/CheckFunctionExists.c.o -c /usr/local/Cellar/cmake/3.22.3/share/cmake/Modules/CheckFunctionExists.c
Linking C executable cmTC_0db83
/usr/local/Cellar/cmake/3.22.3/bin/cmake -E cmake_link_script CMakeFiles/cmTC_0db83.dir/link.txt --verbose=1
/usr/bin/clang  -DCHECK_FUNCTION_EXISTS=png_get_valid -isysroot /Library/Developer/CommandLineTools/SDKs/MacOSX11.3.sdk -Wl,-search_paths_first -Wl,-headerpad_max_install_names CMakeFiles/cmTC_0db83.dir/CheckFunctionExists.c.o -o cmTC_0db83  /usr/local/lib/libpng.dylib 



Determining if the function png_set_tRNS_to_alpha exists passed with the following output:
Change Dir: /Users/Chris/Desktop/Desktop/Study2022/Earino_2022/C++/Assignment_3/_helloWorld_fltk_gui_chapter12-2/build/CMakeFiles/CMakeTmp

Run Build Command(s):/usr/bin/make -f Makefile cmTC_72ade/fast && /Library/Developer/CommandLineTools/usr/bin/make  -f CMakeFiles/cmTC_72ade.dir/build.make CMakeFiles/cmTC_72ade.dir/build
Building C object CMakeFiles/cmTC_72ade.dir/CheckFunctionExists.c.o
/usr/bin/clang   -DCHECK_FUNCTION_EXISTS=png_set_tRNS_to_alpha -isysroot /Library/Developer/CommandLineTools/SDKs/MacOSX11.3.sdk -MD -MT CMakeFiles/cmTC_72ade.dir/CheckFunctionExists.c.o -MF CMakeFiles/cmTC_72ade.dir/CheckFunctionExists.c.o.d -o CMakeFiles/cmTC_72ade.dir/CheckFunctionExists.c.o -c /usr/local/Cellar/cmake/3.22.3/share/cmake/Modules/CheckFunctionExists.c
Linking C executable cmTC_72ade
/usr/local/Cellar/cmake/3.22.3/bin/cmake -E cmake_link_script CMakeFiles/cmTC_72ade.dir/link.txt --verbose=1
/usr/bin/clang  -DCHECK_FUNCTION_EXISTS=png_set_tRNS_to_alpha -isysroot /Library/Developer/CommandLineTools/SDKs/MacOSX11.3.sdk -Wl,-search_paths_first -Wl,-headerpad_max_install_names CMakeFiles/cmTC_72ade.dir/CheckFunctionExists.c.o -o cmTC_72ade  /usr/local/lib/libpng.dylib 



Determining if the function strlcat exists passed with the following output:
Change Dir: /Users/Chris/Desktop/Desktop/Study2022/Earino_2022/C++/Assignment_3/_helloWorld_fltk_gui_chapter12-2/build/CMakeFiles/CMakeTmp

Run Build Command(s):/usr/bin/make -f Makefile cmTC_e2826/fast && /Library/Developer/CommandLineTools/usr/bin/make  -f CMakeFiles/cmTC_e2826.dir/build.make CMakeFiles/cmTC_e2826.dir/build
Building C object CMakeFiles/cmTC_e2826.dir/CheckFunctionExists.c.o
/usr/bin/clang   -DCHECK_FUNCTION_EXISTS=strlcat -isysroot /Library/Developer/CommandLineTools/SDKs/MacOSX11.3.sdk -MD -MT CMakeFiles/cmTC_e2826.dir/CheckFunctionExists.c.o -MF CMakeFiles/cmTC_e2826.dir/CheckFunctionExists.c.o.d -o CMakeFiles/cmTC_e2826.dir/CheckFunctionExists.c.o -c /usr/local/Cellar/cmake/3.22.3/share/cmake/Modules/CheckFunctionExists.c
/usr/local/Cellar/cmake/3.22.3/share/cmake/Modules/CheckFunctionExists.c:7:3: warning: incompatible redeclaration of library function 'strlcat' [-Wincompatible-library-redeclaration]
  CHECK_FUNCTION_EXISTS(void);
  ^
<command line>:1:31: note: expanded from here
#define CHECK_FUNCTION_EXISTS strlcat
                              ^
/usr/local/Cellar/cmake/3.22.3/share/cmake/Modules/CheckFunctionExists.c:7:3: note: 'strlcat' is a builtin with type 'unsigned long (char *, const char *, unsigned long)'
<command line>:1:31: note: expanded from here
#define CHECK_FUNCTION_EXISTS strlcat
                              ^
1 warning generated.
Linking C executable cmTC_e2826
/usr/local/Cellar/cmake/3.22.3/bin/cmake -E cmake_link_script CMakeFiles/cmTC_e2826.dir/link.txt --verbose=1
/usr/bin/clang  -DCHECK_FUNCTION_EXISTS=strlcat -isysroot /Library/Developer/CommandLineTools/SDKs/MacOSX11.3.sdk -Wl,-search_paths_first -Wl,-headerpad_max_install_names CMakeFiles/cmTC_e2826.dir/CheckFunctionExists.c.o -o cmTC_e2826 



Determining if the function strlcpy exists passed with the following output:
Change Dir: /Users/Chris/Desktop/Desktop/Study2022/Earino_2022/C++/Assignment_3/_helloWorld_fltk_gui_chapter12-2/build/CMakeFiles/CMakeTmp

Run Build Command(s):/usr/bin/make -f Makefile cmTC_5d552/fast && /Library/Developer/CommandLineTools/usr/bin/make  -f CMakeFiles/cmTC_5d552.dir/build.make CMakeFiles/cmTC_5d552.dir/build
Building C object CMakeFiles/cmTC_5d552.dir/CheckFunctionExists.c.o
/usr/bin/clang   -DCHECK_FUNCTION_EXISTS=strlcpy -isysroot /Library/Developer/CommandLineTools/SDKs/MacOSX11.3.sdk -MD -MT CMakeFiles/cmTC_5d552.dir/CheckFunctionExists.c.o -MF CMakeFiles/cmTC_5d552.dir/CheckFunctionExists.c.o.d -o CMakeFiles/cmTC_5d552.dir/CheckFunctionExists.c.o -c /usr/local/Cellar/cmake/3.22.3/share/cmake/Modules/CheckFunctionExists.c
/usr/local/Cellar/cmake/3.22.3/share/cmake/Modules/CheckFunctionExists.c:7:3: warning: incompatible redeclaration of library function 'strlcpy' [-Wincompatible-library-redeclaration]
  CHECK_FUNCTION_EXISTS(void);
  ^
<command line>:1:31: note: expanded from here
#define CHECK_FUNCTION_EXISTS strlcpy
                              ^
/usr/local/Cellar/cmake/3.22.3/share/cmake/Modules/CheckFunctionExists.c:7:3: note: 'strlcpy' is a builtin with type 'unsigned long (char *, const char *, unsigned long)'
<command line>:1:31: note: expanded from here
#define CHECK_FUNCTION_EXISTS strlcpy
                              ^
1 warning generated.
Linking C executable cmTC_5d552
/usr/local/Cellar/cmake/3.22.3/bin/cmake -E cmake_link_script CMakeFiles/cmTC_5d552.dir/link.txt --verbose=1
/usr/bin/clang  -DCHECK_FUNCTION_EXISTS=strlcpy -isysroot /Library/Developer/CommandLineTools/SDKs/MacOSX11.3.sdk -Wl,-search_paths_first -Wl,-headerpad_max_install_names CMakeFiles/cmTC_5d552.dir/CheckFunctionExists.c.o -o cmTC_5d552 



Determining if the include file pthread.h exists passed with the following output:
Change Dir: /Users/Chris/Desktop/Desktop/Study2022/Earino_2022/C++/Assignment_3/_helloWorld_fltk_gui_chapter12-2/build/CMakeFiles/CMakeTmp

Run Build Command(s):/usr/bin/make -f Makefile cmTC_57496/fast && /Library/Developer/CommandLineTools/usr/bin/make  -f CMakeFiles/cmTC_57496.dir/build.make CMakeFiles/cmTC_57496.dir/build
Building C object CMakeFiles/cmTC_57496.dir/CheckIncludeFile.c.o
/usr/bin/clang  -I/Library/Developer/CommandLineTools/SDKs/MacOSX11.3.sdk/System/Library/Frameworks/OpenGL.framework/GL -isysroot /Library/Developer/CommandLineTools/SDKs/MacOSX11.3.sdk -MD -MT CMakeFiles/cmTC_57496.dir/CheckIncludeFile.c.o -MF CMakeFiles/cmTC_57496.dir/CheckIncludeFile.c.o.d -o CMakeFiles/cmTC_57496.dir/CheckIncludeFile.c.o -c /Users/Chris/Desktop/Desktop/Study2022/Earino_2022/C++/Assignment_3/_helloWorld_fltk_gui_chapter12-2/build/CMakeFiles/CMakeTmp/CheckIncludeFile.c
Linking C executable cmTC_57496
/usr/local/Cellar/cmake/3.22.3/bin/cmake -E cmake_link_script CMakeFiles/cmTC_57496.dir/link.txt --verbose=1
/usr/bin/clang  -isysroot /Library/Developer/CommandLineTools/SDKs/MacOSX11.3.sdk -Wl,-search_paths_first -Wl,-headerpad_max_install_names CMakeFiles/cmTC_57496.dir/CheckIncludeFile.c.o -o cmTC_57496 



Performing C SOURCE FILE Test CMAKE_HAVE_LIBC_PTHREAD succeeded with the following output:
Change Dir: /Users/Chris/Desktop/Desktop/Study2022/Earino_2022/C++/Assignment_3/_helloWorld_fltk_gui_chapter12-2/build/CMakeFiles/CMakeTmp

Run Build Command(s):/usr/bin/make -f Makefile cmTC_b416e/fast && /Library/Developer/CommandLineTools/usr/bin/make  -f CMakeFiles/cmTC_b416e.dir/build.make CMakeFiles/cmTC_b416e.dir/build
Building C object CMakeFiles/cmTC_b416e.dir/src.c.o
/usr/bin/clang -DCMAKE_HAVE_LIBC_PTHREAD -I/Library/Developer/CommandLineTools/SDKs/MacOSX11.3.sdk/System/Library/Frameworks/OpenGL.framework/GL -isysroot /Library/Developer/CommandLineTools/SDKs/MacOSX11.3.sdk -MD -MT CMakeFiles/cmTC_b416e.dir/src.c.o -MF CMakeFiles/cmTC_b416e.dir/src.c.o.d -o CMakeFiles/cmTC_b416e.dir/src.c.o -c /Users/Chris/Desktop/Desktop/Study2022/Earino_2022/C++/Assignment_3/_helloWorld_fltk_gui_chapter12-2/build/CMakeFiles/CMakeTmp/src.c
Linking C executable cmTC_b416e
/usr/local/Cellar/cmake/3.22.3/bin/cmake -E cmake_link_script CMakeFiles/cmTC_b416e.dir/link.txt --verbose=1
/usr/bin/clang  -isysroot /Library/Developer/CommandLineTools/SDKs/MacOSX11.3.sdk -Wl,-search_paths_first -Wl,-headerpad_max_install_names CMakeFiles/cmTC_b416e.dir/src.c.o -o cmTC_b416e 


Source file was:
#include <pthread.h>

static void* test_func(void* data)
{
  return data;
}

int main(void)
{
  pthread_t thread;
  pthread_create(&thread, NULL, test_func, NULL);
  pthread_detach(thread);
  pthread_cancel(thread);
  pthread_join(thread, NULL);
  pthread_atfork(NULL, NULL, NULL);
  pthread_exit(NULL);

  return 0;
}

