Detecting C compiler ABI info failed to compile with the following output:
Change Dir: /Users/Chris/Desktop/Study2022/Earino 2022/C++/Second/build/CMakeFiles/CMakeTmp

Run Build Command(s):/usr/bin/make -f Makefile cmTC_da1f7/fast && /Library/Developer/CommandLineTools/usr/bin/make  -f CMakeFiles/cmTC_da1f7.dir/build.make CMakeFiles/cmTC_da1f7.dir/build
Building C object CMakeFiles/cmTC_da1f7.dir/CMakeCCompilerABI.c.o
/usr/local/bin/x86_64-w64-mingw32-gcc-11.2.0   -isysroot /Library/Developer/CommandLineTools/SDKs/MacOSX11.3.sdk   -v -Wl,-v -o CMakeFiles/cmTC_da1f7.dir/CMakeCCompilerABI.c.o -c /usr/local/Cellar/cmake/3.22.2/share/cmake/Modules/CMakeCCompilerABI.c
Using built-in specs.
COLLECT_GCC=/usr/local/bin/x86_64-w64-mingw32-gcc-11.2.0
Target: x86_64-w64-mingw32
Configured with: ../configure --target=x86_64-w64-mingw32 --with-sysroot=/usr/local/Cellar/mingw-w64/9.0.0_3/toolchain-x86_64 --prefix=/usr/local/Cellar/mingw-w64/9.0.0_3/toolchain-x86_64 --with-bugurl=https://github.com/Homebrew/homebrew-core/issues --enable-languages=c,c++,fortran --with-ld=/usr/local/Cellar/mingw-w64/9.0.0_3/toolchain-x86_64/bin/x86_64-w64-mingw32-ld --with-as=/usr/local/Cellar/mingw-w64/9.0.0_3/toolchain-x86_64/bin/x86_64-w64-mingw32-as --with-gmp=/usr/local/opt/gmp --with-mpfr=/usr/local/opt/mpfr --with-mpc=/usr/local/opt/libmpc --with-isl=/usr/local/opt/isl --with-zstd=no --disable-multilib --disable-nls --enable-threads=posix
Thread model: posix
Supported LTO compression algorithms: zlib
gcc version 11.2.0 (GCC) 
COLLECT_GCC_OPTIONS='-isysroot' '/Library/Developer/CommandLineTools/SDKs/MacOSX11.3.sdk' '-v' '-o' 'CMakeFiles/cmTC_da1f7.dir/CMakeCCompilerABI.c.o' '-c' '-mtune=generic' '-march=x86-64' '-dumpdir' 'CMakeFiles/cmTC_da1f7.dir/'
 /usr/local/Cellar/mingw-w64/9.0.0_3/toolchain-x86_64/libexec/gcc/x86_64-w64-mingw32/11.2.0/cc1 -quiet -v -D_REENTRANT -isysroot /Library/Developer/CommandLineTools/SDKs/MacOSX11.3.sdk /usr/local/Cellar/cmake/3.22.2/share/cmake/Modules/CMakeCCompilerABI.c -quiet -dumpdir CMakeFiles/cmTC_da1f7.dir/ -dumpbase CMakeCCompilerABI.c.c -dumpbase-ext .c -mtune=generic -march=x86-64 -version -o /var/folders/zc/lq6xhv5j67730jglj7f0m3fm0000gn/T//cckj44ED.s
GNU C17 (GCC) version 11.2.0 (x86_64-w64-mingw32)
	compiled by GNU C version Apple LLVM 13.0.0 (clang-1300.0.29.30), GMP version 6.2.1, MPFR version 4.1.0, MPC version 1.2.1, isl version isl-0.24-GMP

GGC heuristics: --param ggc-min-expand=100 --param ggc-min-heapsize=131072
ignoring nonexistent directory "/Library/Developer/CommandLineTools/SDKs/MacOSX11.3.sdk/usr/local/include"
ignoring nonexistent directory "/Library/Developer/CommandLineTools/SDKs/MacOSX11.3.sdk/mingw/include"
#include "..." search starts here:
#include <...> search starts here:
 /usr/local/Cellar/mingw-w64/9.0.0_3/toolchain-x86_64/lib/gcc/x86_64-w64-mingw32/11.2.0/include
 /usr/local/Cellar/mingw-w64/9.0.0_3/toolchain-x86_64/lib/gcc/x86_64-w64-mingw32/11.2.0/include-fixed
 /usr/local/Cellar/mingw-w64/9.0.0_3/toolchain-x86_64/lib/gcc/x86_64-w64-mingw32/11.2.0/../../../../x86_64-w64-mingw32/include
End of search list.
GNU C17 (GCC) version 11.2.0 (x86_64-w64-mingw32)
	compiled by GNU C version Apple LLVM 13.0.0 (clang-1300.0.29.30), GMP version 6.2.1, MPFR version 4.1.0, MPC version 1.2.1, isl version isl-0.24-GMP

GGC heuristics: --param ggc-min-expand=100 --param ggc-min-heapsize=131072
Compiler executable checksum: b7b5f11645750dce82729982c7aaa063
COLLECT_GCC_OPTIONS='-isysroot' '/Library/Developer/CommandLineTools/SDKs/MacOSX11.3.sdk' '-v' '-o' 'CMakeFiles/cmTC_da1f7.dir/CMakeCCompilerABI.c.o' '-c' '-mtune=generic' '-march=x86-64' '-dumpdir' 'CMakeFiles/cmTC_da1f7.dir/'
 /usr/local/Cellar/mingw-w64/9.0.0_3/toolchain-x86_64/bin/x86_64-w64-mingw32-as -v -o CMakeFiles/cmTC_da1f7.dir/CMakeCCompilerABI.c.o /var/folders/zc/lq6xhv5j67730jglj7f0m3fm0000gn/T//cckj44ED.s
GNU assembler version 2.38 (x86_64-w64-mingw32) using BFD version (GNU Binutils) 2.38
COMPILER_PATH=/usr/local/Cellar/mingw-w64/9.0.0_3/toolchain-x86_64/libexec/gcc/x86_64-w64-mingw32/11.2.0/:/usr/local/Cellar/mingw-w64/9.0.0_3/toolchain-x86_64/libexec/gcc/x86_64-w64-mingw32/11.2.0/:/usr/local/Cellar/mingw-w64/9.0.0_3/toolchain-x86_64/libexec/gcc/x86_64-w64-mingw32/:/usr/local/Cellar/mingw-w64/9.0.0_3/toolchain-x86_64/lib/gcc/x86_64-w64-mingw32/11.2.0/:/usr/local/Cellar/mingw-w64/9.0.0_3/toolchain-x86_64/lib/gcc/x86_64-w64-mingw32/:/usr/local/Cellar/mingw-w64/9.0.0_3/toolchain-x86_64/lib/gcc/x86_64-w64-mingw32/11.2.0/../../../../x86_64-w64-mingw32/bin/
LIBRARY_PATH=/usr/local/Cellar/mingw-w64/9.0.0_3/toolchain-x86_64/lib/gcc/x86_64-w64-mingw32/11.2.0/:/usr/local/Cellar/mingw-w64/9.0.0_3/toolchain-x86_64/lib/gcc/x86_64-w64-mingw32/11.2.0/../../../../x86_64-w64-mingw32/lib/../lib/:/usr/local/Cellar/mingw-w64/9.0.0_3/toolchain-x86_64/mingw/lib/../lib/:/usr/local/Cellar/mingw-w64/9.0.0_3/toolchain-x86_64/lib/gcc/x86_64-w64-mingw32/11.2.0/../../../../x86_64-w64-mingw32/lib/:/usr/local/Cellar/mingw-w64/9.0.0_3/toolchain-x86_64/mingw/lib/
COLLECT_GCC_OPTIONS='-isysroot' '/Library/Developer/CommandLineTools/SDKs/MacOSX11.3.sdk' '-v' '-o' 'CMakeFiles/cmTC_da1f7.dir/CMakeCCompilerABI.c.o' '-c' '-mtune=generic' '-march=x86-64' '-dumpdir' 'CMakeFiles/cmTC_da1f7.dir/CMakeCCompilerABI.c.'
Linking C executable cmTC_da1f7
/usr/local/Cellar/cmake/3.22.2/bin/cmake -E cmake_link_script CMakeFiles/cmTC_da1f7.dir/link.txt --verbose=1
/usr/local/bin/x86_64-w64-mingw32-gcc-11.2.0  -isysroot /Library/Developer/CommandLineTools/SDKs/MacOSX11.3.sdk -Wl,-search_paths_first -Wl,-headerpad_max_install_names  -v -Wl,-v CMakeFiles/cmTC_da1f7.dir/CMakeCCompilerABI.c.o -o cmTC_da1f7 
Using built-in specs.
COLLECT_GCC=/usr/local/bin/x86_64-w64-mingw32-gcc-11.2.0
COLLECT_LTO_WRAPPER=/usr/local/Cellar/mingw-w64/9.0.0_3/toolchain-x86_64/libexec/gcc/x86_64-w64-mingw32/11.2.0/lto-wrapper
Target: x86_64-w64-mingw32
Configured with: ../configure --target=x86_64-w64-mingw32 --with-sysroot=/usr/local/Cellar/mingw-w64/9.0.0_3/toolchain-x86_64 --prefix=/usr/local/Cellar/mingw-w64/9.0.0_3/toolchain-x86_64 --with-bugurl=https://github.com/Homebrew/homebrew-core/issues --enable-languages=c,c++,fortran --with-ld=/usr/local/Cellar/mingw-w64/9.0.0_3/toolchain-x86_64/bin/x86_64-w64-mingw32-ld --with-as=/usr/local/Cellar/mingw-w64/9.0.0_3/toolchain-x86_64/bin/x86_64-w64-mingw32-as --with-gmp=/usr/local/opt/gmp --with-mpfr=/usr/local/opt/mpfr --with-mpc=/usr/local/opt/libmpc --with-isl=/usr/local/opt/isl --with-zstd=no --disable-multilib --disable-nls --enable-threads=posix
Thread model: posix
Supported LTO compression algorithms: zlib
gcc version 11.2.0 (GCC) 
COMPILER_PATH=/usr/local/Cellar/mingw-w64/9.0.0_3/toolchain-x86_64/libexec/gcc/x86_64-w64-mingw32/11.2.0/:/usr/local/Cellar/mingw-w64/9.0.0_3/toolchain-x86_64/libexec/gcc/x86_64-w64-mingw32/11.2.0/:/usr/local/Cellar/mingw-w64/9.0.0_3/toolchain-x86_64/libexec/gcc/x86_64-w64-mingw32/:/usr/local/Cellar/mingw-w64/9.0.0_3/toolchain-x86_64/lib/gcc/x86_64-w64-mingw32/11.2.0/:/usr/local/Cellar/mingw-w64/9.0.0_3/toolchain-x86_64/lib/gcc/x86_64-w64-mingw32/:/usr/local/Cellar/mingw-w64/9.0.0_3/toolchain-x86_64/lib/gcc/x86_64-w64-mingw32/11.2.0/../../../../x86_64-w64-mingw32/bin/
LIBRARY_PATH=/usr/local/Cellar/mingw-w64/9.0.0_3/toolchain-x86_64/lib/gcc/x86_64-w64-mingw32/11.2.0/:/usr/local/Cellar/mingw-w64/9.0.0_3/toolchain-x86_64/lib/gcc/x86_64-w64-mingw32/11.2.0/../../../../x86_64-w64-mingw32/lib/../lib/:/usr/local/Cellar/mingw-w64/9.0.0_3/toolchain-x86_64/mingw/lib/../lib/:/usr/local/Cellar/mingw-w64/9.0.0_3/toolchain-x86_64/lib/gcc/x86_64-w64-mingw32/11.2.0/../../../../x86_64-w64-mingw32/lib/:/usr/local/Cellar/mingw-w64/9.0.0_3/toolchain-x86_64/mingw/lib/
COLLECT_GCC_OPTIONS='-isysroot' '/Library/Developer/CommandLineTools/SDKs/MacOSX11.3.sdk' '-v' '-o' 'cmTC_da1f7.exe' '-mtune=generic' '-march=x86-64' '-dumpdir' 'cmTC_da1f7.'
 /usr/local/Cellar/mingw-w64/9.0.0_3/toolchain-x86_64/libexec/gcc/x86_64-w64-mingw32/11.2.0/collect2 -plugin /usr/local/Cellar/mingw-w64/9.0.0_3/toolchain-x86_64/libexec/gcc/x86_64-w64-mingw32/11.2.0/liblto_plugin.so -plugin-opt=/usr/local/Cellar/mingw-w64/9.0.0_3/toolchain-x86_64/libexec/gcc/x86_64-w64-mingw32/11.2.0/lto-wrapper -plugin-opt=-fresolution=/var/folders/zc/lq6xhv5j67730jglj7f0m3fm0000gn/T//ccgVUPCd.res -plugin-opt=-pass-through=-lmingw32 -plugin-opt=-pass-through=-lgcc -plugin-opt=-pass-through=-lgcc_eh -plugin-opt=-pass-through=-lmoldname -plugin-opt=-pass-through=-lmingwex -plugin-opt=-pass-through=-lmsvcrt -plugin-opt=-pass-through=-lkernel32 -plugin-opt=-pass-through=-lpthread -plugin-opt=-pass-through=-ladvapi32 -plugin-opt=-pass-through=-lshell32 -plugin-opt=-pass-through=-luser32 -plugin-opt=-pass-through=-lkernel32 -plugin-opt=-pass-through=-lmingw32 -plugin-opt=-pass-through=-lgcc -plugin-opt=-pass-through=-lgcc_eh -plugin-opt=-pass-through=-lmoldname -plugin-opt=-pass-through=-lmingwex -plugin-opt=-pass-through=-lmsvcrt -plugin-opt=-pass-through=-lkernel32 --sysroot=/usr/local/Cellar/mingw-w64/9.0.0_3/toolchain-x86_64 -m i386pep -Bdynamic -o cmTC_da1f7.exe /usr/local/Cellar/mingw-w64/9.0.0_3/toolchain-x86_64/lib/gcc/x86_64-w64-mingw32/11.2.0/../../../../x86_64-w64-mingw32/lib/../lib/crt2.o /usr/local/Cellar/mingw-w64/9.0.0_3/toolchain-x86_64/lib/gcc/x86_64-w64-mingw32/11.2.0/crtbegin.o -L/usr/local/Cellar/mingw-w64/9.0.0_3/toolchain-x86_64/lib/gcc/x86_64-w64-mingw32/11.2.0 -L/usr/local/Cellar/mingw-w64/9.0.0_3/toolchain-x86_64/lib/gcc/x86_64-w64-mingw32/11.2.0/../../../../x86_64-w64-mingw32/lib/../lib -L/usr/local/Cellar/mingw-w64/9.0.0_3/toolchain-x86_64/mingw/lib/../lib -L/usr/local/Cellar/mingw-w64/9.0.0_3/toolchain-x86_64/lib/gcc/x86_64-w64-mingw32/11.2.0/../../../../x86_64-w64-mingw32/lib -L/usr/local/Cellar/mingw-w64/9.0.0_3/toolchain-x86_64/mingw/lib -search_paths_first -headerpad_max_install_names -v CMakeFiles/cmTC_da1f7.dir/CMakeCCompilerABI.c.o -lmingw32 -lgcc -lgcc_eh -lmoldname -lmingwex -lmsvcrt -lkernel32 -lpthread -ladvapi32 -lshell32 -luser32 -lkernel32 -lmingw32 -lgcc -lgcc_eh -lmoldname -lmingwex -lmsvcrt -lkernel32 /usr/local/Cellar/mingw-w64/9.0.0_3/toolchain-x86_64/lib/gcc/x86_64-w64-mingw32/11.2.0/crtend.o
collect2 version 11.2.0
/usr/local/Cellar/mingw-w64/9.0.0_3/toolchain-x86_64/bin/x86_64-w64-mingw32-ld -plugin /usr/local/Cellar/mingw-w64/9.0.0_3/toolchain-x86_64/libexec/gcc/x86_64-w64-mingw32/11.2.0/liblto_plugin.so -plugin-opt=/usr/local/Cellar/mingw-w64/9.0.0_3/toolchain-x86_64/libexec/gcc/x86_64-w64-mingw32/11.2.0/lto-wrapper -plugin-opt=-fresolution=/var/folders/zc/lq6xhv5j67730jglj7f0m3fm0000gn/T//ccgVUPCd.res -plugin-opt=-pass-through=-lmingw32 -plugin-opt=-pass-through=-lgcc -plugin-opt=-pass-through=-lgcc_eh -plugin-opt=-pass-through=-lmoldname -plugin-opt=-pass-through=-lmingwex -plugin-opt=-pass-through=-lmsvcrt -plugin-opt=-pass-through=-lkernel32 -plugin-opt=-pass-through=-lpthread -plugin-opt=-pass-through=-ladvapi32 -plugin-opt=-pass-through=-lshell32 -plugin-opt=-pass-through=-luser32 -plugin-opt=-pass-through=-lkernel32 -plugin-opt=-pass-through=-lmingw32 -plugin-opt=-pass-through=-lgcc -plugin-opt=-pass-through=-lgcc_eh -plugin-opt=-pass-through=-lmoldname -plugin-opt=-pass-through=-lmingwex -plugin-opt=-pass-through=-lmsvcrt -plugin-opt=-pass-through=-lkernel32 --sysroot=/usr/local/Cellar/mingw-w64/9.0.0_3/toolchain-x86_64 -m i386pep -Bdynamic -o cmTC_da1f7.exe /usr/local/Cellar/mingw-w64/9.0.0_3/toolchain-x86_64/lib/gcc/x86_64-w64-mingw32/11.2.0/../../../../x86_64-w64-mingw32/lib/../lib/crt2.o /usr/local/Cellar/mingw-w64/9.0.0_3/toolchain-x86_64/lib/gcc/x86_64-w64-mingw32/11.2.0/crtbegin.o -L/usr/local/Cellar/mingw-w64/9.0.0_3/toolchain-x86_64/lib/gcc/x86_64-w64-mingw32/11.2.0 -L/usr/local/Cellar/mingw-w64/9.0.0_3/toolchain-x86_64/lib/gcc/x86_64-w64-mingw32/11.2.0/../../../../x86_64-w64-mingw32/lib/../lib -L/usr/local/Cellar/mingw-w64/9.0.0_3/toolchain-x86_64/mingw/lib/../lib -L/usr/local/Cellar/mingw-w64/9.0.0_3/toolchain-x86_64/lib/gcc/x86_64-w64-mingw32/11.2.0/../../../../x86_64-w64-mingw32/lib -L/usr/local/Cellar/mingw-w64/9.0.0_3/toolchain-x86_64/mingw/lib -search_paths_first -headerpad_max_install_names -v CMakeFiles/cmTC_da1f7.dir/CMakeCCompilerABI.c.o -lmingw32 -lgcc -lgcc_eh -lmoldname -lmingwex -lmsvcrt -lkernel32 -lpthread -ladvapi32 -lshell32 -luser32 -lkernel32 -lmingw32 -lgcc -lgcc_eh -lmoldname -lmingwex -lmsvcrt -lkernel32 /usr/local/Cellar/mingw-w64/9.0.0_3/toolchain-x86_64/lib/gcc/x86_64-w64-mingw32/11.2.0/crtend.o
/usr/local/Cellar/mingw-w64/9.0.0_3/toolchain-x86_64/bin/x86_64-w64-mingw32-ld: Error: unable to disambiguate: -search_paths_first (did you mean --search_paths_first ?)
collect2: error: ld returned 1 exit status
make[1]: *** [cmTC_da1f7] Error 1
make: *** [cmTC_da1f7/fast] Error 2




Determining if the C compiler works failed with the following output:
Change Dir: /Users/Chris/Desktop/Study2022/Earino 2022/C++/Second/build/CMakeFiles/CMakeTmp

Run Build Command(s):/usr/bin/make -f Makefile cmTC_b1c18/fast && /Library/Developer/CommandLineTools/usr/bin/make  -f CMakeFiles/cmTC_b1c18.dir/build.make CMakeFiles/cmTC_b1c18.dir/build
Building C object CMakeFiles/cmTC_b1c18.dir/testCCompiler.c.o
/usr/local/bin/x86_64-w64-mingw32-gcc-11.2.0   -isysroot /Library/Developer/CommandLineTools/SDKs/MacOSX11.3.sdk -o CMakeFiles/cmTC_b1c18.dir/testCCompiler.c.o -c "/Users/Chris/Desktop/Study2022/Earino 2022/C++/Second/build/CMakeFiles/CMakeTmp/testCCompiler.c"
Linking C executable cmTC_b1c18
/usr/local/Cellar/cmake/3.22.2/bin/cmake -E cmake_link_script CMakeFiles/cmTC_b1c18.dir/link.txt --verbose=1
/usr/local/bin/x86_64-w64-mingw32-gcc-11.2.0  -isysroot /Library/Developer/CommandLineTools/SDKs/MacOSX11.3.sdk -Wl,-search_paths_first -Wl,-headerpad_max_install_names CMakeFiles/cmTC_b1c18.dir/testCCompiler.c.o -o cmTC_b1c18 
/usr/local/Cellar/mingw-w64/9.0.0_3/toolchain-x86_64/bin/x86_64-w64-mingw32-ld: Error: unable to disambiguate: -search_paths_first (did you mean --search_paths_first ?)
collect2: error: ld returned 1 exit status
make[1]: *** [cmTC_b1c18] Error 1
make: *** [cmTC_b1c18/fast] Error 2



Detecting C compiler ABI info failed to compile with the following output:
Change Dir: /Users/Chris/Desktop/Study2022/Earino 2022/C++/Second/build/CMakeFiles/CMakeTmp

Run Build Command(s):/usr/bin/make -f Makefile cmTC_c95b0/fast && /Library/Developer/CommandLineTools/usr/bin/make  -f CMakeFiles/cmTC_c95b0.dir/build.make CMakeFiles/cmTC_c95b0.dir/build
Building C object CMakeFiles/cmTC_c95b0.dir/CMakeCCompilerABI.c.o
/usr/local/bin/x86_64-w64-mingw32-gcc-11.2.0   -isysroot /Library/Developer/CommandLineTools/SDKs/MacOSX11.3.sdk   -v -Wl,-v -o CMakeFiles/cmTC_c95b0.dir/CMakeCCompilerABI.c.o -c /usr/local/Cellar/cmake/3.22.2/share/cmake/Modules/CMakeCCompilerABI.c
Using built-in specs.
COLLECT_GCC=/usr/local/bin/x86_64-w64-mingw32-gcc-11.2.0
Target: x86_64-w64-mingw32
Configured with: ../configure --target=x86_64-w64-mingw32 --with-sysroot=/usr/local/Cellar/mingw-w64/9.0.0_3/toolchain-x86_64 --prefix=/usr/local/Cellar/mingw-w64/9.0.0_3/toolchain-x86_64 --with-bugurl=https://github.com/Homebrew/homebrew-core/issues --enable-languages=c,c++,fortran --with-ld=/usr/local/Cellar/mingw-w64/9.0.0_3/toolchain-x86_64/bin/x86_64-w64-mingw32-ld --with-as=/usr/local/Cellar/mingw-w64/9.0.0_3/toolchain-x86_64/bin/x86_64-w64-mingw32-as --with-gmp=/usr/local/opt/gmp --with-mpfr=/usr/local/opt/mpfr --with-mpc=/usr/local/opt/libmpc --with-isl=/usr/local/opt/isl --with-zstd=no --disable-multilib --disable-nls --enable-threads=posix
Thread model: posix
Supported LTO compression algorithms: zlib
gcc version 11.2.0 (GCC) 
COLLECT_GCC_OPTIONS='-isysroot' '/Library/Developer/CommandLineTools/SDKs/MacOSX11.3.sdk' '-v' '-o' 'CMakeFiles/cmTC_c95b0.dir/CMakeCCompilerABI.c.o' '-c' '-mtune=generic' '-march=x86-64' '-dumpdir' 'CMakeFiles/cmTC_c95b0.dir/'
 /usr/local/Cellar/mingw-w64/9.0.0_3/toolchain-x86_64/libexec/gcc/x86_64-w64-mingw32/11.2.0/cc1 -quiet -v -D_REENTRANT -isysroot /Library/Developer/CommandLineTools/SDKs/MacOSX11.3.sdk /usr/local/Cellar/cmake/3.22.2/share/cmake/Modules/CMakeCCompilerABI.c -quiet -dumpdir CMakeFiles/cmTC_c95b0.dir/ -dumpbase CMakeCCompilerABI.c.c -dumpbase-ext .c -mtune=generic -march=x86-64 -version -o /var/folders/zc/lq6xhv5j67730jglj7f0m3fm0000gn/T//ccu3b1UD.s
GNU C17 (GCC) version 11.2.0 (x86_64-w64-mingw32)
	compiled by GNU C version Apple LLVM 13.0.0 (clang-1300.0.29.30), GMP version 6.2.1, MPFR version 4.1.0, MPC version 1.2.1, isl version isl-0.24-GMP

GGC heuristics: --param ggc-min-expand=100 --param ggc-min-heapsize=131072
ignoring nonexistent directory "/Library/Developer/CommandLineTools/SDKs/MacOSX11.3.sdk/usr/local/include"
ignoring nonexistent directory "/Library/Developer/CommandLineTools/SDKs/MacOSX11.3.sdk/mingw/include"
#include "..." search starts here:
#include <...> search starts here:
 /usr/local/Cellar/mingw-w64/9.0.0_3/toolchain-x86_64/lib/gcc/x86_64-w64-mingw32/11.2.0/include
 /usr/local/Cellar/mingw-w64/9.0.0_3/toolchain-x86_64/lib/gcc/x86_64-w64-mingw32/11.2.0/include-fixed
 /usr/local/Cellar/mingw-w64/9.0.0_3/toolchain-x86_64/lib/gcc/x86_64-w64-mingw32/11.2.0/../../../../x86_64-w64-mingw32/include
End of search list.
GNU C17 (GCC) version 11.2.0 (x86_64-w64-mingw32)
	compiled by GNU C version Apple LLVM 13.0.0 (clang-1300.0.29.30), GMP version 6.2.1, MPFR version 4.1.0, MPC version 1.2.1, isl version isl-0.24-GMP

GGC heuristics: --param ggc-min-expand=100 --param ggc-min-heapsize=131072
Compiler executable checksum: b7b5f11645750dce82729982c7aaa063
COLLECT_GCC_OPTIONS='-isysroot' '/Library/Developer/CommandLineTools/SDKs/MacOSX11.3.sdk' '-v' '-o' 'CMakeFiles/cmTC_c95b0.dir/CMakeCCompilerABI.c.o' '-c' '-mtune=generic' '-march=x86-64' '-dumpdir' 'CMakeFiles/cmTC_c95b0.dir/'
 /usr/local/Cellar/mingw-w64/9.0.0_3/toolchain-x86_64/bin/x86_64-w64-mingw32-as -v -o CMakeFiles/cmTC_c95b0.dir/CMakeCCompilerABI.c.o /var/folders/zc/lq6xhv5j67730jglj7f0m3fm0000gn/T//ccu3b1UD.s
GNU assembler version 2.38 (x86_64-w64-mingw32) using BFD version (GNU Binutils) 2.38
COMPILER_PATH=/usr/local/Cellar/mingw-w64/9.0.0_3/toolchain-x86_64/libexec/gcc/x86_64-w64-mingw32/11.2.0/:/usr/local/Cellar/mingw-w64/9.0.0_3/toolchain-x86_64/libexec/gcc/x86_64-w64-mingw32/11.2.0/:/usr/local/Cellar/mingw-w64/9.0.0_3/toolchain-x86_64/libexec/gcc/x86_64-w64-mingw32/:/usr/local/Cellar/mingw-w64/9.0.0_3/toolchain-x86_64/lib/gcc/x86_64-w64-mingw32/11.2.0/:/usr/local/Cellar/mingw-w64/9.0.0_3/toolchain-x86_64/lib/gcc/x86_64-w64-mingw32/:/usr/local/Cellar/mingw-w64/9.0.0_3/toolchain-x86_64/lib/gcc/x86_64-w64-mingw32/11.2.0/../../../../x86_64-w64-mingw32/bin/
LIBRARY_PATH=/usr/local/Cellar/mingw-w64/9.0.0_3/toolchain-x86_64/lib/gcc/x86_64-w64-mingw32/11.2.0/:/usr/local/Cellar/mingw-w64/9.0.0_3/toolchain-x86_64/lib/gcc/x86_64-w64-mingw32/11.2.0/../../../../x86_64-w64-mingw32/lib/../lib/:/usr/local/Cellar/mingw-w64/9.0.0_3/toolchain-x86_64/mingw/lib/../lib/:/usr/local/Cellar/mingw-w64/9.0.0_3/toolchain-x86_64/lib/gcc/x86_64-w64-mingw32/11.2.0/../../../../x86_64-w64-mingw32/lib/:/usr/local/Cellar/mingw-w64/9.0.0_3/toolchain-x86_64/mingw/lib/
COLLECT_GCC_OPTIONS='-isysroot' '/Library/Developer/CommandLineTools/SDKs/MacOSX11.3.sdk' '-v' '-o' 'CMakeFiles/cmTC_c95b0.dir/CMakeCCompilerABI.c.o' '-c' '-mtune=generic' '-march=x86-64' '-dumpdir' 'CMakeFiles/cmTC_c95b0.dir/CMakeCCompilerABI.c.'
Linking C executable cmTC_c95b0
/usr/local/Cellar/cmake/3.22.2/bin/cmake -E cmake_link_script CMakeFiles/cmTC_c95b0.dir/link.txt --verbose=1
/usr/local/bin/x86_64-w64-mingw32-gcc-11.2.0  -isysroot /Library/Developer/CommandLineTools/SDKs/MacOSX11.3.sdk -Wl,-search_paths_first -Wl,-headerpad_max_install_names  -v -Wl,-v CMakeFiles/cmTC_c95b0.dir/CMakeCCompilerABI.c.o -o cmTC_c95b0 
Using built-in specs.
COLLECT_GCC=/usr/local/bin/x86_64-w64-mingw32-gcc-11.2.0
COLLECT_LTO_WRAPPER=/usr/local/Cellar/mingw-w64/9.0.0_3/toolchain-x86_64/libexec/gcc/x86_64-w64-mingw32/11.2.0/lto-wrapper
Target: x86_64-w64-mingw32
Configured with: ../configure --target=x86_64-w64-mingw32 --with-sysroot=/usr/local/Cellar/mingw-w64/9.0.0_3/toolchain-x86_64 --prefix=/usr/local/Cellar/mingw-w64/9.0.0_3/toolchain-x86_64 --with-bugurl=https://github.com/Homebrew/homebrew-core/issues --enable-languages=c,c++,fortran --with-ld=/usr/local/Cellar/mingw-w64/9.0.0_3/toolchain-x86_64/bin/x86_64-w64-mingw32-ld --with-as=/usr/local/Cellar/mingw-w64/9.0.0_3/toolchain-x86_64/bin/x86_64-w64-mingw32-as --with-gmp=/usr/local/opt/gmp --with-mpfr=/usr/local/opt/mpfr --with-mpc=/usr/local/opt/libmpc --with-isl=/usr/local/opt/isl --with-zstd=no --disable-multilib --disable-nls --enable-threads=posix
Thread model: posix
Supported LTO compression algorithms: zlib
gcc version 11.2.0 (GCC) 
COMPILER_PATH=/usr/local/Cellar/mingw-w64/9.0.0_3/toolchain-x86_64/libexec/gcc/x86_64-w64-mingw32/11.2.0/:/usr/local/Cellar/mingw-w64/9.0.0_3/toolchain-x86_64/libexec/gcc/x86_64-w64-mingw32/11.2.0/:/usr/local/Cellar/mingw-w64/9.0.0_3/toolchain-x86_64/libexec/gcc/x86_64-w64-mingw32/:/usr/local/Cellar/mingw-w64/9.0.0_3/toolchain-x86_64/lib/gcc/x86_64-w64-mingw32/11.2.0/:/usr/local/Cellar/mingw-w64/9.0.0_3/toolchain-x86_64/lib/gcc/x86_64-w64-mingw32/:/usr/local/Cellar/mingw-w64/9.0.0_3/toolchain-x86_64/lib/gcc/x86_64-w64-mingw32/11.2.0/../../../../x86_64-w64-mingw32/bin/
LIBRARY_PATH=/usr/local/Cellar/mingw-w64/9.0.0_3/toolchain-x86_64/lib/gcc/x86_64-w64-mingw32/11.2.0/:/usr/local/Cellar/mingw-w64/9.0.0_3/toolchain-x86_64/lib/gcc/x86_64-w64-mingw32/11.2.0/../../../../x86_64-w64-mingw32/lib/../lib/:/usr/local/Cellar/mingw-w64/9.0.0_3/toolchain-x86_64/mingw/lib/../lib/:/usr/local/Cellar/mingw-w64/9.0.0_3/toolchain-x86_64/lib/gcc/x86_64-w64-mingw32/11.2.0/../../../../x86_64-w64-mingw32/lib/:/usr/local/Cellar/mingw-w64/9.0.0_3/toolchain-x86_64/mingw/lib/
COLLECT_GCC_OPTIONS='-isysroot' '/Library/Developer/CommandLineTools/SDKs/MacOSX11.3.sdk' '-v' '-o' 'cmTC_c95b0.exe' '-mtune=generic' '-march=x86-64' '-dumpdir' 'cmTC_c95b0.'
 /usr/local/Cellar/mingw-w64/9.0.0_3/toolchain-x86_64/libexec/gcc/x86_64-w64-mingw32/11.2.0/collect2 -plugin /usr/local/Cellar/mingw-w64/9.0.0_3/toolchain-x86_64/libexec/gcc/x86_64-w64-mingw32/11.2.0/liblto_plugin.so -plugin-opt=/usr/local/Cellar/mingw-w64/9.0.0_3/toolchain-x86_64/libexec/gcc/x86_64-w64-mingw32/11.2.0/lto-wrapper -plugin-opt=-fresolution=/var/folders/zc/lq6xhv5j67730jglj7f0m3fm0000gn/T//cczxY5ZL.res -plugin-opt=-pass-through=-lmingw32 -plugin-opt=-pass-through=-lgcc -plugin-opt=-pass-through=-lgcc_eh -plugin-opt=-pass-through=-lmoldname -plugin-opt=-pass-through=-lmingwex -plugin-opt=-pass-through=-lmsvcrt -plugin-opt=-pass-through=-lkernel32 -plugin-opt=-pass-through=-lpthread -plugin-opt=-pass-through=-ladvapi32 -plugin-opt=-pass-through=-lshell32 -plugin-opt=-pass-through=-luser32 -plugin-opt=-pass-through=-lkernel32 -plugin-opt=-pass-through=-lmingw32 -plugin-opt=-pass-through=-lgcc -plugin-opt=-pass-through=-lgcc_eh -plugin-opt=-pass-through=-lmoldname -plugin-opt=-pass-through=-lmingwex -plugin-opt=-pass-through=-lmsvcrt -plugin-opt=-pass-through=-lkernel32 --sysroot=/usr/local/Cellar/mingw-w64/9.0.0_3/toolchain-x86_64 -m i386pep -Bdynamic -o cmTC_c95b0.exe /usr/local/Cellar/mingw-w64/9.0.0_3/toolchain-x86_64/lib/gcc/x86_64-w64-mingw32/11.2.0/../../../../x86_64-w64-mingw32/lib/../lib/crt2.o /usr/local/Cellar/mingw-w64/9.0.0_3/toolchain-x86_64/lib/gcc/x86_64-w64-mingw32/11.2.0/crtbegin.o -L/usr/local/Cellar/mingw-w64/9.0.0_3/toolchain-x86_64/lib/gcc/x86_64-w64-mingw32/11.2.0 -L/usr/local/Cellar/mingw-w64/9.0.0_3/toolchain-x86_64/lib/gcc/x86_64-w64-mingw32/11.2.0/../../../../x86_64-w64-mingw32/lib/../lib -L/usr/local/Cellar/mingw-w64/9.0.0_3/toolchain-x86_64/mingw/lib/../lib -L/usr/local/Cellar/mingw-w64/9.0.0_3/toolchain-x86_64/lib/gcc/x86_64-w64-mingw32/11.2.0/../../../../x86_64-w64-mingw32/lib -L/usr/local/Cellar/mingw-w64/9.0.0_3/toolchain-x86_64/mingw/lib -search_paths_first -headerpad_max_install_names -v CMakeFiles/cmTC_c95b0.dir/CMakeCCompilerABI.c.o -lmingw32 -lgcc -lgcc_eh -lmoldname -lmingwex -lmsvcrt -lkernel32 -lpthread -ladvapi32 -lshell32 -luser32 -lkernel32 -lmingw32 -lgcc -lgcc_eh -lmoldname -lmingwex -lmsvcrt -lkernel32 /usr/local/Cellar/mingw-w64/9.0.0_3/toolchain-x86_64/lib/gcc/x86_64-w64-mingw32/11.2.0/crtend.o
collect2 version 11.2.0
/usr/local/Cellar/mingw-w64/9.0.0_3/toolchain-x86_64/bin/x86_64-w64-mingw32-ld -plugin /usr/local/Cellar/mingw-w64/9.0.0_3/toolchain-x86_64/libexec/gcc/x86_64-w64-mingw32/11.2.0/liblto_plugin.so -plugin-opt=/usr/local/Cellar/mingw-w64/9.0.0_3/toolchain-x86_64/libexec/gcc/x86_64-w64-mingw32/11.2.0/lto-wrapper -plugin-opt=-fresolution=/var/folders/zc/lq6xhv5j67730jglj7f0m3fm0000gn/T//cczxY5ZL.res -plugin-opt=-pass-through=-lmingw32 -plugin-opt=-pass-through=-lgcc -plugin-opt=-pass-through=-lgcc_eh -plugin-opt=-pass-through=-lmoldname -plugin-opt=-pass-through=-lmingwex -plugin-opt=-pass-through=-lmsvcrt -plugin-opt=-pass-through=-lkernel32 -plugin-opt=-pass-through=-lpthread -plugin-opt=-pass-through=-ladvapi32 -plugin-opt=-pass-through=-lshell32 -plugin-opt=-pass-through=-luser32 -plugin-opt=-pass-through=-lkernel32 -plugin-opt=-pass-through=-lmingw32 -plugin-opt=-pass-through=-lgcc -plugin-opt=-pass-through=-lgcc_eh -plugin-opt=-pass-through=-lmoldname -plugin-opt=-pass-through=-lmingwex -plugin-opt=-pass-through=-lmsvcrt -plugin-opt=-pass-through=-lkernel32 --sysroot=/usr/local/Cellar/mingw-w64/9.0.0_3/toolchain-x86_64 -m i386pep -Bdynamic -o cmTC_c95b0.exe /usr/local/Cellar/mingw-w64/9.0.0_3/toolchain-x86_64/lib/gcc/x86_64-w64-mingw32/11.2.0/../../../../x86_64-w64-mingw32/lib/../lib/crt2.o /usr/local/Cellar/mingw-w64/9.0.0_3/toolchain-x86_64/lib/gcc/x86_64-w64-mingw32/11.2.0/crtbegin.o -L/usr/local/Cellar/mingw-w64/9.0.0_3/toolchain-x86_64/lib/gcc/x86_64-w64-mingw32/11.2.0 -L/usr/local/Cellar/mingw-w64/9.0.0_3/toolchain-x86_64/lib/gcc/x86_64-w64-mingw32/11.2.0/../../../../x86_64-w64-mingw32/lib/../lib -L/usr/local/Cellar/mingw-w64/9.0.0_3/toolchain-x86_64/mingw/lib/../lib -L/usr/local/Cellar/mingw-w64/9.0.0_3/toolchain-x86_64/lib/gcc/x86_64-w64-mingw32/11.2.0/../../../../x86_64-w64-mingw32/lib -L/usr/local/Cellar/mingw-w64/9.0.0_3/toolchain-x86_64/mingw/lib -search_paths_first -headerpad_max_install_names -v CMakeFiles/cmTC_c95b0.dir/CMakeCCompilerABI.c.o -lmingw32 -lgcc -lgcc_eh -lmoldname -lmingwex -lmsvcrt -lkernel32 -lpthread -ladvapi32 -lshell32 -luser32 -lkernel32 -lmingw32 -lgcc -lgcc_eh -lmoldname -lmingwex -lmsvcrt -lkernel32 /usr/local/Cellar/mingw-w64/9.0.0_3/toolchain-x86_64/lib/gcc/x86_64-w64-mingw32/11.2.0/crtend.o
/usr/local/Cellar/mingw-w64/9.0.0_3/toolchain-x86_64/bin/x86_64-w64-mingw32-ld: Error: unable to disambiguate: -search_paths_first (did you mean --search_paths_first ?)
collect2: error: ld returned 1 exit status
make[1]: *** [cmTC_c95b0] Error 1
make: *** [cmTC_c95b0/fast] Error 2




Determining if the C compiler works failed with the following output:
Change Dir: /Users/Chris/Desktop/Study2022/Earino 2022/C++/Second/build/CMakeFiles/CMakeTmp

Run Build Command(s):/usr/bin/make -f Makefile cmTC_08601/fast && /Library/Developer/CommandLineTools/usr/bin/make  -f CMakeFiles/cmTC_08601.dir/build.make CMakeFiles/cmTC_08601.dir/build
Building C object CMakeFiles/cmTC_08601.dir/testCCompiler.c.o
/usr/local/bin/x86_64-w64-mingw32-gcc-11.2.0   -isysroot /Library/Developer/CommandLineTools/SDKs/MacOSX11.3.sdk -o CMakeFiles/cmTC_08601.dir/testCCompiler.c.o -c "/Users/Chris/Desktop/Study2022/Earino 2022/C++/Second/build/CMakeFiles/CMakeTmp/testCCompiler.c"
Linking C executable cmTC_08601
/usr/local/Cellar/cmake/3.22.2/bin/cmake -E cmake_link_script CMakeFiles/cmTC_08601.dir/link.txt --verbose=1
/usr/local/bin/x86_64-w64-mingw32-gcc-11.2.0  -isysroot /Library/Developer/CommandLineTools/SDKs/MacOSX11.3.sdk -Wl,-search_paths_first -Wl,-headerpad_max_install_names CMakeFiles/cmTC_08601.dir/testCCompiler.c.o -o cmTC_08601 
/usr/local/Cellar/mingw-w64/9.0.0_3/toolchain-x86_64/bin/x86_64-w64-mingw32-ld: Error: unable to disambiguate: -search_paths_first (did you mean --search_paths_first ?)
collect2: error: ld returned 1 exit status
make[1]: *** [cmTC_08601] Error 1
make: *** [cmTC_08601/fast] Error 2



Detecting C compiler ABI info failed to compile with the following output:
Change Dir: /Users/Chris/Desktop/Study2022/Earino 2022/C++/Second/build/CMakeFiles/CMakeTmp

Run Build Command(s):/usr/bin/make -f Makefile cmTC_2a61a/fast && /Library/Developer/CommandLineTools/usr/bin/make  -f CMakeFiles/cmTC_2a61a.dir/build.make CMakeFiles/cmTC_2a61a.dir/build
Building C object CMakeFiles/cmTC_2a61a.dir/CMakeCCompilerABI.c.o
/usr/local/bin/x86_64-w64-mingw32-gcc-11.2.0   -isysroot /Library/Developer/CommandLineTools/SDKs/MacOSX11.3.sdk   -v -Wl,-v -o CMakeFiles/cmTC_2a61a.dir/CMakeCCompilerABI.c.o -c /usr/local/Cellar/cmake/3.22.2/share/cmake/Modules/CMakeCCompilerABI.c
Using built-in specs.
COLLECT_GCC=/usr/local/bin/x86_64-w64-mingw32-gcc-11.2.0
Target: x86_64-w64-mingw32
Configured with: ../configure --target=x86_64-w64-mingw32 --with-sysroot=/usr/local/Cellar/mingw-w64/9.0.0_3/toolchain-x86_64 --prefix=/usr/local/Cellar/mingw-w64/9.0.0_3/toolchain-x86_64 --with-bugurl=https://github.com/Homebrew/homebrew-core/issues --enable-languages=c,c++,fortran --with-ld=/usr/local/Cellar/mingw-w64/9.0.0_3/toolchain-x86_64/bin/x86_64-w64-mingw32-ld --with-as=/usr/local/Cellar/mingw-w64/9.0.0_3/toolchain-x86_64/bin/x86_64-w64-mingw32-as --with-gmp=/usr/local/opt/gmp --with-mpfr=/usr/local/opt/mpfr --with-mpc=/usr/local/opt/libmpc --with-isl=/usr/local/opt/isl --with-zstd=no --disable-multilib --disable-nls --enable-threads=posix
Thread model: posix
Supported LTO compression algorithms: zlib
gcc version 11.2.0 (GCC) 
COLLECT_GCC_OPTIONS='-isysroot' '/Library/Developer/CommandLineTools/SDKs/MacOSX11.3.sdk' '-v' '-o' 'CMakeFiles/cmTC_2a61a.dir/CMakeCCompilerABI.c.o' '-c' '-mtune=generic' '-march=x86-64' '-dumpdir' 'CMakeFiles/cmTC_2a61a.dir/'
 /usr/local/Cellar/mingw-w64/9.0.0_3/toolchain-x86_64/libexec/gcc/x86_64-w64-mingw32/11.2.0/cc1 -quiet -v -D_REENTRANT -isysroot /Library/Developer/CommandLineTools/SDKs/MacOSX11.3.sdk /usr/local/Cellar/cmake/3.22.2/share/cmake/Modules/CMakeCCompilerABI.c -quiet -dumpdir CMakeFiles/cmTC_2a61a.dir/ -dumpbase CMakeCCompilerABI.c.c -dumpbase-ext .c -mtune=generic -march=x86-64 -version -o /var/folders/zc/lq6xhv5j67730jglj7f0m3fm0000gn/T//cc5ZOx8m.s
GNU C17 (GCC) version 11.2.0 (x86_64-w64-mingw32)
	compiled by GNU C version Apple LLVM 13.0.0 (clang-1300.0.29.30), GMP version 6.2.1, MPFR version 4.1.0, MPC version 1.2.1, isl version isl-0.24-GMP

GGC heuristics: --param ggc-min-expand=100 --param ggc-min-heapsize=131072
ignoring nonexistent directory "/Library/Developer/CommandLineTools/SDKs/MacOSX11.3.sdk/usr/local/include"
ignoring nonexistent directory "/Library/Developer/CommandLineTools/SDKs/MacOSX11.3.sdk/mingw/include"
#include "..." search starts here:
#include <...> search starts here:
 /usr/local/Cellar/mingw-w64/9.0.0_3/toolchain-x86_64/lib/gcc/x86_64-w64-mingw32/11.2.0/include
 /usr/local/Cellar/mingw-w64/9.0.0_3/toolchain-x86_64/lib/gcc/x86_64-w64-mingw32/11.2.0/include-fixed
 /usr/local/Cellar/mingw-w64/9.0.0_3/toolchain-x86_64/lib/gcc/x86_64-w64-mingw32/11.2.0/../../../../x86_64-w64-mingw32/include
End of search list.
GNU C17 (GCC) version 11.2.0 (x86_64-w64-mingw32)
	compiled by GNU C version Apple LLVM 13.0.0 (clang-1300.0.29.30), GMP version 6.2.1, MPFR version 4.1.0, MPC version 1.2.1, isl version isl-0.24-GMP

GGC heuristics: --param ggc-min-expand=100 --param ggc-min-heapsize=131072
Compiler executable checksum: b7b5f11645750dce82729982c7aaa063
COLLECT_GCC_OPTIONS='-isysroot' '/Library/Developer/CommandLineTools/SDKs/MacOSX11.3.sdk' '-v' '-o' 'CMakeFiles/cmTC_2a61a.dir/CMakeCCompilerABI.c.o' '-c' '-mtune=generic' '-march=x86-64' '-dumpdir' 'CMakeFiles/cmTC_2a61a.dir/'
 /usr/local/Cellar/mingw-w64/9.0.0_3/toolchain-x86_64/bin/x86_64-w64-mingw32-as -v -o CMakeFiles/cmTC_2a61a.dir/CMakeCCompilerABI.c.o /var/folders/zc/lq6xhv5j67730jglj7f0m3fm0000gn/T//cc5ZOx8m.s
GNU assembler version 2.38 (x86_64-w64-mingw32) using BFD version (GNU Binutils) 2.38
COMPILER_PATH=/usr/local/Cellar/mingw-w64/9.0.0_3/toolchain-x86_64/libexec/gcc/x86_64-w64-mingw32/11.2.0/:/usr/local/Cellar/mingw-w64/9.0.0_3/toolchain-x86_64/libexec/gcc/x86_64-w64-mingw32/11.2.0/:/usr/local/Cellar/mingw-w64/9.0.0_3/toolchain-x86_64/libexec/gcc/x86_64-w64-mingw32/:/usr/local/Cellar/mingw-w64/9.0.0_3/toolchain-x86_64/lib/gcc/x86_64-w64-mingw32/11.2.0/:/usr/local/Cellar/mingw-w64/9.0.0_3/toolchain-x86_64/lib/gcc/x86_64-w64-mingw32/:/usr/local/Cellar/mingw-w64/9.0.0_3/toolchain-x86_64/lib/gcc/x86_64-w64-mingw32/11.2.0/../../../../x86_64-w64-mingw32/bin/
LIBRARY_PATH=/usr/local/Cellar/mingw-w64/9.0.0_3/toolchain-x86_64/lib/gcc/x86_64-w64-mingw32/11.2.0/:/usr/local/Cellar/mingw-w64/9.0.0_3/toolchain-x86_64/lib/gcc/x86_64-w64-mingw32/11.2.0/../../../../x86_64-w64-mingw32/lib/../lib/:/usr/local/Cellar/mingw-w64/9.0.0_3/toolchain-x86_64/mingw/lib/../lib/:/usr/local/Cellar/mingw-w64/9.0.0_3/toolchain-x86_64/lib/gcc/x86_64-w64-mingw32/11.2.0/../../../../x86_64-w64-mingw32/lib/:/usr/local/Cellar/mingw-w64/9.0.0_3/toolchain-x86_64/mingw/lib/
COLLECT_GCC_OPTIONS='-isysroot' '/Library/Developer/CommandLineTools/SDKs/MacOSX11.3.sdk' '-v' '-o' 'CMakeFiles/cmTC_2a61a.dir/CMakeCCompilerABI.c.o' '-c' '-mtune=generic' '-march=x86-64' '-dumpdir' 'CMakeFiles/cmTC_2a61a.dir/CMakeCCompilerABI.c.'
Linking C executable cmTC_2a61a
/usr/local/Cellar/cmake/3.22.2/bin/cmake -E cmake_link_script CMakeFiles/cmTC_2a61a.dir/link.txt --verbose=1
/usr/local/bin/x86_64-w64-mingw32-gcc-11.2.0  -isysroot /Library/Developer/CommandLineTools/SDKs/MacOSX11.3.sdk -Wl,-search_paths_first -Wl,-headerpad_max_install_names  -v -Wl,-v CMakeFiles/cmTC_2a61a.dir/CMakeCCompilerABI.c.o -o cmTC_2a61a 
Using built-in specs.
COLLECT_GCC=/usr/local/bin/x86_64-w64-mingw32-gcc-11.2.0
COLLECT_LTO_WRAPPER=/usr/local/Cellar/mingw-w64/9.0.0_3/toolchain-x86_64/libexec/gcc/x86_64-w64-mingw32/11.2.0/lto-wrapper
Target: x86_64-w64-mingw32
Configured with: ../configure --target=x86_64-w64-mingw32 --with-sysroot=/usr/local/Cellar/mingw-w64/9.0.0_3/toolchain-x86_64 --prefix=/usr/local/Cellar/mingw-w64/9.0.0_3/toolchain-x86_64 --with-bugurl=https://github.com/Homebrew/homebrew-core/issues --enable-languages=c,c++,fortran --with-ld=/usr/local/Cellar/mingw-w64/9.0.0_3/toolchain-x86_64/bin/x86_64-w64-mingw32-ld --with-as=/usr/local/Cellar/mingw-w64/9.0.0_3/toolchain-x86_64/bin/x86_64-w64-mingw32-as --with-gmp=/usr/local/opt/gmp --with-mpfr=/usr/local/opt/mpfr --with-mpc=/usr/local/opt/libmpc --with-isl=/usr/local/opt/isl --with-zstd=no --disable-multilib --disable-nls --enable-threads=posix
Thread model: posix
Supported LTO compression algorithms: zlib
gcc version 11.2.0 (GCC) 
COMPILER_PATH=/usr/local/Cellar/mingw-w64/9.0.0_3/toolchain-x86_64/libexec/gcc/x86_64-w64-mingw32/11.2.0/:/usr/local/Cellar/mingw-w64/9.0.0_3/toolchain-x86_64/libexec/gcc/x86_64-w64-mingw32/11.2.0/:/usr/local/Cellar/mingw-w64/9.0.0_3/toolchain-x86_64/libexec/gcc/x86_64-w64-mingw32/:/usr/local/Cellar/mingw-w64/9.0.0_3/toolchain-x86_64/lib/gcc/x86_64-w64-mingw32/11.2.0/:/usr/local/Cellar/mingw-w64/9.0.0_3/toolchain-x86_64/lib/gcc/x86_64-w64-mingw32/:/usr/local/Cellar/mingw-w64/9.0.0_3/toolchain-x86_64/lib/gcc/x86_64-w64-mingw32/11.2.0/../../../../x86_64-w64-mingw32/bin/
LIBRARY_PATH=/usr/local/Cellar/mingw-w64/9.0.0_3/toolchain-x86_64/lib/gcc/x86_64-w64-mingw32/11.2.0/:/usr/local/Cellar/mingw-w64/9.0.0_3/toolchain-x86_64/lib/gcc/x86_64-w64-mingw32/11.2.0/../../../../x86_64-w64-mingw32/lib/../lib/:/usr/local/Cellar/mingw-w64/9.0.0_3/toolchain-x86_64/mingw/lib/../lib/:/usr/local/Cellar/mingw-w64/9.0.0_3/toolchain-x86_64/lib/gcc/x86_64-w64-mingw32/11.2.0/../../../../x86_64-w64-mingw32/lib/:/usr/local/Cellar/mingw-w64/9.0.0_3/toolchain-x86_64/mingw/lib/
COLLECT_GCC_OPTIONS='-isysroot' '/Library/Developer/CommandLineTools/SDKs/MacOSX11.3.sdk' '-v' '-o' 'cmTC_2a61a.exe' '-mtune=generic' '-march=x86-64' '-dumpdir' 'cmTC_2a61a.'
 /usr/local/Cellar/mingw-w64/9.0.0_3/toolchain-x86_64/libexec/gcc/x86_64-w64-mingw32/11.2.0/collect2 -plugin /usr/local/Cellar/mingw-w64/9.0.0_3/toolchain-x86_64/libexec/gcc/x86_64-w64-mingw32/11.2.0/liblto_plugin.so -plugin-opt=/usr/local/Cellar/mingw-w64/9.0.0_3/toolchain-x86_64/libexec/gcc/x86_64-w64-mingw32/11.2.0/lto-wrapper -plugin-opt=-fresolution=/var/folders/zc/lq6xhv5j67730jglj7f0m3fm0000gn/T//cchkjDuI.res -plugin-opt=-pass-through=-lmingw32 -plugin-opt=-pass-through=-lgcc -plugin-opt=-pass-through=-lgcc_eh -plugin-opt=-pass-through=-lmoldname -plugin-opt=-pass-through=-lmingwex -plugin-opt=-pass-through=-lmsvcrt -plugin-opt=-pass-through=-lkernel32 -plugin-opt=-pass-through=-lpthread -plugin-opt=-pass-through=-ladvapi32 -plugin-opt=-pass-through=-lshell32 -plugin-opt=-pass-through=-luser32 -plugin-opt=-pass-through=-lkernel32 -plugin-opt=-pass-through=-lmingw32 -plugin-opt=-pass-through=-lgcc -plugin-opt=-pass-through=-lgcc_eh -plugin-opt=-pass-through=-lmoldname -plugin-opt=-pass-through=-lmingwex -plugin-opt=-pass-through=-lmsvcrt -plugin-opt=-pass-through=-lkernel32 --sysroot=/usr/local/Cellar/mingw-w64/9.0.0_3/toolchain-x86_64 -m i386pep -Bdynamic -o cmTC_2a61a.exe /usr/local/Cellar/mingw-w64/9.0.0_3/toolchain-x86_64/lib/gcc/x86_64-w64-mingw32/11.2.0/../../../../x86_64-w64-mingw32/lib/../lib/crt2.o /usr/local/Cellar/mingw-w64/9.0.0_3/toolchain-x86_64/lib/gcc/x86_64-w64-mingw32/11.2.0/crtbegin.o -L/usr/local/Cellar/mingw-w64/9.0.0_3/toolchain-x86_64/lib/gcc/x86_64-w64-mingw32/11.2.0 -L/usr/local/Cellar/mingw-w64/9.0.0_3/toolchain-x86_64/lib/gcc/x86_64-w64-mingw32/11.2.0/../../../../x86_64-w64-mingw32/lib/../lib -L/usr/local/Cellar/mingw-w64/9.0.0_3/toolchain-x86_64/mingw/lib/../lib -L/usr/local/Cellar/mingw-w64/9.0.0_3/toolchain-x86_64/lib/gcc/x86_64-w64-mingw32/11.2.0/../../../../x86_64-w64-mingw32/lib -L/usr/local/Cellar/mingw-w64/9.0.0_3/toolchain-x86_64/mingw/lib -search_paths_first -headerpad_max_install_names -v CMakeFiles/cmTC_2a61a.dir/CMakeCCompilerABI.c.o -lmingw32 -lgcc -lgcc_eh -lmoldname -lmingwex -lmsvcrt -lkernel32 -lpthread -ladvapi32 -lshell32 -luser32 -lkernel32 -lmingw32 -lgcc -lgcc_eh -lmoldname -lmingwex -lmsvcrt -lkernel32 /usr/local/Cellar/mingw-w64/9.0.0_3/toolchain-x86_64/lib/gcc/x86_64-w64-mingw32/11.2.0/crtend.o
collect2 version 11.2.0
/usr/local/Cellar/mingw-w64/9.0.0_3/toolchain-x86_64/bin/x86_64-w64-mingw32-ld -plugin /usr/local/Cellar/mingw-w64/9.0.0_3/toolchain-x86_64/libexec/gcc/x86_64-w64-mingw32/11.2.0/liblto_plugin.so -plugin-opt=/usr/local/Cellar/mingw-w64/9.0.0_3/toolchain-x86_64/libexec/gcc/x86_64-w64-mingw32/11.2.0/lto-wrapper -plugin-opt=-fresolution=/var/folders/zc/lq6xhv5j67730jglj7f0m3fm0000gn/T//cchkjDuI.res -plugin-opt=-pass-through=-lmingw32 -plugin-opt=-pass-through=-lgcc -plugin-opt=-pass-through=-lgcc_eh -plugin-opt=-pass-through=-lmoldname -plugin-opt=-pass-through=-lmingwex -plugin-opt=-pass-through=-lmsvcrt -plugin-opt=-pass-through=-lkernel32 -plugin-opt=-pass-through=-lpthread -plugin-opt=-pass-through=-ladvapi32 -plugin-opt=-pass-through=-lshell32 -plugin-opt=-pass-through=-luser32 -plugin-opt=-pass-through=-lkernel32 -plugin-opt=-pass-through=-lmingw32 -plugin-opt=-pass-through=-lgcc -plugin-opt=-pass-through=-lgcc_eh -plugin-opt=-pass-through=-lmoldname -plugin-opt=-pass-through=-lmingwex -plugin-opt=-pass-through=-lmsvcrt -plugin-opt=-pass-through=-lkernel32 --sysroot=/usr/local/Cellar/mingw-w64/9.0.0_3/toolchain-x86_64 -m i386pep -Bdynamic -o cmTC_2a61a.exe /usr/local/Cellar/mingw-w64/9.0.0_3/toolchain-x86_64/lib/gcc/x86_64-w64-mingw32/11.2.0/../../../../x86_64-w64-mingw32/lib/../lib/crt2.o /usr/local/Cellar/mingw-w64/9.0.0_3/toolchain-x86_64/lib/gcc/x86_64-w64-mingw32/11.2.0/crtbegin.o -L/usr/local/Cellar/mingw-w64/9.0.0_3/toolchain-x86_64/lib/gcc/x86_64-w64-mingw32/11.2.0 -L/usr/local/Cellar/mingw-w64/9.0.0_3/toolchain-x86_64/lib/gcc/x86_64-w64-mingw32/11.2.0/../../../../x86_64-w64-mingw32/lib/../lib -L/usr/local/Cellar/mingw-w64/9.0.0_3/toolchain-x86_64/mingw/lib/../lib -L/usr/local/Cellar/mingw-w64/9.0.0_3/toolchain-x86_64/lib/gcc/x86_64-w64-mingw32/11.2.0/../../../../x86_64-w64-mingw32/lib -L/usr/local/Cellar/mingw-w64/9.0.0_3/toolchain-x86_64/mingw/lib -search_paths_first -headerpad_max_install_names -v CMakeFiles/cmTC_2a61a.dir/CMakeCCompilerABI.c.o -lmingw32 -lgcc -lgcc_eh -lmoldname -lmingwex -lmsvcrt -lkernel32 -lpthread -ladvapi32 -lshell32 -luser32 -lkernel32 -lmingw32 -lgcc -lgcc_eh -lmoldname -lmingwex -lmsvcrt -lkernel32 /usr/local/Cellar/mingw-w64/9.0.0_3/toolchain-x86_64/lib/gcc/x86_64-w64-mingw32/11.2.0/crtend.o
/usr/local/Cellar/mingw-w64/9.0.0_3/toolchain-x86_64/bin/x86_64-w64-mingw32-ld: Error: unable to disambiguate: -search_paths_first (did you mean --search_paths_first ?)
collect2: error: ld returned 1 exit status
make[1]: *** [cmTC_2a61a] Error 1
make: *** [cmTC_2a61a/fast] Error 2




Determining if the C compiler works failed with the following output:
Change Dir: /Users/Chris/Desktop/Study2022/Earino 2022/C++/Second/build/CMakeFiles/CMakeTmp

Run Build Command(s):/usr/bin/make -f Makefile cmTC_c15d0/fast && /Library/Developer/CommandLineTools/usr/bin/make  -f CMakeFiles/cmTC_c15d0.dir/build.make CMakeFiles/cmTC_c15d0.dir/build
Building C object CMakeFiles/cmTC_c15d0.dir/testCCompiler.c.o
/usr/local/bin/x86_64-w64-mingw32-gcc-11.2.0   -isysroot /Library/Developer/CommandLineTools/SDKs/MacOSX11.3.sdk -o CMakeFiles/cmTC_c15d0.dir/testCCompiler.c.o -c "/Users/Chris/Desktop/Study2022/Earino 2022/C++/Second/build/CMakeFiles/CMakeTmp/testCCompiler.c"
Linking C executable cmTC_c15d0
/usr/local/Cellar/cmake/3.22.2/bin/cmake -E cmake_link_script CMakeFiles/cmTC_c15d0.dir/link.txt --verbose=1
/usr/local/bin/x86_64-w64-mingw32-gcc-11.2.0  -isysroot /Library/Developer/CommandLineTools/SDKs/MacOSX11.3.sdk -Wl,-search_paths_first -Wl,-headerpad_max_install_names CMakeFiles/cmTC_c15d0.dir/testCCompiler.c.o -o cmTC_c15d0 
/usr/local/Cellar/mingw-w64/9.0.0_3/toolchain-x86_64/bin/x86_64-w64-mingw32-ld: Error: unable to disambiguate: -search_paths_first (did you mean --search_paths_first ?)
collect2: error: ld returned 1 exit status
make[1]: *** [cmTC_c15d0] Error 1
make: *** [cmTC_c15d0/fast] Error 2



