The system is: Darwin - 20.6.0 - x86_64
Compiling the C compiler identification source file "CMakeCCompilerId.c" succeeded.
Compiler: /usr/local/bin/x86_64-w64-mingw32-gcc-11.2.0 
Build flags: 
Id flags:  

The output was:
0


Compilation of the C compiler identification source "CMakeCCompilerId.c" produced "a.exe"

The C compiler identification is GNU, found in "/Users/Chris/Desktop/Study2022/Earino 2022/C++/First PRogram/build/CMakeFiles/3.22.3/CompilerIdC/a.exe"

Compiling the CXX compiler identification source file "CMakeCXXCompilerId.cpp" succeeded.
Compiler: /usr/local/bin/x86_64-w64-mingw32-c++ 
Build flags: 
Id flags:  

The output was:
0


Compilation of the CXX compiler identification source "CMakeCXXCompilerId.cpp" produced "a.exe"

The CXX compiler identification is GNU, found in "/Users/Chris/Desktop/Study2022/Earino 2022/C++/First PRogram/build/CMakeFiles/3.22.3/CompilerIdCXX/a.exe"

Detecting C compiler ABI info compiled with the following output:
Change Dir: /Users/Chris/Desktop/Study2022/Earino 2022/C++/First PRogram/build/CMakeFiles/CMakeTmp

Run Build Command(s):/usr/bin/make -f Makefile cmTC_4eaff/fast && /Library/Developer/CommandLineTools/usr/bin/make  -f CMakeFiles/cmTC_4eaff.dir/build.make CMakeFiles/cmTC_4eaff.dir/build
Building C object CMakeFiles/cmTC_4eaff.dir/CMakeCCompilerABI.c.o
/usr/local/bin/x86_64-w64-mingw32-gcc-11.2.0   -isysroot /Library/Developer/CommandLineTools/SDKs/MacOSX11.3.sdk   -v -Wl,-v -o CMakeFiles/cmTC_4eaff.dir/CMakeCCompilerABI.c.o -c /usr/local/Cellar/cmake/3.22.3/share/cmake/Modules/CMakeCCompilerABI.c
Using built-in specs.
COLLECT_GCC=/usr/local/bin/x86_64-w64-mingw32-gcc-11.2.0
Target: x86_64-w64-mingw32
Configured with: ../configure --target=x86_64-w64-mingw32 --with-sysroot=/usr/local/Cellar/mingw-w64/9.0.0_3/toolchain-x86_64 --prefix=/usr/local/Cellar/mingw-w64/9.0.0_3/toolchain-x86_64 --with-bugurl=https://github.com/Homebrew/homebrew-core/issues --enable-languages=c,c++,fortran --with-ld=/usr/local/Cellar/mingw-w64/9.0.0_3/toolchain-x86_64/bin/x86_64-w64-mingw32-ld --with-as=/usr/local/Cellar/mingw-w64/9.0.0_3/toolchain-x86_64/bin/x86_64-w64-mingw32-as --with-gmp=/usr/local/opt/gmp --with-mpfr=/usr/local/opt/mpfr --with-mpc=/usr/local/opt/libmpc --with-isl=/usr/local/opt/isl --with-zstd=no --disable-multilib --disable-nls --enable-threads=posix
Thread model: posix
Supported LTO compression algorithms: zlib
gcc version 11.2.0 (GCC) 
COLLECT_GCC_OPTIONS='-isysroot' '/Library/Developer/CommandLineTools/SDKs/MacOSX11.3.sdk' '-v' '-o' 'CMakeFiles/cmTC_4eaff.dir/CMakeCCompilerABI.c.o' '-c' '-mtune=generic' '-march=x86-64' '-dumpdir' 'CMakeFiles/cmTC_4eaff.dir/'
 /usr/local/Cellar/mingw-w64/9.0.0_3/toolchain-x86_64/libexec/gcc/x86_64-w64-mingw32/11.2.0/cc1 -quiet -v -D_REENTRANT -isysroot /Library/Developer/CommandLineTools/SDKs/MacOSX11.3.sdk /usr/local/Cellar/cmake/3.22.3/share/cmake/Modules/CMakeCCompilerABI.c -quiet -dumpdir CMakeFiles/cmTC_4eaff.dir/ -dumpbase CMakeCCompilerABI.c.c -dumpbase-ext .c -mtune=generic -march=x86-64 -version -o /var/folders/zc/lq6xhv5j67730jglj7f0m3fm0000gn/T//cc6E2bfu.s
GNU C17 (GCC) version 11.2.0 (x86_64-w64-mingw32)
	compiled by GNU C version Apple LLVM 13.0.0 (clang-1300.0.29.30), GMP version 6.2.1, MPFR version 4.1.0, MPC version 1.2.1, isl version isl-0.24-GMP

GGC heuristics: --param ggc-min-expand=100 --param ggc-min-heapsize=131072
ignoring nonexistent directory "/Library/Developer/CommandLineTools/SDKs/MacOSX11.3.sdk/usr/local/include"
ignoring nonexistent directory "/Library/Developer/CommandLineTools/SDKs/MacOSX11.3.sdk/mingw/include"
#include "..." search starts here:
#include <...> search starts here:
 /usr/local/Cellar/mingw-w64/9.0.0_3/toolchain-x86_64/lib/gcc/x86_64-w64-mingw32/11.2.0/include
 /usr/local/Cellar/mingw-w64/9.0.0_3/toolchain-x86_64/lib/gcc/x86_64-w64-mingw32/11.2.0/include-fixed
 /usr/local/Cellar/mingw-w64/9.0.0_3/toolchain-x86_64/lib/gcc/x86_64-w64-mingw32/11.2.0/../../../../x86_64-w64-mingw32/include
End of search list.
GNU C17 (GCC) version 11.2.0 (x86_64-w64-mingw32)
	compiled by GNU C version Apple LLVM 13.0.0 (clang-1300.0.29.30), GMP version 6.2.1, MPFR version 4.1.0, MPC version 1.2.1, isl version isl-0.24-GMP

GGC heuristics: --param ggc-min-expand=100 --param ggc-min-heapsize=131072
Compiler executable checksum: b7b5f11645750dce82729982c7aaa063
COLLECT_GCC_OPTIONS='-isysroot' '/Library/Developer/CommandLineTools/SDKs/MacOSX11.3.sdk' '-v' '-o' 'CMakeFiles/cmTC_4eaff.dir/CMakeCCompilerABI.c.o' '-c' '-mtune=generic' '-march=x86-64' '-dumpdir' 'CMakeFiles/cmTC_4eaff.dir/'
 /usr/local/Cellar/mingw-w64/9.0.0_3/toolchain-x86_64/bin/x86_64-w64-mingw32-as -v -o CMakeFiles/cmTC_4eaff.dir/CMakeCCompilerABI.c.o /var/folders/zc/lq6xhv5j67730jglj7f0m3fm0000gn/T//cc6E2bfu.s
GNU assembler version 2.38 (x86_64-w64-mingw32) using BFD version (GNU Binutils) 2.38
COMPILER_PATH=/usr/local/Cellar/mingw-w64/9.0.0_3/toolchain-x86_64/libexec/gcc/x86_64-w64-mingw32/11.2.0/:/usr/local/Cellar/mingw-w64/9.0.0_3/toolchain-x86_64/libexec/gcc/x86_64-w64-mingw32/11.2.0/:/usr/local/Cellar/mingw-w64/9.0.0_3/toolchain-x86_64/libexec/gcc/x86_64-w64-mingw32/:/usr/local/Cellar/mingw-w64/9.0.0_3/toolchain-x86_64/lib/gcc/x86_64-w64-mingw32/11.2.0/:/usr/local/Cellar/mingw-w64/9.0.0_3/toolchain-x86_64/lib/gcc/x86_64-w64-mingw32/:/usr/local/Cellar/mingw-w64/9.0.0_3/toolchain-x86_64/lib/gcc/x86_64-w64-mingw32/11.2.0/../../../../x86_64-w64-mingw32/bin/
LIBRARY_PATH=/usr/local/Cellar/mingw-w64/9.0.0_3/toolchain-x86_64/lib/gcc/x86_64-w64-mingw32/11.2.0/:/usr/local/Cellar/mingw-w64/9.0.0_3/toolchain-x86_64/lib/gcc/x86_64-w64-mingw32/11.2.0/../../../../x86_64-w64-mingw32/lib/../lib/:/usr/local/Cellar/mingw-w64/9.0.0_3/toolchain-x86_64/mingw/lib/../lib/:/usr/local/Cellar/mingw-w64/9.0.0_3/toolchain-x86_64/lib/gcc/x86_64-w64-mingw32/11.2.0/../../../../x86_64-w64-mingw32/lib/:/usr/local/Cellar/mingw-w64/9.0.0_3/toolchain-x86_64/mingw/lib/
COLLECT_GCC_OPTIONS='-isysroot' '/Library/Developer/CommandLineTools/SDKs/MacOSX11.3.sdk' '-v' '-o' 'CMakeFiles/cmTC_4eaff.dir/CMakeCCompilerABI.c.o' '-c' '-mtune=generic' '-march=x86-64' '-dumpdir' 'CMakeFiles/cmTC_4eaff.dir/CMakeCCompilerABI.c.'
Linking C static library libcmTC_4eaff.a
/usr/local/Cellar/cmake/3.22.3/bin/cmake -P CMakeFiles/cmTC_4eaff.dir/cmake_clean_target.cmake
/usr/local/Cellar/cmake/3.22.3/bin/cmake -E cmake_link_script CMakeFiles/cmTC_4eaff.dir/link.txt --verbose=1
/usr/local/bin/x86_64-w64-mingw32-ar qc libcmTC_4eaff.a CMakeFiles/cmTC_4eaff.dir/CMakeCCompilerABI.c.o
/usr/local/bin/x86_64-w64-mingw32-ranlib libcmTC_4eaff.a



Parsed C implicit include dir info from above output: rv=done
  found start of include info
  found start of implicit include info
    add: [/usr/local/Cellar/mingw-w64/9.0.0_3/toolchain-x86_64/lib/gcc/x86_64-w64-mingw32/11.2.0/include]
    add: [/usr/local/Cellar/mingw-w64/9.0.0_3/toolchain-x86_64/lib/gcc/x86_64-w64-mingw32/11.2.0/include-fixed]
    add: [/usr/local/Cellar/mingw-w64/9.0.0_3/toolchain-x86_64/lib/gcc/x86_64-w64-mingw32/11.2.0/../../../../x86_64-w64-mingw32/include]
  end of search list found
  collapse include dir [/usr/local/Cellar/mingw-w64/9.0.0_3/toolchain-x86_64/lib/gcc/x86_64-w64-mingw32/11.2.0/include] ==> [/usr/local/Cellar/mingw-w64/9.0.0_3/toolchain-x86_64/lib/gcc/x86_64-w64-mingw32/11.2.0/include]
  collapse include dir [/usr/local/Cellar/mingw-w64/9.0.0_3/toolchain-x86_64/lib/gcc/x86_64-w64-mingw32/11.2.0/include-fixed] ==> [/usr/local/Cellar/mingw-w64/9.0.0_3/toolchain-x86_64/lib/gcc/x86_64-w64-mingw32/11.2.0/include-fixed]
  collapse include dir [/usr/local/Cellar/mingw-w64/9.0.0_3/toolchain-x86_64/lib/gcc/x86_64-w64-mingw32/11.2.0/../../../../x86_64-w64-mingw32/include] ==> [/usr/local/Cellar/mingw-w64/9.0.0_3/toolchain-x86_64/x86_64-w64-mingw32/include]
  implicit include dirs: [/usr/local/Cellar/mingw-w64/9.0.0_3/toolchain-x86_64/lib/gcc/x86_64-w64-mingw32/11.2.0/include;/usr/local/Cellar/mingw-w64/9.0.0_3/toolchain-x86_64/lib/gcc/x86_64-w64-mingw32/11.2.0/include-fixed;/usr/local/Cellar/mingw-w64/9.0.0_3/toolchain-x86_64/x86_64-w64-mingw32/include]


Parsed C implicit link information from above output:
  link line regex: [^( *|.*[/\])(x86_64-w64-mingw32-ld|CMAKE_LINK_STARTFILE-NOTFOUND|([^/\]+-)?ld|collect2)[^/\]*( |$)]
  ignore line: [Change Dir: /Users/Chris/Desktop/Study2022/Earino 2022/C++/First PRogram/build/CMakeFiles/CMakeTmp]
  ignore line: []
  ignore line: [Run Build Command(s):/usr/bin/make -f Makefile cmTC_4eaff/fast && /Library/Developer/CommandLineTools/usr/bin/make  -f CMakeFiles/cmTC_4eaff.dir/build.make CMakeFiles/cmTC_4eaff.dir/build]
  ignore line: [Building C object CMakeFiles/cmTC_4eaff.dir/CMakeCCompilerABI.c.o]
  ignore line: [/usr/local/bin/x86_64-w64-mingw32-gcc-11.2.0   -isysroot /Library/Developer/CommandLineTools/SDKs/MacOSX11.3.sdk   -v -Wl -v -o CMakeFiles/cmTC_4eaff.dir/CMakeCCompilerABI.c.o -c /usr/local/Cellar/cmake/3.22.3/share/cmake/Modules/CMakeCCompilerABI.c]
  ignore line: [Using built-in specs.]
  ignore line: [COLLECT_GCC=/usr/local/bin/x86_64-w64-mingw32-gcc-11.2.0]
  ignore line: [Target: x86_64-w64-mingw32]
  ignore line: [Configured with: ../configure --target=x86_64-w64-mingw32 --with-sysroot=/usr/local/Cellar/mingw-w64/9.0.0_3/toolchain-x86_64 --prefix=/usr/local/Cellar/mingw-w64/9.0.0_3/toolchain-x86_64 --with-bugurl=https://github.com/Homebrew/homebrew-core/issues --enable-languages=c,c++,fortran --with-ld=/usr/local/Cellar/mingw-w64/9.0.0_3/toolchain-x86_64/bin/x86_64-w64-mingw32-ld --with-as=/usr/local/Cellar/mingw-w64/9.0.0_3/toolchain-x86_64/bin/x86_64-w64-mingw32-as --with-gmp=/usr/local/opt/gmp --with-mpfr=/usr/local/opt/mpfr --with-mpc=/usr/local/opt/libmpc --with-isl=/usr/local/opt/isl --with-zstd=no --disable-multilib --disable-nls --enable-threads=posix]
  ignore line: [Thread model: posix]
  ignore line: [Supported LTO compression algorithms: zlib]
  ignore line: [gcc version 11.2.0 (GCC) ]
  ignore line: [COLLECT_GCC_OPTIONS='-isysroot' '/Library/Developer/CommandLineTools/SDKs/MacOSX11.3.sdk' '-v' '-o' 'CMakeFiles/cmTC_4eaff.dir/CMakeCCompilerABI.c.o' '-c' '-mtune=generic' '-march=x86-64' '-dumpdir' 'CMakeFiles/cmTC_4eaff.dir/']
  ignore line: [ /usr/local/Cellar/mingw-w64/9.0.0_3/toolchain-x86_64/libexec/gcc/x86_64-w64-mingw32/11.2.0/cc1 -quiet -v -D_REENTRANT -isysroot /Library/Developer/CommandLineTools/SDKs/MacOSX11.3.sdk /usr/local/Cellar/cmake/3.22.3/share/cmake/Modules/CMakeCCompilerABI.c -quiet -dumpdir CMakeFiles/cmTC_4eaff.dir/ -dumpbase CMakeCCompilerABI.c.c -dumpbase-ext .c -mtune=generic -march=x86-64 -version -o /var/folders/zc/lq6xhv5j67730jglj7f0m3fm0000gn/T//cc6E2bfu.s]
  ignore line: [GNU C17 (GCC) version 11.2.0 (x86_64-w64-mingw32)]
  ignore line: [	compiled by GNU C version Apple LLVM 13.0.0 (clang-1300.0.29.30)  GMP version 6.2.1  MPFR version 4.1.0  MPC version 1.2.1  isl version isl-0.24-GMP]
  ignore line: []
  ignore line: [GGC heuristics: --param ggc-min-expand=100 --param ggc-min-heapsize=131072]
  ignore line: [ignoring nonexistent directory "/Library/Developer/CommandLineTools/SDKs/MacOSX11.3.sdk/usr/local/include"]
  ignore line: [ignoring nonexistent directory "/Library/Developer/CommandLineTools/SDKs/MacOSX11.3.sdk/mingw/include"]
  ignore line: [#include "..." search starts here:]
  ignore line: [#include <...> search starts here:]
  ignore line: [ /usr/local/Cellar/mingw-w64/9.0.0_3/toolchain-x86_64/lib/gcc/x86_64-w64-mingw32/11.2.0/include]
  ignore line: [ /usr/local/Cellar/mingw-w64/9.0.0_3/toolchain-x86_64/lib/gcc/x86_64-w64-mingw32/11.2.0/include-fixed]
  ignore line: [ /usr/local/Cellar/mingw-w64/9.0.0_3/toolchain-x86_64/lib/gcc/x86_64-w64-mingw32/11.2.0/../../../../x86_64-w64-mingw32/include]
  ignore line: [End of search list.]
  ignore line: [GNU C17 (GCC) version 11.2.0 (x86_64-w64-mingw32)]
  ignore line: [	compiled by GNU C version Apple LLVM 13.0.0 (clang-1300.0.29.30)  GMP version 6.2.1  MPFR version 4.1.0  MPC version 1.2.1  isl version isl-0.24-GMP]
  ignore line: []
  ignore line: [GGC heuristics: --param ggc-min-expand=100 --param ggc-min-heapsize=131072]
  ignore line: [Compiler executable checksum: b7b5f11645750dce82729982c7aaa063]
  ignore line: [COLLECT_GCC_OPTIONS='-isysroot' '/Library/Developer/CommandLineTools/SDKs/MacOSX11.3.sdk' '-v' '-o' 'CMakeFiles/cmTC_4eaff.dir/CMakeCCompilerABI.c.o' '-c' '-mtune=generic' '-march=x86-64' '-dumpdir' 'CMakeFiles/cmTC_4eaff.dir/']
  ignore line: [ /usr/local/Cellar/mingw-w64/9.0.0_3/toolchain-x86_64/bin/x86_64-w64-mingw32-as -v -o CMakeFiles/cmTC_4eaff.dir/CMakeCCompilerABI.c.o /var/folders/zc/lq6xhv5j67730jglj7f0m3fm0000gn/T//cc6E2bfu.s]
  ignore line: [GNU assembler version 2.38 (x86_64-w64-mingw32) using BFD version (GNU Binutils) 2.38]
  ignore line: [COMPILER_PATH=/usr/local/Cellar/mingw-w64/9.0.0_3/toolchain-x86_64/libexec/gcc/x86_64-w64-mingw32/11.2.0/:/usr/local/Cellar/mingw-w64/9.0.0_3/toolchain-x86_64/libexec/gcc/x86_64-w64-mingw32/11.2.0/:/usr/local/Cellar/mingw-w64/9.0.0_3/toolchain-x86_64/libexec/gcc/x86_64-w64-mingw32/:/usr/local/Cellar/mingw-w64/9.0.0_3/toolchain-x86_64/lib/gcc/x86_64-w64-mingw32/11.2.0/:/usr/local/Cellar/mingw-w64/9.0.0_3/toolchain-x86_64/lib/gcc/x86_64-w64-mingw32/:/usr/local/Cellar/mingw-w64/9.0.0_3/toolchain-x86_64/lib/gcc/x86_64-w64-mingw32/11.2.0/../../../../x86_64-w64-mingw32/bin/]
  ignore line: [LIBRARY_PATH=/usr/local/Cellar/mingw-w64/9.0.0_3/toolchain-x86_64/lib/gcc/x86_64-w64-mingw32/11.2.0/:/usr/local/Cellar/mingw-w64/9.0.0_3/toolchain-x86_64/lib/gcc/x86_64-w64-mingw32/11.2.0/../../../../x86_64-w64-mingw32/lib/../lib/:/usr/local/Cellar/mingw-w64/9.0.0_3/toolchain-x86_64/mingw/lib/../lib/:/usr/local/Cellar/mingw-w64/9.0.0_3/toolchain-x86_64/lib/gcc/x86_64-w64-mingw32/11.2.0/../../../../x86_64-w64-mingw32/lib/:/usr/local/Cellar/mingw-w64/9.0.0_3/toolchain-x86_64/mingw/lib/]
  ignore line: [COLLECT_GCC_OPTIONS='-isysroot' '/Library/Developer/CommandLineTools/SDKs/MacOSX11.3.sdk' '-v' '-o' 'CMakeFiles/cmTC_4eaff.dir/CMakeCCompilerABI.c.o' '-c' '-mtune=generic' '-march=x86-64' '-dumpdir' 'CMakeFiles/cmTC_4eaff.dir/CMakeCCompilerABI.c.']
  ignore line: [Linking C static library libcmTC_4eaff.a]
  ignore line: [/usr/local/Cellar/cmake/3.22.3/bin/cmake -P CMakeFiles/cmTC_4eaff.dir/cmake_clean_target.cmake]
  ignore line: [/usr/local/Cellar/cmake/3.22.3/bin/cmake -E cmake_link_script CMakeFiles/cmTC_4eaff.dir/link.txt --verbose=1]
  ignore line: [/usr/local/bin/x86_64-w64-mingw32-ar qc libcmTC_4eaff.a CMakeFiles/cmTC_4eaff.dir/CMakeCCompilerABI.c.o]
  ignore line: [/usr/local/bin/x86_64-w64-mingw32-ranlib libcmTC_4eaff.a]
  ignore line: []
  ignore line: []
  implicit libs: []
  implicit objs: []
  implicit dirs: []
  implicit fwks: []


Detecting CXX compiler ABI info compiled with the following output:
Change Dir: /Users/Chris/Desktop/Study2022/Earino 2022/C++/First PRogram/build/CMakeFiles/CMakeTmp

Run Build Command(s):/usr/bin/make -f Makefile cmTC_ff8d1/fast && /Library/Developer/CommandLineTools/usr/bin/make  -f CMakeFiles/cmTC_ff8d1.dir/build.make CMakeFiles/cmTC_ff8d1.dir/build
Building CXX object CMakeFiles/cmTC_ff8d1.dir/CMakeCXXCompilerABI.cpp.o
/usr/local/bin/x86_64-w64-mingw32-c++   -isysroot /Library/Developer/CommandLineTools/SDKs/MacOSX11.3.sdk   -v -Wl,-v -o CMakeFiles/cmTC_ff8d1.dir/CMakeCXXCompilerABI.cpp.o -c /usr/local/Cellar/cmake/3.22.3/share/cmake/Modules/CMakeCXXCompilerABI.cpp
Using built-in specs.
COLLECT_GCC=/usr/local/bin/x86_64-w64-mingw32-c++
Target: x86_64-w64-mingw32
Configured with: ../configure --target=x86_64-w64-mingw32 --with-sysroot=/usr/local/Cellar/mingw-w64/9.0.0_3/toolchain-x86_64 --prefix=/usr/local/Cellar/mingw-w64/9.0.0_3/toolchain-x86_64 --with-bugurl=https://github.com/Homebrew/homebrew-core/issues --enable-languages=c,c++,fortran --with-ld=/usr/local/Cellar/mingw-w64/9.0.0_3/toolchain-x86_64/bin/x86_64-w64-mingw32-ld --with-as=/usr/local/Cellar/mingw-w64/9.0.0_3/toolchain-x86_64/bin/x86_64-w64-mingw32-as --with-gmp=/usr/local/opt/gmp --with-mpfr=/usr/local/opt/mpfr --with-mpc=/usr/local/opt/libmpc --with-isl=/usr/local/opt/isl --with-zstd=no --disable-multilib --disable-nls --enable-threads=posix
Thread model: posix
Supported LTO compression algorithms: zlib
gcc version 11.2.0 (GCC) 
COLLECT_GCC_OPTIONS='-isysroot' '/Library/Developer/CommandLineTools/SDKs/MacOSX11.3.sdk' '-v' '-o' 'CMakeFiles/cmTC_ff8d1.dir/CMakeCXXCompilerABI.cpp.o' '-c' '-shared-libgcc' '-mtune=generic' '-march=x86-64' '-dumpdir' 'CMakeFiles/cmTC_ff8d1.dir/'
 /usr/local/Cellar/mingw-w64/9.0.0_3/toolchain-x86_64/libexec/gcc/x86_64-w64-mingw32/11.2.0/cc1plus -quiet -v -D_REENTRANT -isysroot /Library/Developer/CommandLineTools/SDKs/MacOSX11.3.sdk /usr/local/Cellar/cmake/3.22.3/share/cmake/Modules/CMakeCXXCompilerABI.cpp -quiet -dumpdir CMakeFiles/cmTC_ff8d1.dir/ -dumpbase CMakeCXXCompilerABI.cpp.cpp -dumpbase-ext .cpp -mtune=generic -march=x86-64 -version -o /var/folders/zc/lq6xhv5j67730jglj7f0m3fm0000gn/T//cc98kLeh.s
GNU C++17 (GCC) version 11.2.0 (x86_64-w64-mingw32)
	compiled by GNU C version Apple LLVM 13.0.0 (clang-1300.0.29.30), GMP version 6.2.1, MPFR version 4.1.0, MPC version 1.2.1, isl version isl-0.24-GMP

GGC heuristics: --param ggc-min-expand=100 --param ggc-min-heapsize=131072
ignoring nonexistent directory "/Library/Developer/CommandLineTools/SDKs/MacOSX11.3.sdk/usr/local/include"
ignoring nonexistent directory "/Library/Developer/CommandLineTools/SDKs/MacOSX11.3.sdk/mingw/include"
#include "..." search starts here:
#include <...> search starts here:
 /usr/local/Cellar/mingw-w64/9.0.0_3/toolchain-x86_64/lib/gcc/x86_64-w64-mingw32/11.2.0/../../../../x86_64-w64-mingw32/include/c++/11.2.0
 /usr/local/Cellar/mingw-w64/9.0.0_3/toolchain-x86_64/lib/gcc/x86_64-w64-mingw32/11.2.0/../../../../x86_64-w64-mingw32/include/c++/11.2.0/x86_64-w64-mingw32
 /usr/local/Cellar/mingw-w64/9.0.0_3/toolchain-x86_64/lib/gcc/x86_64-w64-mingw32/11.2.0/../../../../x86_64-w64-mingw32/include/c++/11.2.0/backward
 /usr/local/Cellar/mingw-w64/9.0.0_3/toolchain-x86_64/lib/gcc/x86_64-w64-mingw32/11.2.0/include
 /usr/local/Cellar/mingw-w64/9.0.0_3/toolchain-x86_64/lib/gcc/x86_64-w64-mingw32/11.2.0/include-fixed
 /usr/local/Cellar/mingw-w64/9.0.0_3/toolchain-x86_64/lib/gcc/x86_64-w64-mingw32/11.2.0/../../../../x86_64-w64-mingw32/include
End of search list.
GNU C++17 (GCC) version 11.2.0 (x86_64-w64-mingw32)
	compiled by GNU C version Apple LLVM 13.0.0 (clang-1300.0.29.30), GMP version 6.2.1, MPFR version 4.1.0, MPC version 1.2.1, isl version isl-0.24-GMP

GGC heuristics: --param ggc-min-expand=100 --param ggc-min-heapsize=131072
Compiler executable checksum: 442850958335ebc94e5ebe5cddf7de91
COLLECT_GCC_OPTIONS='-isysroot' '/Library/Developer/CommandLineTools/SDKs/MacOSX11.3.sdk' '-v' '-o' 'CMakeFiles/cmTC_ff8d1.dir/CMakeCXXCompilerABI.cpp.o' '-c' '-shared-libgcc' '-mtune=generic' '-march=x86-64' '-dumpdir' 'CMakeFiles/cmTC_ff8d1.dir/'
 /usr/local/Cellar/mingw-w64/9.0.0_3/toolchain-x86_64/bin/x86_64-w64-mingw32-as -v -o CMakeFiles/cmTC_ff8d1.dir/CMakeCXXCompilerABI.cpp.o /var/folders/zc/lq6xhv5j67730jglj7f0m3fm0000gn/T//cc98kLeh.s
GNU assembler version 2.38 (x86_64-w64-mingw32) using BFD version (GNU Binutils) 2.38
COMPILER_PATH=/usr/local/Cellar/mingw-w64/9.0.0_3/toolchain-x86_64/libexec/gcc/x86_64-w64-mingw32/11.2.0/:/usr/local/Cellar/mingw-w64/9.0.0_3/toolchain-x86_64/libexec/gcc/x86_64-w64-mingw32/11.2.0/:/usr/local/Cellar/mingw-w64/9.0.0_3/toolchain-x86_64/libexec/gcc/x86_64-w64-mingw32/:/usr/local/Cellar/mingw-w64/9.0.0_3/toolchain-x86_64/lib/gcc/x86_64-w64-mingw32/11.2.0/:/usr/local/Cellar/mingw-w64/9.0.0_3/toolchain-x86_64/lib/gcc/x86_64-w64-mingw32/:/usr/local/Cellar/mingw-w64/9.0.0_3/toolchain-x86_64/lib/gcc/x86_64-w64-mingw32/11.2.0/../../../../x86_64-w64-mingw32/bin/
LIBRARY_PATH=/usr/local/Cellar/mingw-w64/9.0.0_3/toolchain-x86_64/lib/gcc/x86_64-w64-mingw32/11.2.0/:/usr/local/Cellar/mingw-w64/9.0.0_3/toolchain-x86_64/lib/gcc/x86_64-w64-mingw32/11.2.0/../../../../x86_64-w64-mingw32/lib/../lib/:/usr/local/Cellar/mingw-w64/9.0.0_3/toolchain-x86_64/mingw/lib/../lib/:/usr/local/Cellar/mingw-w64/9.0.0_3/toolchain-x86_64/lib/gcc/x86_64-w64-mingw32/11.2.0/../../../../x86_64-w64-mingw32/lib/:/usr/local/Cellar/mingw-w64/9.0.0_3/toolchain-x86_64/mingw/lib/
COLLECT_GCC_OPTIONS='-isysroot' '/Library/Developer/CommandLineTools/SDKs/MacOSX11.3.sdk' '-v' '-o' 'CMakeFiles/cmTC_ff8d1.dir/CMakeCXXCompilerABI.cpp.o' '-c' '-shared-libgcc' '-mtune=generic' '-march=x86-64' '-dumpdir' 'CMakeFiles/cmTC_ff8d1.dir/CMakeCXXCompilerABI.cpp.'
Linking CXX static library libcmTC_ff8d1.a
/usr/local/Cellar/cmake/3.22.3/bin/cmake -P CMakeFiles/cmTC_ff8d1.dir/cmake_clean_target.cmake
/usr/local/Cellar/cmake/3.22.3/bin/cmake -E cmake_link_script CMakeFiles/cmTC_ff8d1.dir/link.txt --verbose=1
/usr/local/bin/x86_64-w64-mingw32-ar qc libcmTC_ff8d1.a CMakeFiles/cmTC_ff8d1.dir/CMakeCXXCompilerABI.cpp.o
/usr/local/bin/x86_64-w64-mingw32-ranlib libcmTC_ff8d1.a



Parsed CXX implicit include dir info from above output: rv=done
  found start of include info
  found start of implicit include info
    add: [/usr/local/Cellar/mingw-w64/9.0.0_3/toolchain-x86_64/lib/gcc/x86_64-w64-mingw32/11.2.0/../../../../x86_64-w64-mingw32/include/c++/11.2.0]
    add: [/usr/local/Cellar/mingw-w64/9.0.0_3/toolchain-x86_64/lib/gcc/x86_64-w64-mingw32/11.2.0/../../../../x86_64-w64-mingw32/include/c++/11.2.0/x86_64-w64-mingw32]
    add: [/usr/local/Cellar/mingw-w64/9.0.0_3/toolchain-x86_64/lib/gcc/x86_64-w64-mingw32/11.2.0/../../../../x86_64-w64-mingw32/include/c++/11.2.0/backward]
    add: [/usr/local/Cellar/mingw-w64/9.0.0_3/toolchain-x86_64/lib/gcc/x86_64-w64-mingw32/11.2.0/include]
    add: [/usr/local/Cellar/mingw-w64/9.0.0_3/toolchain-x86_64/lib/gcc/x86_64-w64-mingw32/11.2.0/include-fixed]
    add: [/usr/local/Cellar/mingw-w64/9.0.0_3/toolchain-x86_64/lib/gcc/x86_64-w64-mingw32/11.2.0/../../../../x86_64-w64-mingw32/include]
  end of search list found
  collapse include dir [/usr/local/Cellar/mingw-w64/9.0.0_3/toolchain-x86_64/lib/gcc/x86_64-w64-mingw32/11.2.0/../../../../x86_64-w64-mingw32/include/c++/11.2.0] ==> [/usr/local/Cellar/mingw-w64/9.0.0_3/toolchain-x86_64/x86_64-w64-mingw32/include/c++/11.2.0]
  collapse include dir [/usr/local/Cellar/mingw-w64/9.0.0_3/toolchain-x86_64/lib/gcc/x86_64-w64-mingw32/11.2.0/../../../../x86_64-w64-mingw32/include/c++/11.2.0/x86_64-w64-mingw32] ==> [/usr/local/Cellar/mingw-w64/9.0.0_3/toolchain-x86_64/x86_64-w64-mingw32/include/c++/11.2.0/x86_64-w64-mingw32]
  collapse include dir [/usr/local/Cellar/mingw-w64/9.0.0_3/toolchain-x86_64/lib/gcc/x86_64-w64-mingw32/11.2.0/../../../../x86_64-w64-mingw32/include/c++/11.2.0/backward] ==> [/usr/local/Cellar/mingw-w64/9.0.0_3/toolchain-x86_64/x86_64-w64-mingw32/include/c++/11.2.0/backward]
  collapse include dir [/usr/local/Cellar/mingw-w64/9.0.0_3/toolchain-x86_64/lib/gcc/x86_64-w64-mingw32/11.2.0/include] ==> [/usr/local/Cellar/mingw-w64/9.0.0_3/toolchain-x86_64/lib/gcc/x86_64-w64-mingw32/11.2.0/include]
  collapse include dir [/usr/local/Cellar/mingw-w64/9.0.0_3/toolchain-x86_64/lib/gcc/x86_64-w64-mingw32/11.2.0/include-fixed] ==> [/usr/local/Cellar/mingw-w64/9.0.0_3/toolchain-x86_64/lib/gcc/x86_64-w64-mingw32/11.2.0/include-fixed]
  collapse include dir [/usr/local/Cellar/mingw-w64/9.0.0_3/toolchain-x86_64/lib/gcc/x86_64-w64-mingw32/11.2.0/../../../../x86_64-w64-mingw32/include] ==> [/usr/local/Cellar/mingw-w64/9.0.0_3/toolchain-x86_64/x86_64-w64-mingw32/include]
  implicit include dirs: [/usr/local/Cellar/mingw-w64/9.0.0_3/toolchain-x86_64/x86_64-w64-mingw32/include/c++/11.2.0;/usr/local/Cellar/mingw-w64/9.0.0_3/toolchain-x86_64/x86_64-w64-mingw32/include/c++/11.2.0/x86_64-w64-mingw32;/usr/local/Cellar/mingw-w64/9.0.0_3/toolchain-x86_64/x86_64-w64-mingw32/include/c++/11.2.0/backward;/usr/local/Cellar/mingw-w64/9.0.0_3/toolchain-x86_64/lib/gcc/x86_64-w64-mingw32/11.2.0/include;/usr/local/Cellar/mingw-w64/9.0.0_3/toolchain-x86_64/lib/gcc/x86_64-w64-mingw32/11.2.0/include-fixed;/usr/local/Cellar/mingw-w64/9.0.0_3/toolchain-x86_64/x86_64-w64-mingw32/include]


Parsed CXX implicit link information from above output:
  link line regex: [^( *|.*[/\])(x86_64-w64-mingw32-ld|CMAKE_LINK_STARTFILE-NOTFOUND|([^/\]+-)?ld|collect2)[^/\]*( |$)]
  ignore line: [Change Dir: /Users/Chris/Desktop/Study2022/Earino 2022/C++/First PRogram/build/CMakeFiles/CMakeTmp]
  ignore line: []
  ignore line: [Run Build Command(s):/usr/bin/make -f Makefile cmTC_ff8d1/fast && /Library/Developer/CommandLineTools/usr/bin/make  -f CMakeFiles/cmTC_ff8d1.dir/build.make CMakeFiles/cmTC_ff8d1.dir/build]
  ignore line: [Building CXX object CMakeFiles/cmTC_ff8d1.dir/CMakeCXXCompilerABI.cpp.o]
  ignore line: [/usr/local/bin/x86_64-w64-mingw32-c++   -isysroot /Library/Developer/CommandLineTools/SDKs/MacOSX11.3.sdk   -v -Wl -v -o CMakeFiles/cmTC_ff8d1.dir/CMakeCXXCompilerABI.cpp.o -c /usr/local/Cellar/cmake/3.22.3/share/cmake/Modules/CMakeCXXCompilerABI.cpp]
  ignore line: [Using built-in specs.]
  ignore line: [COLLECT_GCC=/usr/local/bin/x86_64-w64-mingw32-c++]
  ignore line: [Target: x86_64-w64-mingw32]
  ignore line: [Configured with: ../configure --target=x86_64-w64-mingw32 --with-sysroot=/usr/local/Cellar/mingw-w64/9.0.0_3/toolchain-x86_64 --prefix=/usr/local/Cellar/mingw-w64/9.0.0_3/toolchain-x86_64 --with-bugurl=https://github.com/Homebrew/homebrew-core/issues --enable-languages=c,c++,fortran --with-ld=/usr/local/Cellar/mingw-w64/9.0.0_3/toolchain-x86_64/bin/x86_64-w64-mingw32-ld --with-as=/usr/local/Cellar/mingw-w64/9.0.0_3/toolchain-x86_64/bin/x86_64-w64-mingw32-as --with-gmp=/usr/local/opt/gmp --with-mpfr=/usr/local/opt/mpfr --with-mpc=/usr/local/opt/libmpc --with-isl=/usr/local/opt/isl --with-zstd=no --disable-multilib --disable-nls --enable-threads=posix]
  ignore line: [Thread model: posix]
  ignore line: [Supported LTO compression algorithms: zlib]
  ignore line: [gcc version 11.2.0 (GCC) ]
  ignore line: [COLLECT_GCC_OPTIONS='-isysroot' '/Library/Developer/CommandLineTools/SDKs/MacOSX11.3.sdk' '-v' '-o' 'CMakeFiles/cmTC_ff8d1.dir/CMakeCXXCompilerABI.cpp.o' '-c' '-shared-libgcc' '-mtune=generic' '-march=x86-64' '-dumpdir' 'CMakeFiles/cmTC_ff8d1.dir/']
  ignore line: [ /usr/local/Cellar/mingw-w64/9.0.0_3/toolchain-x86_64/libexec/gcc/x86_64-w64-mingw32/11.2.0/cc1plus -quiet -v -D_REENTRANT -isysroot /Library/Developer/CommandLineTools/SDKs/MacOSX11.3.sdk /usr/local/Cellar/cmake/3.22.3/share/cmake/Modules/CMakeCXXCompilerABI.cpp -quiet -dumpdir CMakeFiles/cmTC_ff8d1.dir/ -dumpbase CMakeCXXCompilerABI.cpp.cpp -dumpbase-ext .cpp -mtune=generic -march=x86-64 -version -o /var/folders/zc/lq6xhv5j67730jglj7f0m3fm0000gn/T//cc98kLeh.s]
  ignore line: [GNU C++17 (GCC) version 11.2.0 (x86_64-w64-mingw32)]
  ignore line: [	compiled by GNU C version Apple LLVM 13.0.0 (clang-1300.0.29.30)  GMP version 6.2.1  MPFR version 4.1.0  MPC version 1.2.1  isl version isl-0.24-GMP]
  ignore line: []
  ignore line: [GGC heuristics: --param ggc-min-expand=100 --param ggc-min-heapsize=131072]
  ignore line: [ignoring nonexistent directory "/Library/Developer/CommandLineTools/SDKs/MacOSX11.3.sdk/usr/local/include"]
  ignore line: [ignoring nonexistent directory "/Library/Developer/CommandLineTools/SDKs/MacOSX11.3.sdk/mingw/include"]
  ignore line: [#include "..." search starts here:]
  ignore line: [#include <...> search starts here:]
  ignore line: [ /usr/local/Cellar/mingw-w64/9.0.0_3/toolchain-x86_64/lib/gcc/x86_64-w64-mingw32/11.2.0/../../../../x86_64-w64-mingw32/include/c++/11.2.0]
  ignore line: [ /usr/local/Cellar/mingw-w64/9.0.0_3/toolchain-x86_64/lib/gcc/x86_64-w64-mingw32/11.2.0/../../../../x86_64-w64-mingw32/include/c++/11.2.0/x86_64-w64-mingw32]
  ignore line: [ /usr/local/Cellar/mingw-w64/9.0.0_3/toolchain-x86_64/lib/gcc/x86_64-w64-mingw32/11.2.0/../../../../x86_64-w64-mingw32/include/c++/11.2.0/backward]
  ignore line: [ /usr/local/Cellar/mingw-w64/9.0.0_3/toolchain-x86_64/lib/gcc/x86_64-w64-mingw32/11.2.0/include]
  ignore line: [ /usr/local/Cellar/mingw-w64/9.0.0_3/toolchain-x86_64/lib/gcc/x86_64-w64-mingw32/11.2.0/include-fixed]
  ignore line: [ /usr/local/Cellar/mingw-w64/9.0.0_3/toolchain-x86_64/lib/gcc/x86_64-w64-mingw32/11.2.0/../../../../x86_64-w64-mingw32/include]
  ignore line: [End of search list.]
  ignore line: [GNU C++17 (GCC) version 11.2.0 (x86_64-w64-mingw32)]
  ignore line: [	compiled by GNU C version Apple LLVM 13.0.0 (clang-1300.0.29.30)  GMP version 6.2.1  MPFR version 4.1.0  MPC version 1.2.1  isl version isl-0.24-GMP]
  ignore line: []
  ignore line: [GGC heuristics: --param ggc-min-expand=100 --param ggc-min-heapsize=131072]
  ignore line: [Compiler executable checksum: 442850958335ebc94e5ebe5cddf7de91]
  ignore line: [COLLECT_GCC_OPTIONS='-isysroot' '/Library/Developer/CommandLineTools/SDKs/MacOSX11.3.sdk' '-v' '-o' 'CMakeFiles/cmTC_ff8d1.dir/CMakeCXXCompilerABI.cpp.o' '-c' '-shared-libgcc' '-mtune=generic' '-march=x86-64' '-dumpdir' 'CMakeFiles/cmTC_ff8d1.dir/']
  ignore line: [ /usr/local/Cellar/mingw-w64/9.0.0_3/toolchain-x86_64/bin/x86_64-w64-mingw32-as -v -o CMakeFiles/cmTC_ff8d1.dir/CMakeCXXCompilerABI.cpp.o /var/folders/zc/lq6xhv5j67730jglj7f0m3fm0000gn/T//cc98kLeh.s]
  ignore line: [GNU assembler version 2.38 (x86_64-w64-mingw32) using BFD version (GNU Binutils) 2.38]
  ignore line: [COMPILER_PATH=/usr/local/Cellar/mingw-w64/9.0.0_3/toolchain-x86_64/libexec/gcc/x86_64-w64-mingw32/11.2.0/:/usr/local/Cellar/mingw-w64/9.0.0_3/toolchain-x86_64/libexec/gcc/x86_64-w64-mingw32/11.2.0/:/usr/local/Cellar/mingw-w64/9.0.0_3/toolchain-x86_64/libexec/gcc/x86_64-w64-mingw32/:/usr/local/Cellar/mingw-w64/9.0.0_3/toolchain-x86_64/lib/gcc/x86_64-w64-mingw32/11.2.0/:/usr/local/Cellar/mingw-w64/9.0.0_3/toolchain-x86_64/lib/gcc/x86_64-w64-mingw32/:/usr/local/Cellar/mingw-w64/9.0.0_3/toolchain-x86_64/lib/gcc/x86_64-w64-mingw32/11.2.0/../../../../x86_64-w64-mingw32/bin/]
  ignore line: [LIBRARY_PATH=/usr/local/Cellar/mingw-w64/9.0.0_3/toolchain-x86_64/lib/gcc/x86_64-w64-mingw32/11.2.0/:/usr/local/Cellar/mingw-w64/9.0.0_3/toolchain-x86_64/lib/gcc/x86_64-w64-mingw32/11.2.0/../../../../x86_64-w64-mingw32/lib/../lib/:/usr/local/Cellar/mingw-w64/9.0.0_3/toolchain-x86_64/mingw/lib/../lib/:/usr/local/Cellar/mingw-w64/9.0.0_3/toolchain-x86_64/lib/gcc/x86_64-w64-mingw32/11.2.0/../../../../x86_64-w64-mingw32/lib/:/usr/local/Cellar/mingw-w64/9.0.0_3/toolchain-x86_64/mingw/lib/]
  ignore line: [COLLECT_GCC_OPTIONS='-isysroot' '/Library/Developer/CommandLineTools/SDKs/MacOSX11.3.sdk' '-v' '-o' 'CMakeFiles/cmTC_ff8d1.dir/CMakeCXXCompilerABI.cpp.o' '-c' '-shared-libgcc' '-mtune=generic' '-march=x86-64' '-dumpdir' 'CMakeFiles/cmTC_ff8d1.dir/CMakeCXXCompilerABI.cpp.']
  ignore line: [Linking CXX static library libcmTC_ff8d1.a]
  ignore line: [/usr/local/Cellar/cmake/3.22.3/bin/cmake -P CMakeFiles/cmTC_ff8d1.dir/cmake_clean_target.cmake]
  ignore line: [/usr/local/Cellar/cmake/3.22.3/bin/cmake -E cmake_link_script CMakeFiles/cmTC_ff8d1.dir/link.txt --verbose=1]
  ignore line: [/usr/local/bin/x86_64-w64-mingw32-ar qc libcmTC_ff8d1.a CMakeFiles/cmTC_ff8d1.dir/CMakeCXXCompilerABI.cpp.o]
  ignore line: [/usr/local/bin/x86_64-w64-mingw32-ranlib libcmTC_ff8d1.a]
  ignore line: []
  ignore line: []
  implicit libs: []
  implicit objs: []
  implicit dirs: []
  implicit fwks: []


