Detecting C compiler ABI info failed to compile with the following output:
Change Dir: /Users/Chris/Desktop/Study2022/Earino 2022/C++/1hSeira/build/CMakeFiles/CMakeTmp

Run Build Command(s):/usr/bin/make -f Makefile cmTC_37bda/fast && /Library/Developer/CommandLineTools/usr/bin/make  -f CMakeFiles/cmTC_37bda.dir/build.make CMakeFiles/cmTC_37bda.dir/build
Building C object CMakeFiles/cmTC_37bda.dir/CMakeCCompilerABI.c.o
/usr/local/bin/i686-w64-mingw32-gcc-11.2.0   -isysroot /Library/Developer/CommandLineTools/SDKs/MacOSX11.3.sdk   -v -Wl,-v -o CMakeFiles/cmTC_37bda.dir/CMakeCCompilerABI.c.o -c /usr/local/Cellar/cmake/3.22.2/share/cmake/Modules/CMakeCCompilerABI.c
Using built-in specs.
COLLECT_GCC=/usr/local/bin/i686-w64-mingw32-gcc-11.2.0
Target: i686-w64-mingw32
Configured with: ../configure --target=i686-w64-mingw32 --with-sysroot=/usr/local/Cellar/mingw-w64/9.0.0_3/toolchain-i686 --prefix=/usr/local/Cellar/mingw-w64/9.0.0_3/toolchain-i686 --with-bugurl=https://github.com/Homebrew/homebrew-core/issues --enable-languages=c,c++,fortran --with-ld=/usr/local/Cellar/mingw-w64/9.0.0_3/toolchain-i686/bin/i686-w64-mingw32-ld --with-as=/usr/local/Cellar/mingw-w64/9.0.0_3/toolchain-i686/bin/i686-w64-mingw32-as --with-gmp=/usr/local/opt/gmp --with-mpfr=/usr/local/opt/mpfr --with-mpc=/usr/local/opt/libmpc --with-isl=/usr/local/opt/isl --with-zstd=no --disable-multilib --disable-nls --enable-threads=posix
Thread model: posix
Supported LTO compression algorithms: zlib
gcc version 11.2.0 (GCC) 
COLLECT_GCC_OPTIONS='-isysroot' '/Library/Developer/CommandLineTools/SDKs/MacOSX11.3.sdk' '-v' '-o' 'CMakeFiles/cmTC_37bda.dir/CMakeCCompilerABI.c.o' '-c' '-mtune=generic' '-march=pentiumpro' '-dumpdir' 'CMakeFiles/cmTC_37bda.dir/'
 /usr/local/Cellar/mingw-w64/9.0.0_3/toolchain-i686/libexec/gcc/i686-w64-mingw32/11.2.0/cc1 -quiet -v -D_REENTRANT -isysroot /Library/Developer/CommandLineTools/SDKs/MacOSX11.3.sdk /usr/local/Cellar/cmake/3.22.2/share/cmake/Modules/CMakeCCompilerABI.c -quiet -dumpdir CMakeFiles/cmTC_37bda.dir/ -dumpbase CMakeCCompilerABI.c.c -dumpbase-ext .c -mtune=generic -march=pentiumpro -version -o /var/folders/zc/lq6xhv5j67730jglj7f0m3fm0000gn/T//ccckoWgr.s
GNU C17 (GCC) version 11.2.0 (i686-w64-mingw32)
	compiled by GNU C version Apple LLVM 13.0.0 (clang-1300.0.29.30), GMP version 6.2.1, MPFR version 4.1.0, MPC version 1.2.1, isl version isl-0.24-GMP

GGC heuristics: --param ggc-min-expand=100 --param ggc-min-heapsize=131072
ignoring nonexistent directory "/Library/Developer/CommandLineTools/SDKs/MacOSX11.3.sdk/usr/local/include"
ignoring nonexistent directory "/Library/Developer/CommandLineTools/SDKs/MacOSX11.3.sdk/mingw/include"
#include "..." search starts here:
#include <...> search starts here:
 /usr/local/Cellar/mingw-w64/9.0.0_3/toolchain-i686/lib/gcc/i686-w64-mingw32/11.2.0/include
 /usr/local/Cellar/mingw-w64/9.0.0_3/toolchain-i686/lib/gcc/i686-w64-mingw32/11.2.0/include-fixed
 /usr/local/Cellar/mingw-w64/9.0.0_3/toolchain-i686/lib/gcc/i686-w64-mingw32/11.2.0/../../../../i686-w64-mingw32/include
End of search list.
GNU C17 (GCC) version 11.2.0 (i686-w64-mingw32)
	compiled by GNU C version Apple LLVM 13.0.0 (clang-1300.0.29.30), GMP version 6.2.1, MPFR version 4.1.0, MPC version 1.2.1, isl version isl-0.24-GMP

GGC heuristics: --param ggc-min-expand=100 --param ggc-min-heapsize=131072
Compiler executable checksum: 0dd439ad297d365d2333d2c6aaf87686
COLLECT_GCC_OPTIONS='-isysroot' '/Library/Developer/CommandLineTools/SDKs/MacOSX11.3.sdk' '-v' '-o' 'CMakeFiles/cmTC_37bda.dir/CMakeCCompilerABI.c.o' '-c' '-mtune=generic' '-march=pentiumpro' '-dumpdir' 'CMakeFiles/cmTC_37bda.dir/'
 /usr/local/Cellar/mingw-w64/9.0.0_3/toolchain-i686/bin/i686-w64-mingw32-as -v -o CMakeFiles/cmTC_37bda.dir/CMakeCCompilerABI.c.o /var/folders/zc/lq6xhv5j67730jglj7f0m3fm0000gn/T//ccckoWgr.s
GNU assembler version 2.38 (i686-w64-mingw32) using BFD version (GNU Binutils) 2.38
COMPILER_PATH=/usr/local/Cellar/mingw-w64/9.0.0_3/toolchain-i686/libexec/gcc/i686-w64-mingw32/11.2.0/:/usr/local/Cellar/mingw-w64/9.0.0_3/toolchain-i686/libexec/gcc/i686-w64-mingw32/11.2.0/:/usr/local/Cellar/mingw-w64/9.0.0_3/toolchain-i686/libexec/gcc/i686-w64-mingw32/:/usr/local/Cellar/mingw-w64/9.0.0_3/toolchain-i686/lib/gcc/i686-w64-mingw32/11.2.0/:/usr/local/Cellar/mingw-w64/9.0.0_3/toolchain-i686/lib/gcc/i686-w64-mingw32/:/usr/local/Cellar/mingw-w64/9.0.0_3/toolchain-i686/lib/gcc/i686-w64-mingw32/11.2.0/../../../../i686-w64-mingw32/bin/
LIBRARY_PATH=/usr/local/Cellar/mingw-w64/9.0.0_3/toolchain-i686/lib/gcc/i686-w64-mingw32/11.2.0/:/usr/local/Cellar/mingw-w64/9.0.0_3/toolchain-i686/lib/gcc/i686-w64-mingw32/11.2.0/../../../../i686-w64-mingw32/lib/../lib/:/usr/local/Cellar/mingw-w64/9.0.0_3/toolchain-i686/mingw/lib/../lib/:/usr/local/Cellar/mingw-w64/9.0.0_3/toolchain-i686/lib/gcc/i686-w64-mingw32/11.2.0/../../../../i686-w64-mingw32/lib/:/usr/local/Cellar/mingw-w64/9.0.0_3/toolchain-i686/mingw/lib/
COLLECT_GCC_OPTIONS='-isysroot' '/Library/Developer/CommandLineTools/SDKs/MacOSX11.3.sdk' '-v' '-o' 'CMakeFiles/cmTC_37bda.dir/CMakeCCompilerABI.c.o' '-c' '-mtune=generic' '-march=pentiumpro' '-dumpdir' 'CMakeFiles/cmTC_37bda.dir/CMakeCCompilerABI.c.'
Linking C executable cmTC_37bda
/usr/local/Cellar/cmake/3.22.2/bin/cmake -E cmake_link_script CMakeFiles/cmTC_37bda.dir/link.txt --verbose=1
/usr/local/bin/i686-w64-mingw32-gcc-11.2.0  -isysroot /Library/Developer/CommandLineTools/SDKs/MacOSX11.3.sdk -Wl,-search_paths_first -Wl,-headerpad_max_install_names  -v -Wl,-v CMakeFiles/cmTC_37bda.dir/CMakeCCompilerABI.c.o -o cmTC_37bda 
Using built-in specs.
COLLECT_GCC=/usr/local/bin/i686-w64-mingw32-gcc-11.2.0
COLLECT_LTO_WRAPPER=/usr/local/Cellar/mingw-w64/9.0.0_3/toolchain-i686/libexec/gcc/i686-w64-mingw32/11.2.0/lto-wrapper
Target: i686-w64-mingw32
Configured with: ../configure --target=i686-w64-mingw32 --with-sysroot=/usr/local/Cellar/mingw-w64/9.0.0_3/toolchain-i686 --prefix=/usr/local/Cellar/mingw-w64/9.0.0_3/toolchain-i686 --with-bugurl=https://github.com/Homebrew/homebrew-core/issues --enable-languages=c,c++,fortran --with-ld=/usr/local/Cellar/mingw-w64/9.0.0_3/toolchain-i686/bin/i686-w64-mingw32-ld --with-as=/usr/local/Cellar/mingw-w64/9.0.0_3/toolchain-i686/bin/i686-w64-mingw32-as --with-gmp=/usr/local/opt/gmp --with-mpfr=/usr/local/opt/mpfr --with-mpc=/usr/local/opt/libmpc --with-isl=/usr/local/opt/isl --with-zstd=no --disable-multilib --disable-nls --enable-threads=posix
Thread model: posix
Supported LTO compression algorithms: zlib
gcc version 11.2.0 (GCC) 
COMPILER_PATH=/usr/local/Cellar/mingw-w64/9.0.0_3/toolchain-i686/libexec/gcc/i686-w64-mingw32/11.2.0/:/usr/local/Cellar/mingw-w64/9.0.0_3/toolchain-i686/libexec/gcc/i686-w64-mingw32/11.2.0/:/usr/local/Cellar/mingw-w64/9.0.0_3/toolchain-i686/libexec/gcc/i686-w64-mingw32/:/usr/local/Cellar/mingw-w64/9.0.0_3/toolchain-i686/lib/gcc/i686-w64-mingw32/11.2.0/:/usr/local/Cellar/mingw-w64/9.0.0_3/toolchain-i686/lib/gcc/i686-w64-mingw32/:/usr/local/Cellar/mingw-w64/9.0.0_3/toolchain-i686/lib/gcc/i686-w64-mingw32/11.2.0/../../../../i686-w64-mingw32/bin/
LIBRARY_PATH=/usr/local/Cellar/mingw-w64/9.0.0_3/toolchain-i686/lib/gcc/i686-w64-mingw32/11.2.0/:/usr/local/Cellar/mingw-w64/9.0.0_3/toolchain-i686/lib/gcc/i686-w64-mingw32/11.2.0/../../../../i686-w64-mingw32/lib/../lib/:/usr/local/Cellar/mingw-w64/9.0.0_3/toolchain-i686/mingw/lib/../lib/:/usr/local/Cellar/mingw-w64/9.0.0_3/toolchain-i686/lib/gcc/i686-w64-mingw32/11.2.0/../../../../i686-w64-mingw32/lib/:/usr/local/Cellar/mingw-w64/9.0.0_3/toolchain-i686/mingw/lib/
COLLECT_GCC_OPTIONS='-isysroot' '/Library/Developer/CommandLineTools/SDKs/MacOSX11.3.sdk' '-v' '-o' 'cmTC_37bda.exe' '-mtune=generic' '-march=pentiumpro' '-dumpdir' 'cmTC_37bda.'
 /usr/local/Cellar/mingw-w64/9.0.0_3/toolchain-i686/libexec/gcc/i686-w64-mingw32/11.2.0/collect2 -plugin /usr/local/Cellar/mingw-w64/9.0.0_3/toolchain-i686/libexec/gcc/i686-w64-mingw32/11.2.0/liblto_plugin.so -plugin-opt=/usr/local/Cellar/mingw-w64/9.0.0_3/toolchain-i686/libexec/gcc/i686-w64-mingw32/11.2.0/lto-wrapper -plugin-opt=-fresolution=/var/folders/zc/lq6xhv5j67730jglj7f0m3fm0000gn/T//ccItrfvt.res -plugin-opt=-pass-through=-lmingw32 -plugin-opt=-pass-through=-lgcc -plugin-opt=-pass-through=-lgcc_eh -plugin-opt=-pass-through=-lmoldname -plugin-opt=-pass-through=-lmingwex -plugin-opt=-pass-through=-lmsvcrt -plugin-opt=-pass-through=-lkernel32 -plugin-opt=-pass-through=-lpthread -plugin-opt=-pass-through=-ladvapi32 -plugin-opt=-pass-through=-lshell32 -plugin-opt=-pass-through=-luser32 -plugin-opt=-pass-through=-lkernel32 -plugin-opt=-pass-through=-lmingw32 -plugin-opt=-pass-through=-lgcc -plugin-opt=-pass-through=-lgcc_eh -plugin-opt=-pass-through=-lmoldname -plugin-opt=-pass-through=-lmingwex -plugin-opt=-pass-through=-lmsvcrt -plugin-opt=-pass-through=-lkernel32 --sysroot=/usr/local/Cellar/mingw-w64/9.0.0_3/toolchain-i686 -m i386pe -Bdynamic -o cmTC_37bda.exe /usr/local/Cellar/mingw-w64/9.0.0_3/toolchain-i686/lib/gcc/i686-w64-mingw32/11.2.0/../../../../i686-w64-mingw32/lib/../lib/crt2.o /usr/local/Cellar/mingw-w64/9.0.0_3/toolchain-i686/lib/gcc/i686-w64-mingw32/11.2.0/crtbegin.o -L/usr/local/Cellar/mingw-w64/9.0.0_3/toolchain-i686/lib/gcc/i686-w64-mingw32/11.2.0 -L/usr/local/Cellar/mingw-w64/9.0.0_3/toolchain-i686/lib/gcc/i686-w64-mingw32/11.2.0/../../../../i686-w64-mingw32/lib/../lib -L/usr/local/Cellar/mingw-w64/9.0.0_3/toolchain-i686/mingw/lib/../lib -L/usr/local/Cellar/mingw-w64/9.0.0_3/toolchain-i686/lib/gcc/i686-w64-mingw32/11.2.0/../../../../i686-w64-mingw32/lib -L/usr/local/Cellar/mingw-w64/9.0.0_3/toolchain-i686/mingw/lib -search_paths_first -headerpad_max_install_names -v CMakeFiles/cmTC_37bda.dir/CMakeCCompilerABI.c.o -lmingw32 -lgcc -lgcc_eh -lmoldname -lmingwex -lmsvcrt -lkernel32 -lpthread -ladvapi32 -lshell32 -luser32 -lkernel32 -lmingw32 -lgcc -lgcc_eh -lmoldname -lmingwex -lmsvcrt -lkernel32 /usr/local/Cellar/mingw-w64/9.0.0_3/toolchain-i686/lib/gcc/i686-w64-mingw32/11.2.0/crtend.o
collect2 version 11.2.0
/usr/local/Cellar/mingw-w64/9.0.0_3/toolchain-i686/bin/i686-w64-mingw32-ld -plugin /usr/local/Cellar/mingw-w64/9.0.0_3/toolchain-i686/libexec/gcc/i686-w64-mingw32/11.2.0/liblto_plugin.so -plugin-opt=/usr/local/Cellar/mingw-w64/9.0.0_3/toolchain-i686/libexec/gcc/i686-w64-mingw32/11.2.0/lto-wrapper -plugin-opt=-fresolution=/var/folders/zc/lq6xhv5j67730jglj7f0m3fm0000gn/T//ccItrfvt.res -plugin-opt=-pass-through=-lmingw32 -plugin-opt=-pass-through=-lgcc -plugin-opt=-pass-through=-lgcc_eh -plugin-opt=-pass-through=-lmoldname -plugin-opt=-pass-through=-lmingwex -plugin-opt=-pass-through=-lmsvcrt -plugin-opt=-pass-through=-lkernel32 -plugin-opt=-pass-through=-lpthread -plugin-opt=-pass-through=-ladvapi32 -plugin-opt=-pass-through=-lshell32 -plugin-opt=-pass-through=-luser32 -plugin-opt=-pass-through=-lkernel32 -plugin-opt=-pass-through=-lmingw32 -plugin-opt=-pass-through=-lgcc -plugin-opt=-pass-through=-lgcc_eh -plugin-opt=-pass-through=-lmoldname -plugin-opt=-pass-through=-lmingwex -plugin-opt=-pass-through=-lmsvcrt -plugin-opt=-pass-through=-lkernel32 --sysroot=/usr/local/Cellar/mingw-w64/9.0.0_3/toolchain-i686 -m i386pe -Bdynamic -o cmTC_37bda.exe /usr/local/Cellar/mingw-w64/9.0.0_3/toolchain-i686/lib/gcc/i686-w64-mingw32/11.2.0/../../../../i686-w64-mingw32/lib/../lib/crt2.o /usr/local/Cellar/mingw-w64/9.0.0_3/toolchain-i686/lib/gcc/i686-w64-mingw32/11.2.0/crtbegin.o -L/usr/local/Cellar/mingw-w64/9.0.0_3/toolchain-i686/lib/gcc/i686-w64-mingw32/11.2.0 -L/usr/local/Cellar/mingw-w64/9.0.0_3/toolchain-i686/lib/gcc/i686-w64-mingw32/11.2.0/../../../../i686-w64-mingw32/lib/../lib -L/usr/local/Cellar/mingw-w64/9.0.0_3/toolchain-i686/mingw/lib/../lib -L/usr/local/Cellar/mingw-w64/9.0.0_3/toolchain-i686/lib/gcc/i686-w64-mingw32/11.2.0/../../../../i686-w64-mingw32/lib -L/usr/local/Cellar/mingw-w64/9.0.0_3/toolchain-i686/mingw/lib -search_paths_first -headerpad_max_install_names -v CMakeFiles/cmTC_37bda.dir/CMakeCCompilerABI.c.o -lmingw32 -lgcc -lgcc_eh -lmoldname -lmingwex -lmsvcrt -lkernel32 -lpthread -ladvapi32 -lshell32 -luser32 -lkernel32 -lmingw32 -lgcc -lgcc_eh -lmoldname -lmingwex -lmsvcrt -lkernel32 /usr/local/Cellar/mingw-w64/9.0.0_3/toolchain-i686/lib/gcc/i686-w64-mingw32/11.2.0/crtend.o
/usr/local/Cellar/mingw-w64/9.0.0_3/toolchain-i686/bin/i686-w64-mingw32-ld: Error: unable to disambiguate: -search_paths_first (did you mean --search_paths_first ?)
collect2: error: ld returned 1 exit status
make[1]: *** [cmTC_37bda] Error 1
make: *** [cmTC_37bda/fast] Error 2




Determining if the C compiler works failed with the following output:
Change Dir: /Users/Chris/Desktop/Study2022/Earino 2022/C++/1hSeira/build/CMakeFiles/CMakeTmp

Run Build Command(s):/usr/bin/make -f Makefile cmTC_de6d1/fast && /Library/Developer/CommandLineTools/usr/bin/make  -f CMakeFiles/cmTC_de6d1.dir/build.make CMakeFiles/cmTC_de6d1.dir/build
Building C object CMakeFiles/cmTC_de6d1.dir/testCCompiler.c.o
/usr/local/bin/i686-w64-mingw32-gcc-11.2.0   -isysroot /Library/Developer/CommandLineTools/SDKs/MacOSX11.3.sdk -o CMakeFiles/cmTC_de6d1.dir/testCCompiler.c.o -c "/Users/Chris/Desktop/Study2022/Earino 2022/C++/1hSeira/build/CMakeFiles/CMakeTmp/testCCompiler.c"
Linking C executable cmTC_de6d1
/usr/local/Cellar/cmake/3.22.2/bin/cmake -E cmake_link_script CMakeFiles/cmTC_de6d1.dir/link.txt --verbose=1
/usr/local/bin/i686-w64-mingw32-gcc-11.2.0  -isysroot /Library/Developer/CommandLineTools/SDKs/MacOSX11.3.sdk -Wl,-search_paths_first -Wl,-headerpad_max_install_names CMakeFiles/cmTC_de6d1.dir/testCCompiler.c.o -o cmTC_de6d1 
/usr/local/Cellar/mingw-w64/9.0.0_3/toolchain-i686/bin/i686-w64-mingw32-ld: Error: unable to disambiguate: -search_paths_first (did you mean --search_paths_first ?)
collect2: error: ld returned 1 exit status
make[1]: *** [cmTC_de6d1] Error 1
make: *** [cmTC_de6d1/fast] Error 2



Detecting C compiler ABI info failed to compile with the following output:
Change Dir: /Users/Chris/Desktop/Study2022/Earino 2022/C++/1hSeira/build/CMakeFiles/CMakeTmp

Run Build Command(s):/usr/bin/make -f Makefile cmTC_ea890/fast && /Library/Developer/CommandLineTools/usr/bin/make  -f CMakeFiles/cmTC_ea890.dir/build.make CMakeFiles/cmTC_ea890.dir/build
Building C object CMakeFiles/cmTC_ea890.dir/CMakeCCompilerABI.c.o
/usr/local/bin/i686-w64-mingw32-gcc-11.2.0   -isysroot /Library/Developer/CommandLineTools/SDKs/MacOSX11.3.sdk   -v -Wl,-v -o CMakeFiles/cmTC_ea890.dir/CMakeCCompilerABI.c.o -c /usr/local/Cellar/cmake/3.22.2/share/cmake/Modules/CMakeCCompilerABI.c
Using built-in specs.
COLLECT_GCC=/usr/local/bin/i686-w64-mingw32-gcc-11.2.0
Target: i686-w64-mingw32
Configured with: ../configure --target=i686-w64-mingw32 --with-sysroot=/usr/local/Cellar/mingw-w64/9.0.0_3/toolchain-i686 --prefix=/usr/local/Cellar/mingw-w64/9.0.0_3/toolchain-i686 --with-bugurl=https://github.com/Homebrew/homebrew-core/issues --enable-languages=c,c++,fortran --with-ld=/usr/local/Cellar/mingw-w64/9.0.0_3/toolchain-i686/bin/i686-w64-mingw32-ld --with-as=/usr/local/Cellar/mingw-w64/9.0.0_3/toolchain-i686/bin/i686-w64-mingw32-as --with-gmp=/usr/local/opt/gmp --with-mpfr=/usr/local/opt/mpfr --with-mpc=/usr/local/opt/libmpc --with-isl=/usr/local/opt/isl --with-zstd=no --disable-multilib --disable-nls --enable-threads=posix
Thread model: posix
Supported LTO compression algorithms: zlib
gcc version 11.2.0 (GCC) 
COLLECT_GCC_OPTIONS='-isysroot' '/Library/Developer/CommandLineTools/SDKs/MacOSX11.3.sdk' '-v' '-o' 'CMakeFiles/cmTC_ea890.dir/CMakeCCompilerABI.c.o' '-c' '-mtune=generic' '-march=pentiumpro' '-dumpdir' 'CMakeFiles/cmTC_ea890.dir/'
 /usr/local/Cellar/mingw-w64/9.0.0_3/toolchain-i686/libexec/gcc/i686-w64-mingw32/11.2.0/cc1 -quiet -v -D_REENTRANT -isysroot /Library/Developer/CommandLineTools/SDKs/MacOSX11.3.sdk /usr/local/Cellar/cmake/3.22.2/share/cmake/Modules/CMakeCCompilerABI.c -quiet -dumpdir CMakeFiles/cmTC_ea890.dir/ -dumpbase CMakeCCompilerABI.c.c -dumpbase-ext .c -mtune=generic -march=pentiumpro -version -o /var/folders/zc/lq6xhv5j67730jglj7f0m3fm0000gn/T//ccGRJroe.s
GNU C17 (GCC) version 11.2.0 (i686-w64-mingw32)
	compiled by GNU C version Apple LLVM 13.0.0 (clang-1300.0.29.30), GMP version 6.2.1, MPFR version 4.1.0, MPC version 1.2.1, isl version isl-0.24-GMP

GGC heuristics: --param ggc-min-expand=100 --param ggc-min-heapsize=131072
ignoring nonexistent directory "/Library/Developer/CommandLineTools/SDKs/MacOSX11.3.sdk/usr/local/include"
ignoring nonexistent directory "/Library/Developer/CommandLineTools/SDKs/MacOSX11.3.sdk/mingw/include"
#include "..." search starts here:
#include <...> search starts here:
 /usr/local/Cellar/mingw-w64/9.0.0_3/toolchain-i686/lib/gcc/i686-w64-mingw32/11.2.0/include
 /usr/local/Cellar/mingw-w64/9.0.0_3/toolchain-i686/lib/gcc/i686-w64-mingw32/11.2.0/include-fixed
 /usr/local/Cellar/mingw-w64/9.0.0_3/toolchain-i686/lib/gcc/i686-w64-mingw32/11.2.0/../../../../i686-w64-mingw32/include
End of search list.
GNU C17 (GCC) version 11.2.0 (i686-w64-mingw32)
	compiled by GNU C version Apple LLVM 13.0.0 (clang-1300.0.29.30), GMP version 6.2.1, MPFR version 4.1.0, MPC version 1.2.1, isl version isl-0.24-GMP

GGC heuristics: --param ggc-min-expand=100 --param ggc-min-heapsize=131072
Compiler executable checksum: 0dd439ad297d365d2333d2c6aaf87686
COLLECT_GCC_OPTIONS='-isysroot' '/Library/Developer/CommandLineTools/SDKs/MacOSX11.3.sdk' '-v' '-o' 'CMakeFiles/cmTC_ea890.dir/CMakeCCompilerABI.c.o' '-c' '-mtune=generic' '-march=pentiumpro' '-dumpdir' 'CMakeFiles/cmTC_ea890.dir/'
 /usr/local/Cellar/mingw-w64/9.0.0_3/toolchain-i686/bin/i686-w64-mingw32-as -v -o CMakeFiles/cmTC_ea890.dir/CMakeCCompilerABI.c.o /var/folders/zc/lq6xhv5j67730jglj7f0m3fm0000gn/T//ccGRJroe.s
GNU assembler version 2.38 (i686-w64-mingw32) using BFD version (GNU Binutils) 2.38
COMPILER_PATH=/usr/local/Cellar/mingw-w64/9.0.0_3/toolchain-i686/libexec/gcc/i686-w64-mingw32/11.2.0/:/usr/local/Cellar/mingw-w64/9.0.0_3/toolchain-i686/libexec/gcc/i686-w64-mingw32/11.2.0/:/usr/local/Cellar/mingw-w64/9.0.0_3/toolchain-i686/libexec/gcc/i686-w64-mingw32/:/usr/local/Cellar/mingw-w64/9.0.0_3/toolchain-i686/lib/gcc/i686-w64-mingw32/11.2.0/:/usr/local/Cellar/mingw-w64/9.0.0_3/toolchain-i686/lib/gcc/i686-w64-mingw32/:/usr/local/Cellar/mingw-w64/9.0.0_3/toolchain-i686/lib/gcc/i686-w64-mingw32/11.2.0/../../../../i686-w64-mingw32/bin/
LIBRARY_PATH=/usr/local/Cellar/mingw-w64/9.0.0_3/toolchain-i686/lib/gcc/i686-w64-mingw32/11.2.0/:/usr/local/Cellar/mingw-w64/9.0.0_3/toolchain-i686/lib/gcc/i686-w64-mingw32/11.2.0/../../../../i686-w64-mingw32/lib/../lib/:/usr/local/Cellar/mingw-w64/9.0.0_3/toolchain-i686/mingw/lib/../lib/:/usr/local/Cellar/mingw-w64/9.0.0_3/toolchain-i686/lib/gcc/i686-w64-mingw32/11.2.0/../../../../i686-w64-mingw32/lib/:/usr/local/Cellar/mingw-w64/9.0.0_3/toolchain-i686/mingw/lib/
COLLECT_GCC_OPTIONS='-isysroot' '/Library/Developer/CommandLineTools/SDKs/MacOSX11.3.sdk' '-v' '-o' 'CMakeFiles/cmTC_ea890.dir/CMakeCCompilerABI.c.o' '-c' '-mtune=generic' '-march=pentiumpro' '-dumpdir' 'CMakeFiles/cmTC_ea890.dir/CMakeCCompilerABI.c.'
Linking C executable cmTC_ea890
/usr/local/Cellar/cmake/3.22.2/bin/cmake -E cmake_link_script CMakeFiles/cmTC_ea890.dir/link.txt --verbose=1
/usr/local/bin/i686-w64-mingw32-gcc-11.2.0  -isysroot /Library/Developer/CommandLineTools/SDKs/MacOSX11.3.sdk -Wl,-search_paths_first -Wl,-headerpad_max_install_names  -v -Wl,-v CMakeFiles/cmTC_ea890.dir/CMakeCCompilerABI.c.o -o cmTC_ea890 
Using built-in specs.
COLLECT_GCC=/usr/local/bin/i686-w64-mingw32-gcc-11.2.0
COLLECT_LTO_WRAPPER=/usr/local/Cellar/mingw-w64/9.0.0_3/toolchain-i686/libexec/gcc/i686-w64-mingw32/11.2.0/lto-wrapper
Target: i686-w64-mingw32
Configured with: ../configure --target=i686-w64-mingw32 --with-sysroot=/usr/local/Cellar/mingw-w64/9.0.0_3/toolchain-i686 --prefix=/usr/local/Cellar/mingw-w64/9.0.0_3/toolchain-i686 --with-bugurl=https://github.com/Homebrew/homebrew-core/issues --enable-languages=c,c++,fortran --with-ld=/usr/local/Cellar/mingw-w64/9.0.0_3/toolchain-i686/bin/i686-w64-mingw32-ld --with-as=/usr/local/Cellar/mingw-w64/9.0.0_3/toolchain-i686/bin/i686-w64-mingw32-as --with-gmp=/usr/local/opt/gmp --with-mpfr=/usr/local/opt/mpfr --with-mpc=/usr/local/opt/libmpc --with-isl=/usr/local/opt/isl --with-zstd=no --disable-multilib --disable-nls --enable-threads=posix
Thread model: posix
Supported LTO compression algorithms: zlib
gcc version 11.2.0 (GCC) 
COMPILER_PATH=/usr/local/Cellar/mingw-w64/9.0.0_3/toolchain-i686/libexec/gcc/i686-w64-mingw32/11.2.0/:/usr/local/Cellar/mingw-w64/9.0.0_3/toolchain-i686/libexec/gcc/i686-w64-mingw32/11.2.0/:/usr/local/Cellar/mingw-w64/9.0.0_3/toolchain-i686/libexec/gcc/i686-w64-mingw32/:/usr/local/Cellar/mingw-w64/9.0.0_3/toolchain-i686/lib/gcc/i686-w64-mingw32/11.2.0/:/usr/local/Cellar/mingw-w64/9.0.0_3/toolchain-i686/lib/gcc/i686-w64-mingw32/:/usr/local/Cellar/mingw-w64/9.0.0_3/toolchain-i686/lib/gcc/i686-w64-mingw32/11.2.0/../../../../i686-w64-mingw32/bin/
LIBRARY_PATH=/usr/local/Cellar/mingw-w64/9.0.0_3/toolchain-i686/lib/gcc/i686-w64-mingw32/11.2.0/:/usr/local/Cellar/mingw-w64/9.0.0_3/toolchain-i686/lib/gcc/i686-w64-mingw32/11.2.0/../../../../i686-w64-mingw32/lib/../lib/:/usr/local/Cellar/mingw-w64/9.0.0_3/toolchain-i686/mingw/lib/../lib/:/usr/local/Cellar/mingw-w64/9.0.0_3/toolchain-i686/lib/gcc/i686-w64-mingw32/11.2.0/../../../../i686-w64-mingw32/lib/:/usr/local/Cellar/mingw-w64/9.0.0_3/toolchain-i686/mingw/lib/
COLLECT_GCC_OPTIONS='-isysroot' '/Library/Developer/CommandLineTools/SDKs/MacOSX11.3.sdk' '-v' '-o' 'cmTC_ea890.exe' '-mtune=generic' '-march=pentiumpro' '-dumpdir' 'cmTC_ea890.'
 /usr/local/Cellar/mingw-w64/9.0.0_3/toolchain-i686/libexec/gcc/i686-w64-mingw32/11.2.0/collect2 -plugin /usr/local/Cellar/mingw-w64/9.0.0_3/toolchain-i686/libexec/gcc/i686-w64-mingw32/11.2.0/liblto_plugin.so -plugin-opt=/usr/local/Cellar/mingw-w64/9.0.0_3/toolchain-i686/libexec/gcc/i686-w64-mingw32/11.2.0/lto-wrapper -plugin-opt=-fresolution=/var/folders/zc/lq6xhv5j67730jglj7f0m3fm0000gn/T//ccn6LA62.res -plugin-opt=-pass-through=-lmingw32 -plugin-opt=-pass-through=-lgcc -plugin-opt=-pass-through=-lgcc_eh -plugin-opt=-pass-through=-lmoldname -plugin-opt=-pass-through=-lmingwex -plugin-opt=-pass-through=-lmsvcrt -plugin-opt=-pass-through=-lkernel32 -plugin-opt=-pass-through=-lpthread -plugin-opt=-pass-through=-ladvapi32 -plugin-opt=-pass-through=-lshell32 -plugin-opt=-pass-through=-luser32 -plugin-opt=-pass-through=-lkernel32 -plugin-opt=-pass-through=-lmingw32 -plugin-opt=-pass-through=-lgcc -plugin-opt=-pass-through=-lgcc_eh -plugin-opt=-pass-through=-lmoldname -plugin-opt=-pass-through=-lmingwex -plugin-opt=-pass-through=-lmsvcrt -plugin-opt=-pass-through=-lkernel32 --sysroot=/usr/local/Cellar/mingw-w64/9.0.0_3/toolchain-i686 -m i386pe -Bdynamic -o cmTC_ea890.exe /usr/local/Cellar/mingw-w64/9.0.0_3/toolchain-i686/lib/gcc/i686-w64-mingw32/11.2.0/../../../../i686-w64-mingw32/lib/../lib/crt2.o /usr/local/Cellar/mingw-w64/9.0.0_3/toolchain-i686/lib/gcc/i686-w64-mingw32/11.2.0/crtbegin.o -L/usr/local/Cellar/mingw-w64/9.0.0_3/toolchain-i686/lib/gcc/i686-w64-mingw32/11.2.0 -L/usr/local/Cellar/mingw-w64/9.0.0_3/toolchain-i686/lib/gcc/i686-w64-mingw32/11.2.0/../../../../i686-w64-mingw32/lib/../lib -L/usr/local/Cellar/mingw-w64/9.0.0_3/toolchain-i686/mingw/lib/../lib -L/usr/local/Cellar/mingw-w64/9.0.0_3/toolchain-i686/lib/gcc/i686-w64-mingw32/11.2.0/../../../../i686-w64-mingw32/lib -L/usr/local/Cellar/mingw-w64/9.0.0_3/toolchain-i686/mingw/lib -search_paths_first -headerpad_max_install_names -v CMakeFiles/cmTC_ea890.dir/CMakeCCompilerABI.c.o -lmingw32 -lgcc -lgcc_eh -lmoldname -lmingwex -lmsvcrt -lkernel32 -lpthread -ladvapi32 -lshell32 -luser32 -lkernel32 -lmingw32 -lgcc -lgcc_eh -lmoldname -lmingwex -lmsvcrt -lkernel32 /usr/local/Cellar/mingw-w64/9.0.0_3/toolchain-i686/lib/gcc/i686-w64-mingw32/11.2.0/crtend.o
collect2 version 11.2.0
/usr/local/Cellar/mingw-w64/9.0.0_3/toolchain-i686/bin/i686-w64-mingw32-ld -plugin /usr/local/Cellar/mingw-w64/9.0.0_3/toolchain-i686/libexec/gcc/i686-w64-mingw32/11.2.0/liblto_plugin.so -plugin-opt=/usr/local/Cellar/mingw-w64/9.0.0_3/toolchain-i686/libexec/gcc/i686-w64-mingw32/11.2.0/lto-wrapper -plugin-opt=-fresolution=/var/folders/zc/lq6xhv5j67730jglj7f0m3fm0000gn/T//ccn6LA62.res -plugin-opt=-pass-through=-lmingw32 -plugin-opt=-pass-through=-lgcc -plugin-opt=-pass-through=-lgcc_eh -plugin-opt=-pass-through=-lmoldname -plugin-opt=-pass-through=-lmingwex -plugin-opt=-pass-through=-lmsvcrt -plugin-opt=-pass-through=-lkernel32 -plugin-opt=-pass-through=-lpthread -plugin-opt=-pass-through=-ladvapi32 -plugin-opt=-pass-through=-lshell32 -plugin-opt=-pass-through=-luser32 -plugin-opt=-pass-through=-lkernel32 -plugin-opt=-pass-through=-lmingw32 -plugin-opt=-pass-through=-lgcc -plugin-opt=-pass-through=-lgcc_eh -plugin-opt=-pass-through=-lmoldname -plugin-opt=-pass-through=-lmingwex -plugin-opt=-pass-through=-lmsvcrt -plugin-opt=-pass-through=-lkernel32 --sysroot=/usr/local/Cellar/mingw-w64/9.0.0_3/toolchain-i686 -m i386pe -Bdynamic -o cmTC_ea890.exe /usr/local/Cellar/mingw-w64/9.0.0_3/toolchain-i686/lib/gcc/i686-w64-mingw32/11.2.0/../../../../i686-w64-mingw32/lib/../lib/crt2.o /usr/local/Cellar/mingw-w64/9.0.0_3/toolchain-i686/lib/gcc/i686-w64-mingw32/11.2.0/crtbegin.o -L/usr/local/Cellar/mingw-w64/9.0.0_3/toolchain-i686/lib/gcc/i686-w64-mingw32/11.2.0 -L/usr/local/Cellar/mingw-w64/9.0.0_3/toolchain-i686/lib/gcc/i686-w64-mingw32/11.2.0/../../../../i686-w64-mingw32/lib/../lib -L/usr/local/Cellar/mingw-w64/9.0.0_3/toolchain-i686/mingw/lib/../lib -L/usr/local/Cellar/mingw-w64/9.0.0_3/toolchain-i686/lib/gcc/i686-w64-mingw32/11.2.0/../../../../i686-w64-mingw32/lib -L/usr/local/Cellar/mingw-w64/9.0.0_3/toolchain-i686/mingw/lib -search_paths_first -headerpad_max_install_names -v CMakeFiles/cmTC_ea890.dir/CMakeCCompilerABI.c.o -lmingw32 -lgcc -lgcc_eh -lmoldname -lmingwex -lmsvcrt -lkernel32 -lpthread -ladvapi32 -lshell32 -luser32 -lkernel32 -lmingw32 -lgcc -lgcc_eh -lmoldname -lmingwex -lmsvcrt -lkernel32 /usr/local/Cellar/mingw-w64/9.0.0_3/toolchain-i686/lib/gcc/i686-w64-mingw32/11.2.0/crtend.o
/usr/local/Cellar/mingw-w64/9.0.0_3/toolchain-i686/bin/i686-w64-mingw32-ld: Error: unable to disambiguate: -search_paths_first (did you mean --search_paths_first ?)
collect2: error: ld returned 1 exit status
make[1]: *** [cmTC_ea890] Error 1
make: *** [cmTC_ea890/fast] Error 2




Determining if the C compiler works failed with the following output:
Change Dir: /Users/Chris/Desktop/Study2022/Earino 2022/C++/1hSeira/build/CMakeFiles/CMakeTmp

Run Build Command(s):/usr/bin/make -f Makefile cmTC_6a33b/fast && /Library/Developer/CommandLineTools/usr/bin/make  -f CMakeFiles/cmTC_6a33b.dir/build.make CMakeFiles/cmTC_6a33b.dir/build
Building C object CMakeFiles/cmTC_6a33b.dir/testCCompiler.c.o
/usr/local/bin/i686-w64-mingw32-gcc-11.2.0   -isysroot /Library/Developer/CommandLineTools/SDKs/MacOSX11.3.sdk -o CMakeFiles/cmTC_6a33b.dir/testCCompiler.c.o -c "/Users/Chris/Desktop/Study2022/Earino 2022/C++/1hSeira/build/CMakeFiles/CMakeTmp/testCCompiler.c"
Linking C executable cmTC_6a33b
/usr/local/Cellar/cmake/3.22.2/bin/cmake -E cmake_link_script CMakeFiles/cmTC_6a33b.dir/link.txt --verbose=1
/usr/local/bin/i686-w64-mingw32-gcc-11.2.0  -isysroot /Library/Developer/CommandLineTools/SDKs/MacOSX11.3.sdk -Wl,-search_paths_first -Wl,-headerpad_max_install_names CMakeFiles/cmTC_6a33b.dir/testCCompiler.c.o -o cmTC_6a33b 
/usr/local/Cellar/mingw-w64/9.0.0_3/toolchain-i686/bin/i686-w64-mingw32-ld: Error: unable to disambiguate: -search_paths_first (did you mean --search_paths_first ?)
collect2: error: ld returned 1 exit status
make[1]: *** [cmTC_6a33b] Error 1
make: *** [cmTC_6a33b/fast] Error 2



Detecting C compiler ABI info failed to compile with the following output:
Change Dir: /Users/Chris/Desktop/Study2022/Earino 2022/C++/1hSeira/build/CMakeFiles/CMakeTmp

Run Build Command(s):/usr/bin/make -f Makefile cmTC_aa319/fast && /Library/Developer/CommandLineTools/usr/bin/make  -f CMakeFiles/cmTC_aa319.dir/build.make CMakeFiles/cmTC_aa319.dir/build
Building C object CMakeFiles/cmTC_aa319.dir/CMakeCCompilerABI.c.o
/usr/local/bin/i686-w64-mingw32-gcc-11.2.0   -isysroot /Library/Developer/CommandLineTools/SDKs/MacOSX11.3.sdk   -v -Wl,-v -o CMakeFiles/cmTC_aa319.dir/CMakeCCompilerABI.c.o -c /usr/local/Cellar/cmake/3.22.2/share/cmake/Modules/CMakeCCompilerABI.c
Using built-in specs.
COLLECT_GCC=/usr/local/bin/i686-w64-mingw32-gcc-11.2.0
Target: i686-w64-mingw32
Configured with: ../configure --target=i686-w64-mingw32 --with-sysroot=/usr/local/Cellar/mingw-w64/9.0.0_3/toolchain-i686 --prefix=/usr/local/Cellar/mingw-w64/9.0.0_3/toolchain-i686 --with-bugurl=https://github.com/Homebrew/homebrew-core/issues --enable-languages=c,c++,fortran --with-ld=/usr/local/Cellar/mingw-w64/9.0.0_3/toolchain-i686/bin/i686-w64-mingw32-ld --with-as=/usr/local/Cellar/mingw-w64/9.0.0_3/toolchain-i686/bin/i686-w64-mingw32-as --with-gmp=/usr/local/opt/gmp --with-mpfr=/usr/local/opt/mpfr --with-mpc=/usr/local/opt/libmpc --with-isl=/usr/local/opt/isl --with-zstd=no --disable-multilib --disable-nls --enable-threads=posix
Thread model: posix
Supported LTO compression algorithms: zlib
gcc version 11.2.0 (GCC) 
COLLECT_GCC_OPTIONS='-isysroot' '/Library/Developer/CommandLineTools/SDKs/MacOSX11.3.sdk' '-v' '-o' 'CMakeFiles/cmTC_aa319.dir/CMakeCCompilerABI.c.o' '-c' '-mtune=generic' '-march=pentiumpro' '-dumpdir' 'CMakeFiles/cmTC_aa319.dir/'
 /usr/local/Cellar/mingw-w64/9.0.0_3/toolchain-i686/libexec/gcc/i686-w64-mingw32/11.2.0/cc1 -quiet -v -D_REENTRANT -isysroot /Library/Developer/CommandLineTools/SDKs/MacOSX11.3.sdk /usr/local/Cellar/cmake/3.22.2/share/cmake/Modules/CMakeCCompilerABI.c -quiet -dumpdir CMakeFiles/cmTC_aa319.dir/ -dumpbase CMakeCCompilerABI.c.c -dumpbase-ext .c -mtune=generic -march=pentiumpro -version -o /var/folders/zc/lq6xhv5j67730jglj7f0m3fm0000gn/T//ccOSrGP4.s
GNU C17 (GCC) version 11.2.0 (i686-w64-mingw32)
	compiled by GNU C version Apple LLVM 13.0.0 (clang-1300.0.29.30), GMP version 6.2.1, MPFR version 4.1.0, MPC version 1.2.1, isl version isl-0.24-GMP

GGC heuristics: --param ggc-min-expand=100 --param ggc-min-heapsize=131072
ignoring nonexistent directory "/Library/Developer/CommandLineTools/SDKs/MacOSX11.3.sdk/usr/local/include"
ignoring nonexistent directory "/Library/Developer/CommandLineTools/SDKs/MacOSX11.3.sdk/mingw/include"
#include "..." search starts here:
#include <...> search starts here:
 /usr/local/Cellar/mingw-w64/9.0.0_3/toolchain-i686/lib/gcc/i686-w64-mingw32/11.2.0/include
 /usr/local/Cellar/mingw-w64/9.0.0_3/toolchain-i686/lib/gcc/i686-w64-mingw32/11.2.0/include-fixed
 /usr/local/Cellar/mingw-w64/9.0.0_3/toolchain-i686/lib/gcc/i686-w64-mingw32/11.2.0/../../../../i686-w64-mingw32/include
End of search list.
GNU C17 (GCC) version 11.2.0 (i686-w64-mingw32)
	compiled by GNU C version Apple LLVM 13.0.0 (clang-1300.0.29.30), GMP version 6.2.1, MPFR version 4.1.0, MPC version 1.2.1, isl version isl-0.24-GMP

GGC heuristics: --param ggc-min-expand=100 --param ggc-min-heapsize=131072
Compiler executable checksum: 0dd439ad297d365d2333d2c6aaf87686
COLLECT_GCC_OPTIONS='-isysroot' '/Library/Developer/CommandLineTools/SDKs/MacOSX11.3.sdk' '-v' '-o' 'CMakeFiles/cmTC_aa319.dir/CMakeCCompilerABI.c.o' '-c' '-mtune=generic' '-march=pentiumpro' '-dumpdir' 'CMakeFiles/cmTC_aa319.dir/'
 /usr/local/Cellar/mingw-w64/9.0.0_3/toolchain-i686/bin/i686-w64-mingw32-as -v -o CMakeFiles/cmTC_aa319.dir/CMakeCCompilerABI.c.o /var/folders/zc/lq6xhv5j67730jglj7f0m3fm0000gn/T//ccOSrGP4.s
GNU assembler version 2.38 (i686-w64-mingw32) using BFD version (GNU Binutils) 2.38
COMPILER_PATH=/usr/local/Cellar/mingw-w64/9.0.0_3/toolchain-i686/libexec/gcc/i686-w64-mingw32/11.2.0/:/usr/local/Cellar/mingw-w64/9.0.0_3/toolchain-i686/libexec/gcc/i686-w64-mingw32/11.2.0/:/usr/local/Cellar/mingw-w64/9.0.0_3/toolchain-i686/libexec/gcc/i686-w64-mingw32/:/usr/local/Cellar/mingw-w64/9.0.0_3/toolchain-i686/lib/gcc/i686-w64-mingw32/11.2.0/:/usr/local/Cellar/mingw-w64/9.0.0_3/toolchain-i686/lib/gcc/i686-w64-mingw32/:/usr/local/Cellar/mingw-w64/9.0.0_3/toolchain-i686/lib/gcc/i686-w64-mingw32/11.2.0/../../../../i686-w64-mingw32/bin/
LIBRARY_PATH=/usr/local/Cellar/mingw-w64/9.0.0_3/toolchain-i686/lib/gcc/i686-w64-mingw32/11.2.0/:/usr/local/Cellar/mingw-w64/9.0.0_3/toolchain-i686/lib/gcc/i686-w64-mingw32/11.2.0/../../../../i686-w64-mingw32/lib/../lib/:/usr/local/Cellar/mingw-w64/9.0.0_3/toolchain-i686/mingw/lib/../lib/:/usr/local/Cellar/mingw-w64/9.0.0_3/toolchain-i686/lib/gcc/i686-w64-mingw32/11.2.0/../../../../i686-w64-mingw32/lib/:/usr/local/Cellar/mingw-w64/9.0.0_3/toolchain-i686/mingw/lib/
COLLECT_GCC_OPTIONS='-isysroot' '/Library/Developer/CommandLineTools/SDKs/MacOSX11.3.sdk' '-v' '-o' 'CMakeFiles/cmTC_aa319.dir/CMakeCCompilerABI.c.o' '-c' '-mtune=generic' '-march=pentiumpro' '-dumpdir' 'CMakeFiles/cmTC_aa319.dir/CMakeCCompilerABI.c.'
Linking C executable cmTC_aa319
/usr/local/Cellar/cmake/3.22.2/bin/cmake -E cmake_link_script CMakeFiles/cmTC_aa319.dir/link.txt --verbose=1
/usr/local/bin/i686-w64-mingw32-gcc-11.2.0  -isysroot /Library/Developer/CommandLineTools/SDKs/MacOSX11.3.sdk -Wl,-search_paths_first -Wl,-headerpad_max_install_names  -v -Wl,-v CMakeFiles/cmTC_aa319.dir/CMakeCCompilerABI.c.o -o cmTC_aa319 
Using built-in specs.
COLLECT_GCC=/usr/local/bin/i686-w64-mingw32-gcc-11.2.0
COLLECT_LTO_WRAPPER=/usr/local/Cellar/mingw-w64/9.0.0_3/toolchain-i686/libexec/gcc/i686-w64-mingw32/11.2.0/lto-wrapper
Target: i686-w64-mingw32
Configured with: ../configure --target=i686-w64-mingw32 --with-sysroot=/usr/local/Cellar/mingw-w64/9.0.0_3/toolchain-i686 --prefix=/usr/local/Cellar/mingw-w64/9.0.0_3/toolchain-i686 --with-bugurl=https://github.com/Homebrew/homebrew-core/issues --enable-languages=c,c++,fortran --with-ld=/usr/local/Cellar/mingw-w64/9.0.0_3/toolchain-i686/bin/i686-w64-mingw32-ld --with-as=/usr/local/Cellar/mingw-w64/9.0.0_3/toolchain-i686/bin/i686-w64-mingw32-as --with-gmp=/usr/local/opt/gmp --with-mpfr=/usr/local/opt/mpfr --with-mpc=/usr/local/opt/libmpc --with-isl=/usr/local/opt/isl --with-zstd=no --disable-multilib --disable-nls --enable-threads=posix
Thread model: posix
Supported LTO compression algorithms: zlib
gcc version 11.2.0 (GCC) 
COMPILER_PATH=/usr/local/Cellar/mingw-w64/9.0.0_3/toolchain-i686/libexec/gcc/i686-w64-mingw32/11.2.0/:/usr/local/Cellar/mingw-w64/9.0.0_3/toolchain-i686/libexec/gcc/i686-w64-mingw32/11.2.0/:/usr/local/Cellar/mingw-w64/9.0.0_3/toolchain-i686/libexec/gcc/i686-w64-mingw32/:/usr/local/Cellar/mingw-w64/9.0.0_3/toolchain-i686/lib/gcc/i686-w64-mingw32/11.2.0/:/usr/local/Cellar/mingw-w64/9.0.0_3/toolchain-i686/lib/gcc/i686-w64-mingw32/:/usr/local/Cellar/mingw-w64/9.0.0_3/toolchain-i686/lib/gcc/i686-w64-mingw32/11.2.0/../../../../i686-w64-mingw32/bin/
LIBRARY_PATH=/usr/local/Cellar/mingw-w64/9.0.0_3/toolchain-i686/lib/gcc/i686-w64-mingw32/11.2.0/:/usr/local/Cellar/mingw-w64/9.0.0_3/toolchain-i686/lib/gcc/i686-w64-mingw32/11.2.0/../../../../i686-w64-mingw32/lib/../lib/:/usr/local/Cellar/mingw-w64/9.0.0_3/toolchain-i686/mingw/lib/../lib/:/usr/local/Cellar/mingw-w64/9.0.0_3/toolchain-i686/lib/gcc/i686-w64-mingw32/11.2.0/../../../../i686-w64-mingw32/lib/:/usr/local/Cellar/mingw-w64/9.0.0_3/toolchain-i686/mingw/lib/
COLLECT_GCC_OPTIONS='-isysroot' '/Library/Developer/CommandLineTools/SDKs/MacOSX11.3.sdk' '-v' '-o' 'cmTC_aa319.exe' '-mtune=generic' '-march=pentiumpro' '-dumpdir' 'cmTC_aa319.'
 /usr/local/Cellar/mingw-w64/9.0.0_3/toolchain-i686/libexec/gcc/i686-w64-mingw32/11.2.0/collect2 -plugin /usr/local/Cellar/mingw-w64/9.0.0_3/toolchain-i686/libexec/gcc/i686-w64-mingw32/11.2.0/liblto_plugin.so -plugin-opt=/usr/local/Cellar/mingw-w64/9.0.0_3/toolchain-i686/libexec/gcc/i686-w64-mingw32/11.2.0/lto-wrapper -plugin-opt=-fresolution=/var/folders/zc/lq6xhv5j67730jglj7f0m3fm0000gn/T//cczBuuB0.res -plugin-opt=-pass-through=-lmingw32 -plugin-opt=-pass-through=-lgcc -plugin-opt=-pass-through=-lgcc_eh -plugin-opt=-pass-through=-lmoldname -plugin-opt=-pass-through=-lmingwex -plugin-opt=-pass-through=-lmsvcrt -plugin-opt=-pass-through=-lkernel32 -plugin-opt=-pass-through=-lpthread -plugin-opt=-pass-through=-ladvapi32 -plugin-opt=-pass-through=-lshell32 -plugin-opt=-pass-through=-luser32 -plugin-opt=-pass-through=-lkernel32 -plugin-opt=-pass-through=-lmingw32 -plugin-opt=-pass-through=-lgcc -plugin-opt=-pass-through=-lgcc_eh -plugin-opt=-pass-through=-lmoldname -plugin-opt=-pass-through=-lmingwex -plugin-opt=-pass-through=-lmsvcrt -plugin-opt=-pass-through=-lkernel32 --sysroot=/usr/local/Cellar/mingw-w64/9.0.0_3/toolchain-i686 -m i386pe -Bdynamic -o cmTC_aa319.exe /usr/local/Cellar/mingw-w64/9.0.0_3/toolchain-i686/lib/gcc/i686-w64-mingw32/11.2.0/../../../../i686-w64-mingw32/lib/../lib/crt2.o /usr/local/Cellar/mingw-w64/9.0.0_3/toolchain-i686/lib/gcc/i686-w64-mingw32/11.2.0/crtbegin.o -L/usr/local/Cellar/mingw-w64/9.0.0_3/toolchain-i686/lib/gcc/i686-w64-mingw32/11.2.0 -L/usr/local/Cellar/mingw-w64/9.0.0_3/toolchain-i686/lib/gcc/i686-w64-mingw32/11.2.0/../../../../i686-w64-mingw32/lib/../lib -L/usr/local/Cellar/mingw-w64/9.0.0_3/toolchain-i686/mingw/lib/../lib -L/usr/local/Cellar/mingw-w64/9.0.0_3/toolchain-i686/lib/gcc/i686-w64-mingw32/11.2.0/../../../../i686-w64-mingw32/lib -L/usr/local/Cellar/mingw-w64/9.0.0_3/toolchain-i686/mingw/lib -search_paths_first -headerpad_max_install_names -v CMakeFiles/cmTC_aa319.dir/CMakeCCompilerABI.c.o -lmingw32 -lgcc -lgcc_eh -lmoldname -lmingwex -lmsvcrt -lkernel32 -lpthread -ladvapi32 -lshell32 -luser32 -lkernel32 -lmingw32 -lgcc -lgcc_eh -lmoldname -lmingwex -lmsvcrt -lkernel32 /usr/local/Cellar/mingw-w64/9.0.0_3/toolchain-i686/lib/gcc/i686-w64-mingw32/11.2.0/crtend.o
collect2 version 11.2.0
/usr/local/Cellar/mingw-w64/9.0.0_3/toolchain-i686/bin/i686-w64-mingw32-ld -plugin /usr/local/Cellar/mingw-w64/9.0.0_3/toolchain-i686/libexec/gcc/i686-w64-mingw32/11.2.0/liblto_plugin.so -plugin-opt=/usr/local/Cellar/mingw-w64/9.0.0_3/toolchain-i686/libexec/gcc/i686-w64-mingw32/11.2.0/lto-wrapper -plugin-opt=-fresolution=/var/folders/zc/lq6xhv5j67730jglj7f0m3fm0000gn/T//cczBuuB0.res -plugin-opt=-pass-through=-lmingw32 -plugin-opt=-pass-through=-lgcc -plugin-opt=-pass-through=-lgcc_eh -plugin-opt=-pass-through=-lmoldname -plugin-opt=-pass-through=-lmingwex -plugin-opt=-pass-through=-lmsvcrt -plugin-opt=-pass-through=-lkernel32 -plugin-opt=-pass-through=-lpthread -plugin-opt=-pass-through=-ladvapi32 -plugin-opt=-pass-through=-lshell32 -plugin-opt=-pass-through=-luser32 -plugin-opt=-pass-through=-lkernel32 -plugin-opt=-pass-through=-lmingw32 -plugin-opt=-pass-through=-lgcc -plugin-opt=-pass-through=-lgcc_eh -plugin-opt=-pass-through=-lmoldname -plugin-opt=-pass-through=-lmingwex -plugin-opt=-pass-through=-lmsvcrt -plugin-opt=-pass-through=-lkernel32 --sysroot=/usr/local/Cellar/mingw-w64/9.0.0_3/toolchain-i686 -m i386pe -Bdynamic -o cmTC_aa319.exe /usr/local/Cellar/mingw-w64/9.0.0_3/toolchain-i686/lib/gcc/i686-w64-mingw32/11.2.0/../../../../i686-w64-mingw32/lib/../lib/crt2.o /usr/local/Cellar/mingw-w64/9.0.0_3/toolchain-i686/lib/gcc/i686-w64-mingw32/11.2.0/crtbegin.o -L/usr/local/Cellar/mingw-w64/9.0.0_3/toolchain-i686/lib/gcc/i686-w64-mingw32/11.2.0 -L/usr/local/Cellar/mingw-w64/9.0.0_3/toolchain-i686/lib/gcc/i686-w64-mingw32/11.2.0/../../../../i686-w64-mingw32/lib/../lib -L/usr/local/Cellar/mingw-w64/9.0.0_3/toolchain-i686/mingw/lib/../lib -L/usr/local/Cellar/mingw-w64/9.0.0_3/toolchain-i686/lib/gcc/i686-w64-mingw32/11.2.0/../../../../i686-w64-mingw32/lib -L/usr/local/Cellar/mingw-w64/9.0.0_3/toolchain-i686/mingw/lib -search_paths_first -headerpad_max_install_names -v CMakeFiles/cmTC_aa319.dir/CMakeCCompilerABI.c.o -lmingw32 -lgcc -lgcc_eh -lmoldname -lmingwex -lmsvcrt -lkernel32 -lpthread -ladvapi32 -lshell32 -luser32 -lkernel32 -lmingw32 -lgcc -lgcc_eh -lmoldname -lmingwex -lmsvcrt -lkernel32 /usr/local/Cellar/mingw-w64/9.0.0_3/toolchain-i686/lib/gcc/i686-w64-mingw32/11.2.0/crtend.o
/usr/local/Cellar/mingw-w64/9.0.0_3/toolchain-i686/bin/i686-w64-mingw32-ld: Error: unable to disambiguate: -search_paths_first (did you mean --search_paths_first ?)
collect2: error: ld returned 1 exit status
make[1]: *** [cmTC_aa319] Error 1
make: *** [cmTC_aa319/fast] Error 2




Determining if the C compiler works failed with the following output:
Change Dir: /Users/Chris/Desktop/Study2022/Earino 2022/C++/1hSeira/build/CMakeFiles/CMakeTmp

Run Build Command(s):/usr/bin/make -f Makefile cmTC_62a03/fast && /Library/Developer/CommandLineTools/usr/bin/make  -f CMakeFiles/cmTC_62a03.dir/build.make CMakeFiles/cmTC_62a03.dir/build
Building C object CMakeFiles/cmTC_62a03.dir/testCCompiler.c.o
/usr/local/bin/i686-w64-mingw32-gcc-11.2.0   -isysroot /Library/Developer/CommandLineTools/SDKs/MacOSX11.3.sdk -o CMakeFiles/cmTC_62a03.dir/testCCompiler.c.o -c "/Users/Chris/Desktop/Study2022/Earino 2022/C++/1hSeira/build/CMakeFiles/CMakeTmp/testCCompiler.c"
Linking C executable cmTC_62a03
/usr/local/Cellar/cmake/3.22.2/bin/cmake -E cmake_link_script CMakeFiles/cmTC_62a03.dir/link.txt --verbose=1
/usr/local/bin/i686-w64-mingw32-gcc-11.2.0  -isysroot /Library/Developer/CommandLineTools/SDKs/MacOSX11.3.sdk -Wl,-search_paths_first -Wl,-headerpad_max_install_names CMakeFiles/cmTC_62a03.dir/testCCompiler.c.o -o cmTC_62a03 
/usr/local/Cellar/mingw-w64/9.0.0_3/toolchain-i686/bin/i686-w64-mingw32-ld: Error: unable to disambiguate: -search_paths_first (did you mean --search_paths_first ?)
collect2: error: ld returned 1 exit status
make[1]: *** [cmTC_62a03] Error 1
make: *** [cmTC_62a03/fast] Error 2



